#
# There is insufficient memory for the Java Runtime Environment to continue.
# Native memory allocation (malloc) failed to allocate 1101936 bytes for Chunk::new
# Possible reasons:
#   The system is out of physical RAM or swap space
#   The process is running with CompressedOops enabled, and the Java Heap may be blocking the growth of the native heap
# Possible solutions:
#   Reduce memory load on the system
#   Increase physical memory or swap space
#   Check if swap backing store is full
#   Decrease Java heap size (-Xmx/-Xms)
#   Decrease number of Java threads
#   Decrease Java thread stack sizes (-Xss)
#   Set larger code cache with -XX:ReservedCodeCacheSize=
#   JVM is running with Unscaled Compressed Oops mode in which the Java heap is
#     placed in the first 4GB address space. The Java Heap base address is the
#     maximum limit for the native heap growth. Please use -XX:HeapBaseMinAddress
#     to set the Java Heap base and to place the Java Heap above 4GB virtual address.
# This output file may be truncated or incomplete.
#
#  Out of Memory Error (arena.cpp:191), pid=1468, tid=20708
#
# JRE version: OpenJDK Runtime Environment Corretto-17.0.9.8.1 (17.0.9+8) (build 17.0.9+8-LTS)
# Java VM: OpenJDK 64-Bit Server VM Corretto-17.0.9.8.1 (17.0.9+8-LTS, mixed mode, sharing, tiered, compressed oops, compressed class ptrs, g1 gc, windows-amd64)
# No core dump will be written. Minidumps are not enabled by default on client versions of Windows
#

---------------  S U M M A R Y ------------

Command Line: --add-opens=java.base/java.util=ALL-UNNAMED --add-opens=java.base/java.lang=ALL-UNNAMED --add-opens=java.base/java.lang.invoke=ALL-UNNAMED --add-opens=java.prefs/java.util.prefs=ALL-UNNAMED --add-opens=java.base/java.nio.charset=ALL-UNNAMED --add-opens=java.base/java.net=ALL-UNNAMED --add-opens=java.base/java.util.concurrent.atomic=ALL-UNNAMED -XX:MaxMetaspaceSize=384m -XX:+HeapDumpOnOutOfMemoryError -Xms256m -Xmx512m -Dfile.encoding=x-windows-949 -Duser.country=KR -Duser.language=ko -Duser.variant -javaagent:C:\Users\teady\.gradle\wrapper\dists\gradle-8.5-bin\5t9huq95ubn472n8rpzujfbqh\gradle-8.5\lib\agents\gradle-instrumentation-agent-8.5.jar org.gradle.launcher.daemon.bootstrap.GradleDaemon 8.5

Host: Intel(R) Core(TM) i3-8130U CPU @ 2.20GHz, 4 cores, 3G,  Windows 11 , 64 bit Build 22621 (10.0.22621.2506)
Time: Sat Jan 20 19:34:52 2024  Windows 11 , 64 bit Build 22621 (10.0.22621.2506) elapsed time: 73.093748 seconds (0d 0h 1m 13s)

---------------  T H R E A D  ---------------

Current thread (0x000001e97b724330):  JavaThread "C2 CompilerThread0" daemon [_thread_in_native, id=20708, stack(0x0000006ee3100000,0x0000006ee3200000)]


Current CompileTask:
C2:  73094 5643       4       java.beans.Introspector::addMethod (196 bytes)

Stack: [0x0000006ee3100000,0x0000006ee3200000]
Native frames: (J=compiled Java code, j=interpreted, Vv=VM code, C=native code)
V  [jvm.dll+0x67cb49]
V  [jvm.dll+0x8344da]
V  [jvm.dll+0x835f9e]
V  [jvm.dll+0x836603]
V  [jvm.dll+0x247b5f]
V  [jvm.dll+0xac43c]
V  [jvm.dll+0xaca8c]
V  [jvm.dll+0x2af07f]
V  [jvm.dll+0x585037]
V  [jvm.dll+0x222bb2]
V  [jvm.dll+0x222f9f]
V  [jvm.dll+0x21c0c6]
V  [jvm.dll+0x219511]
V  [jvm.dll+0x1a56cd]
V  [jvm.dll+0x2293ee]
V  [jvm.dll+0x2275bc]
V  [jvm.dll+0x7e95a7]
V  [jvm.dll+0x7e396a]
V  [jvm.dll+0x67ba35]
C  [ucrtbase.dll+0x29363]
C  [KERNEL32.DLL+0x1257d]
C  [ntdll.dll+0x5aa58]


---------------  P R O C E S S  ---------------

Threads class SMR info:
_java_thread_list=0x000001e929e88720, length=44, elements={
0x000001e97042bce0, 0x000001e97b6ff0a0, 0x000001e97b6fff20, 0x000001e97b719bf0,
0x000001e97b71b6d0, 0x000001e97b71e840, 0x000001e97b71f9a0, 0x000001e97b724330,
0x000001e97b725580, 0x000001e97b76da90, 0x000001e9281605a0, 0x000001e92820d010,
0x000001e928c9bcd0, 0x000001e9296d5520, 0x000001e9298343b0, 0x000001e92815aea0,
0x000001e929bb44b0, 0x000001e929c50320, 0x000001e929c4f900, 0x000001e929c4fe10,
0x000001e929c4f3f0, 0x000001e929c4eee0, 0x000001e929c50d40, 0x000001e929c51250,
0x000001e929c51760, 0x000001e929c4dfb0, 0x000001e929c4e4c0, 0x000001e929c50830,
0x000001e9293fd670, 0x000001e9293f8a80, 0x000001e9293fdb80, 0x000001e9293fbd20,
0x000001e9293fe090, 0x000001e9293fe5a0, 0x000001e9293ff4d0, 0x000001e9293fc230,
0x000001e9293fa3d0, 0x000001e9293fcc50, 0x000001e9293f8f90, 0x000001e9293fd160,
0x000001e9293f8060, 0x000001e9293f8570, 0x000001e9293fefc0, 0x000001e9293ff9e0
}

Java Threads: ( => current thread )
  0x000001e97042bce0 JavaThread "main" [_thread_blocked, id=22704, stack(0x0000006ee2400000,0x0000006ee2500000)]
  0x000001e97b6ff0a0 JavaThread "Reference Handler" daemon [_thread_blocked, id=18268, stack(0x0000006ee2b00000,0x0000006ee2c00000)]
  0x000001e97b6fff20 JavaThread "Finalizer" daemon [_thread_blocked, id=19052, stack(0x0000006ee2c00000,0x0000006ee2d00000)]
  0x000001e97b719bf0 JavaThread "Signal Dispatcher" daemon [_thread_blocked, id=7492, stack(0x0000006ee2d00000,0x0000006ee2e00000)]
  0x000001e97b71b6d0 JavaThread "Attach Listener" daemon [_thread_blocked, id=13716, stack(0x0000006ee2e00000,0x0000006ee2f00000)]
  0x000001e97b71e840 JavaThread "Service Thread" daemon [_thread_blocked, id=25000, stack(0x0000006ee2f00000,0x0000006ee3000000)]
  0x000001e97b71f9a0 JavaThread "Monitor Deflation Thread" daemon [_thread_blocked, id=1616, stack(0x0000006ee3000000,0x0000006ee3100000)]
=>0x000001e97b724330 JavaThread "C2 CompilerThread0" daemon [_thread_in_native, id=20708, stack(0x0000006ee3100000,0x0000006ee3200000)]
  0x000001e97b725580 JavaThread "C1 CompilerThread0" daemon [_thread_blocked, id=24840, stack(0x0000006ee3200000,0x0000006ee3300000)]
  0x000001e97b76da90 JavaThread "Sweeper thread" daemon [_thread_blocked, id=12656, stack(0x0000006ee3300000,0x0000006ee3400000)]
  0x000001e9281605a0 JavaThread "Common-Cleaner" daemon [_thread_blocked, id=3640, stack(0x0000006ee3400000,0x0000006ee3500000)]
  0x000001e92820d010 JavaThread "Notification Thread" daemon [_thread_blocked, id=23420, stack(0x0000006ee3500000,0x0000006ee3600000)]
  0x000001e928c9bcd0 JavaThread "Daemon health stats" [_thread_blocked, id=17148, stack(0x0000006ee3a00000,0x0000006ee3b00000)]
  0x000001e9296d5520 JavaThread "Incoming local TCP Connector on port 59682" [_thread_in_native, id=15636, stack(0x0000006ee3b00000,0x0000006ee3c00000)]
  0x000001e9298343b0 JavaThread "Daemon periodic checks" [_thread_blocked, id=4000, stack(0x0000006ee3c00000,0x0000006ee3d00000)]
  0x000001e92815aea0 JavaThread "Daemon" [_thread_blocked, id=9080, stack(0x0000006ee3d00000,0x0000006ee3e00000)]
  0x000001e929bb44b0 JavaThread "Handler for socket connection from /127.0.0.1:59682 to /127.0.0.1:59686" [_thread_in_native, id=11644, stack(0x0000006ee3e00000,0x0000006ee3f00000)]
  0x000001e929c50320 JavaThread "Cancel handler" [_thread_blocked, id=11404, stack(0x0000006ee3f00000,0x0000006ee4000000)]
  0x000001e929c4f900 JavaThread "Daemon worker" [_thread_in_vm, id=12152, stack(0x0000006ee4000000,0x0000006ee4100000)]
  0x000001e929c4fe10 JavaThread "Asynchronous log dispatcher for DefaultDaemonConnection: socket connection from /127.0.0.1:59682 to /127.0.0.1:59686" [_thread_blocked, id=15692, stack(0x0000006ee4100000,0x0000006ee4200000)]
  0x000001e929c4f3f0 JavaThread "Stdin handler" [_thread_blocked, id=19668, stack(0x0000006ee4200000,0x0000006ee4300000)]
  0x000001e929c4eee0 JavaThread "Daemon client event forwarder" [_thread_blocked, id=22376, stack(0x0000006ee4300000,0x0000006ee4400000)]
  0x000001e929c50d40 JavaThread "Cache worker for journal cache (C:\Users\teady\.gradle\caches\journal-1)" [_thread_blocked, id=11612, stack(0x0000006ee4400000,0x0000006ee4500000)]
  0x000001e929c51250 JavaThread "File lock request listener" [_thread_in_native, id=14012, stack(0x0000006ee4500000,0x0000006ee4600000)]
  0x000001e929c51760 JavaThread "File lock release action executor" [_thread_blocked, id=9724, stack(0x0000006ee4600000,0x0000006ee4700000)]
  0x000001e929c4dfb0 JavaThread "Cache worker for file hash cache (C:\Users\teady\.gradle\caches\8.5\fileHashes)" [_thread_blocked, id=13396, stack(0x0000006ee4700000,0x0000006ee4800000)]
  0x000001e929c4e4c0 JavaThread "File watcher server" daemon [_thread_in_native, id=9152, stack(0x0000006ee2100000,0x0000006ee2200000)]
  0x000001e929c50830 JavaThread "File watcher consumer" daemon [_thread_blocked, id=27788, stack(0x0000006ee4800000,0x0000006ee4900000)]
  0x000001e9293fd670 JavaThread "Cache worker for checksums cache (C:\TeamSpace\onedayseed_gradle\.gradle\8.5\checksums)" [_thread_blocked, id=20320, stack(0x0000006ee4900000,0x0000006ee4a00000)]
  0x000001e9293f8a80 JavaThread "Cache worker for file hash cache (C:\TeamSpace\onedayseed_gradle\.gradle\8.5\fileHashes)" [_thread_blocked, id=28508, stack(0x0000006ee4a00000,0x0000006ee4b00000)]
  0x000001e9293fdb80 JavaThread "Cache worker for cache directory md-supplier (C:\Users\teady\.gradle\caches\8.5\md-supplier)" [_thread_blocked, id=24864, stack(0x0000006ee4b00000,0x0000006ee4c00000)]
  0x000001e9293fbd20 JavaThread "Cache worker for cache directory md-rule (C:\Users\teady\.gradle\caches\8.5\md-rule)" [_thread_blocked, id=1836, stack(0x0000006ee4c00000,0x0000006ee4d00000)]
  0x000001e9293fe090 JavaThread "Cache worker for file content cache (C:\Users\teady\.gradle\caches\8.5\fileContent)" [_thread_blocked, id=21892, stack(0x0000006ee4d00000,0x0000006ee4e00000)]
  0x000001e9293fe5a0 JavaThread "Cache worker for execution history cache (C:\Users\teady\.gradle\caches\8.5\executionHistory)" [_thread_blocked, id=7660, stack(0x0000006ee4e00000,0x0000006ee4f00000)]
  0x000001e9293ff4d0 JavaThread "jar transforms" [_thread_blocked, id=23132, stack(0x0000006ee4f00000,0x0000006ee5000000)]
  0x000001e9293fc230 JavaThread "jar transforms Thread 2" [_thread_blocked, id=14388, stack(0x0000006ee5000000,0x0000006ee5100000)]
  0x000001e9293fa3d0 JavaThread "jar transforms Thread 3" [_thread_blocked, id=23004, stack(0x0000006ee5100000,0x0000006ee5200000)]
  0x000001e9293fcc50 JavaThread "jar transforms Thread 4" [_thread_blocked, id=15996, stack(0x0000006ee5200000,0x0000006ee5300000)]
  0x000001e9293f8f90 JavaThread "Cache worker for dependencies-accessors (C:\TeamSpace\onedayseed_gradle\.gradle\8.5\dependencies-accessors)" [_thread_blocked, id=26924, stack(0x0000006ee5500000,0x0000006ee5600000)]
  0x000001e9293fd160 JavaThread "Cache worker for Build Output Cleanup Cache (C:\TeamSpace\onedayseed_gradle\.gradle\buildOutputCleanup)" [_thread_blocked, id=9460, stack(0x0000006ee5700000,0x0000006ee5800000)]
  0x000001e9293f8060 JavaThread "Unconstrained build operations" [_thread_blocked, id=14984, stack(0x0000006ee2200000,0x0000006ee2300000)]
  0x000001e9293f8570 JavaThread "Unconstrained build operations Thread 2" [_thread_blocked, id=9024, stack(0x0000006ee2300000,0x0000006ee2400000)]
  0x000001e9293fefc0 JavaThread "Unconstrained build operations Thread 3" [_thread_blocked, id=21388, stack(0x0000006ee5800000,0x0000006ee5900000)]
  0x000001e9293ff9e0 JavaThread "Memory manager" [_thread_blocked, id=28636, stack(0x0000006ee5900000,0x0000006ee5a00000)]

Other Threads:
  0x000001e97b6f7d30 VMThread "VM Thread" [stack: 0x0000006ee2a00000,0x0000006ee2b00000] [id=9220]
  0x000001e97042cb60 WatcherThread [stack: 0x0000006ee3600000,0x0000006ee3700000] [id=17224]
  0x000001e970459890 GCTaskThread "GC Thread#0" [stack: 0x0000006ee2500000,0x0000006ee2600000] [id=18972]
  0x000001e9282b6e30 GCTaskThread "GC Thread#1" [stack: 0x0000006ee3700000,0x0000006ee3800000] [id=14920]
  0x000001e928462240 GCTaskThread "GC Thread#2" [stack: 0x0000006ee3800000,0x0000006ee3900000] [id=16588]
  0x000001e928462500 GCTaskThread "GC Thread#3" [stack: 0x0000006ee3900000,0x0000006ee3a00000] [id=27896]
  0x000001e9704607f0 ConcurrentGCThread "G1 Main Marker" [stack: 0x0000006ee2600000,0x0000006ee2700000] [id=5888]
  0x000001e970461210 ConcurrentGCThread "G1 Conc#0" [stack: 0x0000006ee2700000,0x0000006ee2800000] [id=28472]
  0x000001e9704de5f0 ConcurrentGCThread "G1 Refine#0" [stack: 0x0000006ee2800000,0x0000006ee2900000] [id=10316]
  0x000001e92ab29800 ConcurrentGCThread "G1 Refine#1" [stack: 0x0000006ee5600000,0x0000006ee5700000] [id=21060]
  0x000001e97b5bc270 ConcurrentGCThread "G1 Service" [stack: 0x0000006ee2900000,0x0000006ee2a00000] [id=28064]

Threads with active compile tasks:
C2 CompilerThread0    73202 5643       4       java.beans.Introspector::addMethod (196 bytes)

VM state: not at safepoint (normal execution)

VM Mutex/Monitor currently owned by a thread: None

Heap address: 0x00000000e0000000, size: 512 MB, Compressed Oops mode: 32-bit

CDS archive(s) mapped at: [0x000001e90f000000-0x000001e90fba0000-0x000001e90fba0000), size 12189696, SharedBaseAddress: 0x000001e90f000000, ArchiveRelocationMode: 1.
Compressed class space mapped at: 0x000001e910000000-0x000001e924000000, reserved size: 335544320
Narrow klass base: 0x000001e90f000000, Narrow klass shift: 0, Narrow klass range: 0x100000000

GC Precious Log:
 CPUs: 4 total, 4 available
 Memory: 3929M
 Large Page Support: Disabled
 NUMA Support: Disabled
 Compressed Oops: Enabled (32-bit)
 Heap Region Size: 1M
 Heap Min Capacity: 256M
 Heap Initial Capacity: 256M
 Heap Max Capacity: 512M
 Pre-touch: Disabled
 Parallel Workers: 4
 Concurrent Workers: 1
 Concurrent Refinement Workers: 4
 Periodic GC: Disabled

Heap:
 garbage-first heap   total 262144K, used 173220K [0x00000000e0000000, 0x0000000100000000)
  region size 1024K, 139 young (142336K), 1 survivors (1024K)
 Metaspace       used 46646K, committed 47104K, reserved 393216K
  class space    used 6608K, committed 6848K, reserved 327680K

Heap Regions: E=young(eden), S=young(survivor), O=old, HS=humongous(starts), HC=humongous(continues), CS=collection set, F=free, OA=open archive, CA=closed archive, TAMS=top-at-mark-start (previous, next)
|   0|0x00000000e0000000, 0x00000000e0100000, 0x00000000e0100000|100%| O|  |TAMS 0x00000000e0100000, 0x00000000e0000000| Untracked 
|   1|0x00000000e0100000, 0x00000000e0200000, 0x00000000e0200000|100%| O|  |TAMS 0x00000000e0200000, 0x00000000e0100000| Untracked 
|   2|0x00000000e0200000, 0x00000000e0300000, 0x00000000e0300000|100%|HS|  |TAMS 0x00000000e0300000, 0x00000000e0200000| Complete 
|   3|0x00000000e0300000, 0x00000000e0400000, 0x00000000e0400000|100%|HC|  |TAMS 0x00000000e0400000, 0x00000000e0300000| Complete 
|   4|0x00000000e0400000, 0x00000000e0500000, 0x00000000e0500000|100%|HC|  |TAMS 0x00000000e0500000, 0x00000000e0400000| Complete 
|   5|0x00000000e0500000, 0x00000000e0600000, 0x00000000e0600000|100%|HC|  |TAMS 0x00000000e0600000, 0x00000000e0500000| Complete 
|   6|0x00000000e0600000, 0x00000000e0700000, 0x00000000e0700000|100%| O|  |TAMS 0x00000000e0700000, 0x00000000e0600000| Untracked 
|   7|0x00000000e0700000, 0x00000000e0800000, 0x00000000e0800000|100%| O|  |TAMS 0x00000000e0800000, 0x00000000e0700000| Untracked 
|   8|0x00000000e0800000, 0x00000000e0900000, 0x00000000e0900000|100%|HS|  |TAMS 0x00000000e0800000, 0x00000000e0800000| Complete 
|   9|0x00000000e0900000, 0x00000000e0a00000, 0x00000000e0a00000|100%| O|  |TAMS 0x00000000e0a00000, 0x00000000e0900000| Untracked 
|  10|0x00000000e0a00000, 0x00000000e0b00000, 0x00000000e0b00000|100%| O|  |TAMS 0x00000000e0b00000, 0x00000000e0a00000| Untracked 
|  11|0x00000000e0b00000, 0x00000000e0c00000, 0x00000000e0c00000|100%| O|  |TAMS 0x00000000e0c00000, 0x00000000e0b00000| Untracked 
|  12|0x00000000e0c00000, 0x00000000e0d00000, 0x00000000e0d00000|100%| O|  |TAMS 0x00000000e0d00000, 0x00000000e0c00000| Untracked 
|  13|0x00000000e0d00000, 0x00000000e0e00000, 0x00000000e0e00000|100%| O|  |TAMS 0x00000000e0e00000, 0x00000000e0d00000| Untracked 
|  14|0x00000000e0e00000, 0x00000000e0f00000, 0x00000000e0f00000|100%| O|  |TAMS 0x00000000e0f00000, 0x00000000e0e00000| Untracked 
|  15|0x00000000e0f00000, 0x00000000e1000000, 0x00000000e1000000|100%| O|  |TAMS 0x00000000e1000000, 0x00000000e0f00000| Untracked 
|  16|0x00000000e1000000, 0x00000000e1100000, 0x00000000e1100000|100%| O|  |TAMS 0x00000000e1100000, 0x00000000e1000000| Untracked 
|  17|0x00000000e1100000, 0x00000000e1200000, 0x00000000e1200000|100%| O|  |TAMS 0x00000000e1200000, 0x00000000e1100000| Complete 
|  18|0x00000000e1200000, 0x00000000e1300000, 0x00000000e1300000|100%| O|  |TAMS 0x00000000e1300000, 0x00000000e1200000| Untracked 
|  19|0x00000000e1300000, 0x00000000e1400000, 0x00000000e1400000|100%| O|  |TAMS 0x00000000e1400000, 0x00000000e1300000| Untracked 
|  20|0x00000000e1400000, 0x00000000e1500000, 0x00000000e1500000|100%| O|  |TAMS 0x00000000e1500000, 0x00000000e1400000| Untracked 
|  21|0x00000000e1500000, 0x00000000e1600000, 0x00000000e1600000|100%| O|  |TAMS 0x00000000e1600000, 0x00000000e1500000| Untracked 
|  22|0x00000000e1600000, 0x00000000e1700000, 0x00000000e1700000|100%| O|  |TAMS 0x00000000e1700000, 0x00000000e1600000| Untracked 
|  23|0x00000000e1700000, 0x00000000e1800000, 0x00000000e1800000|100%| O|  |TAMS 0x00000000e1800000, 0x00000000e1700000| Untracked 
|  24|0x00000000e1800000, 0x00000000e1900000, 0x00000000e1900000|100%| O|  |TAMS 0x00000000e1900000, 0x00000000e1800000| Untracked 
|  25|0x00000000e1900000, 0x00000000e1a00000, 0x00000000e1a00000|100%| O|  |TAMS 0x00000000e1a00000, 0x00000000e1900000| Untracked 
|  26|0x00000000e1a00000, 0x00000000e1b00000, 0x00000000e1b00000|100%| O|  |TAMS 0x00000000e1b00000, 0x00000000e1a00000| Untracked 
|  27|0x00000000e1b00000, 0x00000000e1c00000, 0x00000000e1c00000|100%| O|  |TAMS 0x00000000e1c00000, 0x00000000e1b00000| Untracked 
|  28|0x00000000e1c00000, 0x00000000e1d00000, 0x00000000e1d00000|100%| O|  |TAMS 0x00000000e1d00000, 0x00000000e1c00000| Untracked 
|  29|0x00000000e1d00000, 0x00000000e1e00000, 0x00000000e1e00000|100%| O|  |TAMS 0x00000000e1e00000, 0x00000000e1d00000| Untracked 
|  30|0x00000000e1e00000, 0x00000000e1f00000, 0x00000000e1f00000|100%| O|  |TAMS 0x00000000e1f00000, 0x00000000e1e00000| Untracked 
|  31|0x00000000e1f00000, 0x00000000e1fd8a00, 0x00000000e2000000| 84%| O|  |TAMS 0x00000000e1fd8a00, 0x00000000e1f00000| Untracked 
|  32|0x00000000e2000000, 0x00000000e2100000, 0x00000000e2100000|100%|HS|  |TAMS 0x00000000e2000000, 0x00000000e2000000| Complete 
|  33|0x00000000e2100000, 0x00000000e2100000, 0x00000000e2200000|  0%| F|  |TAMS 0x00000000e2100000, 0x00000000e2100000| Untracked 
|  34|0x00000000e2200000, 0x00000000e2200000, 0x00000000e2300000|  0%| F|  |TAMS 0x00000000e2200000, 0x00000000e2200000| Untracked 
|  35|0x00000000e2300000, 0x00000000e2300000, 0x00000000e2400000|  0%| F|  |TAMS 0x00000000e2300000, 0x00000000e2300000| Untracked 
|  36|0x00000000e2400000, 0x00000000e2400000, 0x00000000e2500000|  0%| F|  |TAMS 0x00000000e2400000, 0x00000000e2400000| Untracked 
|  37|0x00000000e2500000, 0x00000000e2500000, 0x00000000e2600000|  0%| F|  |TAMS 0x00000000e2500000, 0x00000000e2500000| Untracked 
|  38|0x00000000e2600000, 0x00000000e2600000, 0x00000000e2700000|  0%| F|  |TAMS 0x00000000e2600000, 0x00000000e2600000| Untracked 
|  39|0x00000000e2700000, 0x00000000e2700000, 0x00000000e2800000|  0%| F|  |TAMS 0x00000000e2700000, 0x00000000e2700000| Untracked 
|  40|0x00000000e2800000, 0x00000000e2800000, 0x00000000e2900000|  0%| F|  |TAMS 0x00000000e2800000, 0x00000000e2800000| Untracked 
|  41|0x00000000e2900000, 0x00000000e2900000, 0x00000000e2a00000|  0%| F|  |TAMS 0x00000000e2900000, 0x00000000e2900000| Untracked 
|  42|0x00000000e2a00000, 0x00000000e2a00000, 0x00000000e2b00000|  0%| F|  |TAMS 0x00000000e2a00000, 0x00000000e2a00000| Untracked 
|  43|0x00000000e2b00000, 0x00000000e2b00000, 0x00000000e2c00000|  0%| F|  |TAMS 0x00000000e2b00000, 0x00000000e2b00000| Untracked 
|  44|0x00000000e2c00000, 0x00000000e2c00000, 0x00000000e2d00000|  0%| F|  |TAMS 0x00000000e2c00000, 0x00000000e2c00000| Untracked 
|  45|0x00000000e2d00000, 0x00000000e2d00000, 0x00000000e2e00000|  0%| F|  |TAMS 0x00000000e2d00000, 0x00000000e2d00000| Untracked 
|  46|0x00000000e2e00000, 0x00000000e2e00000, 0x00000000e2f00000|  0%| F|  |TAMS 0x00000000e2e00000, 0x00000000e2e00000| Untracked 
|  47|0x00000000e2f00000, 0x00000000e2f00000, 0x00000000e3000000|  0%| F|  |TAMS 0x00000000e2f00000, 0x00000000e2f00000| Untracked 
|  48|0x00000000e3000000, 0x00000000e3000000, 0x00000000e3100000|  0%| F|  |TAMS 0x00000000e3000000, 0x00000000e3000000| Untracked 
|  49|0x00000000e3100000, 0x00000000e3100000, 0x00000000e3200000|  0%| F|  |TAMS 0x00000000e3100000, 0x00000000e3100000| Untracked 
|  50|0x00000000e3200000, 0x00000000e3200000, 0x00000000e3300000|  0%| F|  |TAMS 0x00000000e3200000, 0x00000000e3200000| Untracked 
|  51|0x00000000e3300000, 0x00000000e3300000, 0x00000000e3400000|  0%| F|  |TAMS 0x00000000e3300000, 0x00000000e3300000| Untracked 
|  52|0x00000000e3400000, 0x00000000e3400000, 0x00000000e3500000|  0%| F|  |TAMS 0x00000000e3400000, 0x00000000e3400000| Untracked 
|  53|0x00000000e3500000, 0x00000000e3500000, 0x00000000e3600000|  0%| F|  |TAMS 0x00000000e3500000, 0x00000000e3500000| Untracked 
|  54|0x00000000e3600000, 0x00000000e3600000, 0x00000000e3700000|  0%| F|  |TAMS 0x00000000e3600000, 0x00000000e3600000| Untracked 
|  55|0x00000000e3700000, 0x00000000e3700000, 0x00000000e3800000|  0%| F|  |TAMS 0x00000000e3700000, 0x00000000e3700000| Untracked 
|  56|0x00000000e3800000, 0x00000000e3800000, 0x00000000e3900000|  0%| F|  |TAMS 0x00000000e3800000, 0x00000000e3800000| Untracked 
|  57|0x00000000e3900000, 0x00000000e3900000, 0x00000000e3a00000|  0%| F|  |TAMS 0x00000000e3900000, 0x00000000e3900000| Untracked 
|  58|0x00000000e3a00000, 0x00000000e3a00000, 0x00000000e3b00000|  0%| F|  |TAMS 0x00000000e3a00000, 0x00000000e3a00000| Untracked 
|  59|0x00000000e3b00000, 0x00000000e3b00000, 0x00000000e3c00000|  0%| F|  |TAMS 0x00000000e3b00000, 0x00000000e3b00000| Untracked 
|  60|0x00000000e3c00000, 0x00000000e3c00000, 0x00000000e3d00000|  0%| F|  |TAMS 0x00000000e3c00000, 0x00000000e3c00000| Untracked 
|  61|0x00000000e3d00000, 0x00000000e3d00000, 0x00000000e3e00000|  0%| F|  |TAMS 0x00000000e3d00000, 0x00000000e3d00000| Untracked 
|  62|0x00000000e3e00000, 0x00000000e3e00000, 0x00000000e3f00000|  0%| F|  |TAMS 0x00000000e3e00000, 0x00000000e3e00000| Untracked 
|  63|0x00000000e3f00000, 0x00000000e3f00000, 0x00000000e4000000|  0%| F|  |TAMS 0x00000000e3f00000, 0x00000000e3f00000| Untracked 
|  64|0x00000000e4000000, 0x00000000e4000000, 0x00000000e4100000|  0%| F|  |TAMS 0x00000000e4000000, 0x00000000e4000000| Untracked 
|  65|0x00000000e4100000, 0x00000000e4100000, 0x00000000e4200000|  0%| F|  |TAMS 0x00000000e4100000, 0x00000000e4100000| Untracked 
|  66|0x00000000e4200000, 0x00000000e4200000, 0x00000000e4300000|  0%| F|  |TAMS 0x00000000e4200000, 0x00000000e4200000| Untracked 
|  67|0x00000000e4300000, 0x00000000e4300000, 0x00000000e4400000|  0%| F|  |TAMS 0x00000000e4300000, 0x00000000e4300000| Untracked 
|  68|0x00000000e4400000, 0x00000000e4400000, 0x00000000e4500000|  0%| F|  |TAMS 0x00000000e4400000, 0x00000000e4400000| Untracked 
|  69|0x00000000e4500000, 0x00000000e4500000, 0x00000000e4600000|  0%| F|  |TAMS 0x00000000e4500000, 0x00000000e4500000| Untracked 
|  70|0x00000000e4600000, 0x00000000e4600000, 0x00000000e4700000|  0%| F|  |TAMS 0x00000000e4600000, 0x00000000e4600000| Untracked 
|  71|0x00000000e4700000, 0x00000000e4700000, 0x00000000e4800000|  0%| F|  |TAMS 0x00000000e4700000, 0x00000000e4700000| Untracked 
|  72|0x00000000e4800000, 0x00000000e4800000, 0x00000000e4900000|  0%| F|  |TAMS 0x00000000e4800000, 0x00000000e4800000| Untracked 
|  73|0x00000000e4900000, 0x00000000e4900000, 0x00000000e4a00000|  0%| F|  |TAMS 0x00000000e4900000, 0x00000000e4900000| Untracked 
|  74|0x00000000e4a00000, 0x00000000e4a00000, 0x00000000e4b00000|  0%| F|  |TAMS 0x00000000e4a00000, 0x00000000e4a00000| Untracked 
|  75|0x00000000e4b00000, 0x00000000e4b00000, 0x00000000e4c00000|  0%| F|  |TAMS 0x00000000e4b00000, 0x00000000e4b00000| Untracked 
|  76|0x00000000e4c00000, 0x00000000e4c00000, 0x00000000e4d00000|  0%| F|  |TAMS 0x00000000e4c00000, 0x00000000e4c00000| Untracked 
|  77|0x00000000e4d00000, 0x00000000e4d00000, 0x00000000e4e00000|  0%| F|  |TAMS 0x00000000e4d00000, 0x00000000e4d00000| Untracked 
|  78|0x00000000e4e00000, 0x00000000e4e00000, 0x00000000e4f00000|  0%| F|  |TAMS 0x00000000e4e00000, 0x00000000e4e00000| Untracked 
|  79|0x00000000e4f00000, 0x00000000e4f00000, 0x00000000e5000000|  0%| F|  |TAMS 0x00000000e4f00000, 0x00000000e4f00000| Untracked 
|  80|0x00000000e5000000, 0x00000000e5000000, 0x00000000e5100000|  0%| F|  |TAMS 0x00000000e5000000, 0x00000000e5000000| Untracked 
|  81|0x00000000e5100000, 0x00000000e5100000, 0x00000000e5200000|  0%| F|  |TAMS 0x00000000e5100000, 0x00000000e5100000| Untracked 
|  82|0x00000000e5200000, 0x00000000e5200000, 0x00000000e5300000|  0%| F|  |TAMS 0x00000000e5200000, 0x00000000e5200000| Untracked 
|  83|0x00000000e5300000, 0x00000000e5300000, 0x00000000e5400000|  0%| F|  |TAMS 0x00000000e5300000, 0x00000000e5300000| Untracked 
|  84|0x00000000e5400000, 0x00000000e5400000, 0x00000000e5500000|  0%| F|  |TAMS 0x00000000e5400000, 0x00000000e5400000| Untracked 
|  85|0x00000000e5500000, 0x00000000e5500000, 0x00000000e5600000|  0%| F|  |TAMS 0x00000000e5500000, 0x00000000e5500000| Untracked 
|  86|0x00000000e5600000, 0x00000000e5600000, 0x00000000e5700000|  0%| F|  |TAMS 0x00000000e5600000, 0x00000000e5600000| Untracked 
|  87|0x00000000e5700000, 0x00000000e5700000, 0x00000000e5800000|  0%| F|  |TAMS 0x00000000e5700000, 0x00000000e5700000| Untracked 
|  88|0x00000000e5800000, 0x00000000e5800000, 0x00000000e5900000|  0%| F|  |TAMS 0x00000000e5800000, 0x00000000e5800000| Untracked 
|  89|0x00000000e5900000, 0x00000000e5900000, 0x00000000e5a00000|  0%| F|  |TAMS 0x00000000e5900000, 0x00000000e5900000| Untracked 
|  90|0x00000000e5a00000, 0x00000000e5a00000, 0x00000000e5b00000|  0%| F|  |TAMS 0x00000000e5a00000, 0x00000000e5a00000| Untracked 
|  91|0x00000000e5b00000, 0x00000000e5b00000, 0x00000000e5c00000|  0%| F|  |TAMS 0x00000000e5b00000, 0x00000000e5b00000| Untracked 
|  92|0x00000000e5c00000, 0x00000000e5c00000, 0x00000000e5d00000|  0%| F|  |TAMS 0x00000000e5c00000, 0x00000000e5c00000| Untracked 
|  93|0x00000000e5d00000, 0x00000000e5d00000, 0x00000000e5e00000|  0%| F|  |TAMS 0x00000000e5d00000, 0x00000000e5d00000| Untracked 
|  94|0x00000000e5e00000, 0x00000000e5e00000, 0x00000000e5f00000|  0%| F|  |TAMS 0x00000000e5e00000, 0x00000000e5e00000| Untracked 
|  95|0x00000000e5f00000, 0x00000000e5f00000, 0x00000000e6000000|  0%| F|  |TAMS 0x00000000e5f00000, 0x00000000e5f00000| Untracked 
|  96|0x00000000e6000000, 0x00000000e6000000, 0x00000000e6100000|  0%| F|  |TAMS 0x00000000e6000000, 0x00000000e6000000| Untracked 
|  97|0x00000000e6100000, 0x00000000e6100000, 0x00000000e6200000|  0%| F|  |TAMS 0x00000000e6100000, 0x00000000e6100000| Untracked 
|  98|0x00000000e6200000, 0x00000000e6200000, 0x00000000e6300000|  0%| F|  |TAMS 0x00000000e6200000, 0x00000000e6200000| Untracked 
|  99|0x00000000e6300000, 0x00000000e6300000, 0x00000000e6400000|  0%| F|  |TAMS 0x00000000e6300000, 0x00000000e6300000| Untracked 
| 100|0x00000000e6400000, 0x00000000e6400000, 0x00000000e6500000|  0%| F|  |TAMS 0x00000000e6400000, 0x00000000e6400000| Untracked 
| 101|0x00000000e6500000, 0x00000000e6500000, 0x00000000e6600000|  0%| F|  |TAMS 0x00000000e6500000, 0x00000000e6500000| Untracked 
| 102|0x00000000e6600000, 0x00000000e6600000, 0x00000000e6700000|  0%| F|  |TAMS 0x00000000e6600000, 0x00000000e6600000| Untracked 
| 103|0x00000000e6700000, 0x00000000e6700000, 0x00000000e6800000|  0%| F|  |TAMS 0x00000000e6700000, 0x00000000e6700000| Untracked 
| 104|0x00000000e6800000, 0x00000000e6800000, 0x00000000e6900000|  0%| F|  |TAMS 0x00000000e6800000, 0x00000000e6800000| Untracked 
| 105|0x00000000e6900000, 0x00000000e6900000, 0x00000000e6a00000|  0%| F|  |TAMS 0x00000000e6900000, 0x00000000e6900000| Untracked 
| 106|0x00000000e6a00000, 0x00000000e6a00000, 0x00000000e6b00000|  0%| F|  |TAMS 0x00000000e6a00000, 0x00000000e6a00000| Untracked 
| 107|0x00000000e6b00000, 0x00000000e6b00000, 0x00000000e6c00000|  0%| F|  |TAMS 0x00000000e6b00000, 0x00000000e6b00000| Untracked 
| 108|0x00000000e6c00000, 0x00000000e6c00000, 0x00000000e6d00000|  0%| F|  |TAMS 0x00000000e6c00000, 0x00000000e6c00000| Untracked 
| 109|0x00000000e6d00000, 0x00000000e6d00000, 0x00000000e6e00000|  0%| F|  |TAMS 0x00000000e6d00000, 0x00000000e6d00000| Untracked 
| 110|0x00000000e6e00000, 0x00000000e6e00000, 0x00000000e6f00000|  0%| F|  |TAMS 0x00000000e6e00000, 0x00000000e6e00000| Untracked 
| 111|0x00000000e6f00000, 0x00000000e6f00000, 0x00000000e7000000|  0%| F|  |TAMS 0x00000000e6f00000, 0x00000000e6f00000| Untracked 
| 112|0x00000000e7000000, 0x00000000e7000000, 0x00000000e7100000|  0%| F|  |TAMS 0x00000000e7000000, 0x00000000e7000000| Untracked 
| 113|0x00000000e7100000, 0x00000000e7100000, 0x00000000e7200000|  0%| F|  |TAMS 0x00000000e7100000, 0x00000000e7100000| Untracked 
| 114|0x00000000e7200000, 0x00000000e7200000, 0x00000000e7300000|  0%| F|  |TAMS 0x00000000e7200000, 0x00000000e7200000| Untracked 
| 115|0x00000000e7300000, 0x00000000e7300000, 0x00000000e7400000|  0%| F|  |TAMS 0x00000000e7300000, 0x00000000e7300000| Untracked 
| 116|0x00000000e7400000, 0x00000000e7400000, 0x00000000e7500000|  0%| F|  |TAMS 0x00000000e7400000, 0x00000000e7400000| Untracked 
| 117|0x00000000e7500000, 0x00000000e7580800, 0x00000000e7600000| 50%| E|  |TAMS 0x00000000e7500000, 0x00000000e7500000| Complete 
| 118|0x00000000e7600000, 0x00000000e7700000, 0x00000000e7700000|100%| E|CS|TAMS 0x00000000e7600000, 0x00000000e7600000| Complete 
| 119|0x00000000e7700000, 0x00000000e7800000, 0x00000000e7800000|100%| E|CS|TAMS 0x00000000e7700000, 0x00000000e7700000| Complete 
| 120|0x00000000e7800000, 0x00000000e7900000, 0x00000000e7900000|100%| E|CS|TAMS 0x00000000e7800000, 0x00000000e7800000| Complete 
| 121|0x00000000e7900000, 0x00000000e7a00000, 0x00000000e7a00000|100%| E|CS|TAMS 0x00000000e7900000, 0x00000000e7900000| Complete 
| 122|0x00000000e7a00000, 0x00000000e7b00000, 0x00000000e7b00000|100%| E|CS|TAMS 0x00000000e7a00000, 0x00000000e7a00000| Complete 
| 123|0x00000000e7b00000, 0x00000000e7c00000, 0x00000000e7c00000|100%| E|CS|TAMS 0x00000000e7b00000, 0x00000000e7b00000| Complete 
| 124|0x00000000e7c00000, 0x00000000e7d00000, 0x00000000e7d00000|100%| E|CS|TAMS 0x00000000e7c00000, 0x00000000e7c00000| Complete 
| 125|0x00000000e7d00000, 0x00000000e7e00000, 0x00000000e7e00000|100%| E|CS|TAMS 0x00000000e7d00000, 0x00000000e7d00000| Complete 
| 126|0x00000000e7e00000, 0x00000000e7f00000, 0x00000000e7f00000|100%| E|CS|TAMS 0x00000000e7e00000, 0x00000000e7e00000| Complete 
| 127|0x00000000e7f00000, 0x00000000e8000000, 0x00000000e8000000|100%| E|CS|TAMS 0x00000000e7f00000, 0x00000000e7f00000| Complete 
| 128|0x00000000e8000000, 0x00000000e8100000, 0x00000000e8100000|100%| E|CS|TAMS 0x00000000e8000000, 0x00000000e8000000| Complete 
| 129|0x00000000e8100000, 0x00000000e8200000, 0x00000000e8200000|100%| E|CS|TAMS 0x00000000e8100000, 0x00000000e8100000| Complete 
| 130|0x00000000e8200000, 0x00000000e8300000, 0x00000000e8300000|100%| E|CS|TAMS 0x00000000e8200000, 0x00000000e8200000| Complete 
| 131|0x00000000e8300000, 0x00000000e8400000, 0x00000000e8400000|100%| E|CS|TAMS 0x00000000e8300000, 0x00000000e8300000| Complete 
| 132|0x00000000e8400000, 0x00000000e8500000, 0x00000000e8500000|100%| E|CS|TAMS 0x00000000e8400000, 0x00000000e8400000| Complete 
| 133|0x00000000e8500000, 0x00000000e8600000, 0x00000000e8600000|100%| E|CS|TAMS 0x00000000e8500000, 0x00000000e8500000| Complete 
| 134|0x00000000e8600000, 0x00000000e8700000, 0x00000000e8700000|100%| E|CS|TAMS 0x00000000e8600000, 0x00000000e8600000| Complete 
| 135|0x00000000e8700000, 0x00000000e8800000, 0x00000000e8800000|100%| E|CS|TAMS 0x00000000e8700000, 0x00000000e8700000| Complete 
| 136|0x00000000e8800000, 0x00000000e8900000, 0x00000000e8900000|100%| E|CS|TAMS 0x00000000e8800000, 0x00000000e8800000| Complete 
| 137|0x00000000e8900000, 0x00000000e8a00000, 0x00000000e8a00000|100%| E|CS|TAMS 0x00000000e8900000, 0x00000000e8900000| Complete 
| 138|0x00000000e8a00000, 0x00000000e8b00000, 0x00000000e8b00000|100%| E|CS|TAMS 0x00000000e8a00000, 0x00000000e8a00000| Complete 
| 139|0x00000000e8b00000, 0x00000000e8c00000, 0x00000000e8c00000|100%| E|CS|TAMS 0x00000000e8b00000, 0x00000000e8b00000| Complete 
| 140|0x00000000e8c00000, 0x00000000e8d00000, 0x00000000e8d00000|100%| E|CS|TAMS 0x00000000e8c00000, 0x00000000e8c00000| Complete 
| 141|0x00000000e8d00000, 0x00000000e8e00000, 0x00000000e8e00000|100%| E|CS|TAMS 0x00000000e8d00000, 0x00000000e8d00000| Complete 
| 142|0x00000000e8e00000, 0x00000000e8f00000, 0x00000000e8f00000|100%| E|CS|TAMS 0x00000000e8e00000, 0x00000000e8e00000| Complete 
| 143|0x00000000e8f00000, 0x00000000e9000000, 0x00000000e9000000|100%| E|CS|TAMS 0x00000000e8f00000, 0x00000000e8f00000| Complete 
| 144|0x00000000e9000000, 0x00000000e9100000, 0x00000000e9100000|100%| E|CS|TAMS 0x00000000e9000000, 0x00000000e9000000| Complete 
| 145|0x00000000e9100000, 0x00000000e9200000, 0x00000000e9200000|100%| E|CS|TAMS 0x00000000e9100000, 0x00000000e9100000| Complete 
| 146|0x00000000e9200000, 0x00000000e9300000, 0x00000000e9300000|100%| E|CS|TAMS 0x00000000e9200000, 0x00000000e9200000| Complete 
| 147|0x00000000e9300000, 0x00000000e9400000, 0x00000000e9400000|100%| E|CS|TAMS 0x00000000e9300000, 0x00000000e9300000| Complete 
| 148|0x00000000e9400000, 0x00000000e9500000, 0x00000000e9500000|100%| E|CS|TAMS 0x00000000e9400000, 0x00000000e9400000| Complete 
| 149|0x00000000e9500000, 0x00000000e9600000, 0x00000000e9600000|100%| E|CS|TAMS 0x00000000e9500000, 0x00000000e9500000| Complete 
| 150|0x00000000e9600000, 0x00000000e9700000, 0x00000000e9700000|100%| E|CS|TAMS 0x00000000e9600000, 0x00000000e9600000| Complete 
| 151|0x00000000e9700000, 0x00000000e9800000, 0x00000000e9800000|100%| E|CS|TAMS 0x00000000e9700000, 0x00000000e9700000| Complete 
| 152|0x00000000e9800000, 0x00000000e9900000, 0x00000000e9900000|100%| E|CS|TAMS 0x00000000e9800000, 0x00000000e9800000| Complete 
| 153|0x00000000e9900000, 0x00000000e9a00000, 0x00000000e9a00000|100%| E|CS|TAMS 0x00000000e9900000, 0x00000000e9900000| Complete 
| 154|0x00000000e9a00000, 0x00000000e9b00000, 0x00000000e9b00000|100%| E|CS|TAMS 0x00000000e9a00000, 0x00000000e9a00000| Complete 
| 155|0x00000000e9b00000, 0x00000000e9c00000, 0x00000000e9c00000|100%| E|CS|TAMS 0x00000000e9b00000, 0x00000000e9b00000| Complete 
| 156|0x00000000e9c00000, 0x00000000e9d00000, 0x00000000e9d00000|100%| E|CS|TAMS 0x00000000e9c00000, 0x00000000e9c00000| Complete 
| 157|0x00000000e9d00000, 0x00000000e9e00000, 0x00000000e9e00000|100%| E|CS|TAMS 0x00000000e9d00000, 0x00000000e9d00000| Complete 
| 158|0x00000000e9e00000, 0x00000000e9f00000, 0x00000000e9f00000|100%| E|CS|TAMS 0x00000000e9e00000, 0x00000000e9e00000| Complete 
| 159|0x00000000e9f00000, 0x00000000ea000000, 0x00000000ea000000|100%| E|CS|TAMS 0x00000000e9f00000, 0x00000000e9f00000| Complete 
| 160|0x00000000ea000000, 0x00000000ea100000, 0x00000000ea100000|100%| E|CS|TAMS 0x00000000ea000000, 0x00000000ea000000| Complete 
| 161|0x00000000ea100000, 0x00000000ea200000, 0x00000000ea200000|100%| E|CS|TAMS 0x00000000ea100000, 0x00000000ea100000| Complete 
| 162|0x00000000ea200000, 0x00000000ea300000, 0x00000000ea300000|100%| E|CS|TAMS 0x00000000ea200000, 0x00000000ea200000| Complete 
| 163|0x00000000ea300000, 0x00000000ea400000, 0x00000000ea400000|100%| E|CS|TAMS 0x00000000ea300000, 0x00000000ea300000| Complete 
| 164|0x00000000ea400000, 0x00000000ea500000, 0x00000000ea500000|100%| E|CS|TAMS 0x00000000ea400000, 0x00000000ea400000| Complete 
| 165|0x00000000ea500000, 0x00000000ea600000, 0x00000000ea600000|100%| E|CS|TAMS 0x00000000ea500000, 0x00000000ea500000| Complete 
| 166|0x00000000ea600000, 0x00000000ea700000, 0x00000000ea700000|100%| E|CS|TAMS 0x00000000ea600000, 0x00000000ea600000| Complete 
| 167|0x00000000ea700000, 0x00000000ea800000, 0x00000000ea800000|100%| E|CS|TAMS 0x00000000ea700000, 0x00000000ea700000| Complete 
| 168|0x00000000ea800000, 0x00000000ea900000, 0x00000000ea900000|100%| E|CS|TAMS 0x00000000ea800000, 0x00000000ea800000| Complete 
| 169|0x00000000ea900000, 0x00000000eaa00000, 0x00000000eaa00000|100%| E|CS|TAMS 0x00000000ea900000, 0x00000000ea900000| Complete 
| 170|0x00000000eaa00000, 0x00000000eab00000, 0x00000000eab00000|100%| E|CS|TAMS 0x00000000eaa00000, 0x00000000eaa00000| Complete 
| 171|0x00000000eab00000, 0x00000000eac00000, 0x00000000eac00000|100%| E|CS|TAMS 0x00000000eab00000, 0x00000000eab00000| Complete 
| 172|0x00000000eac00000, 0x00000000ead00000, 0x00000000ead00000|100%| E|CS|TAMS 0x00000000eac00000, 0x00000000eac00000| Complete 
| 173|0x00000000ead00000, 0x00000000eae00000, 0x00000000eae00000|100%| E|CS|TAMS 0x00000000ead00000, 0x00000000ead00000| Complete 
| 174|0x00000000eae00000, 0x00000000eaf00000, 0x00000000eaf00000|100%| E|CS|TAMS 0x00000000eae00000, 0x00000000eae00000| Complete 
| 175|0x00000000eaf00000, 0x00000000eb000000, 0x00000000eb000000|100%| E|CS|TAMS 0x00000000eaf00000, 0x00000000eaf00000| Complete 
| 176|0x00000000eb000000, 0x00000000eb100000, 0x00000000eb100000|100%| E|CS|TAMS 0x00000000eb000000, 0x00000000eb000000| Complete 
| 177|0x00000000eb100000, 0x00000000eb200000, 0x00000000eb200000|100%| E|CS|TAMS 0x00000000eb100000, 0x00000000eb100000| Complete 
| 178|0x00000000eb200000, 0x00000000eb300000, 0x00000000eb300000|100%| E|CS|TAMS 0x00000000eb200000, 0x00000000eb200000| Complete 
| 179|0x00000000eb300000, 0x00000000eb400000, 0x00000000eb400000|100%| E|CS|TAMS 0x00000000eb300000, 0x00000000eb300000| Complete 
| 180|0x00000000eb400000, 0x00000000eb500000, 0x00000000eb500000|100%| E|CS|TAMS 0x00000000eb400000, 0x00000000eb400000| Complete 
| 181|0x00000000eb500000, 0x00000000eb600000, 0x00000000eb600000|100%| E|CS|TAMS 0x00000000eb500000, 0x00000000eb500000| Complete 
| 182|0x00000000eb600000, 0x00000000eb700000, 0x00000000eb700000|100%| E|CS|TAMS 0x00000000eb600000, 0x00000000eb600000| Complete 
| 183|0x00000000eb700000, 0x00000000eb800000, 0x00000000eb800000|100%| E|CS|TAMS 0x00000000eb700000, 0x00000000eb700000| Complete 
| 184|0x00000000eb800000, 0x00000000eb900000, 0x00000000eb900000|100%| E|CS|TAMS 0x00000000eb800000, 0x00000000eb800000| Complete 
| 185|0x00000000eb900000, 0x00000000eba00000, 0x00000000eba00000|100%| E|CS|TAMS 0x00000000eb900000, 0x00000000eb900000| Complete 
| 186|0x00000000eba00000, 0x00000000ebb00000, 0x00000000ebb00000|100%| E|CS|TAMS 0x00000000eba00000, 0x00000000eba00000| Complete 
| 187|0x00000000ebb00000, 0x00000000ebc00000, 0x00000000ebc00000|100%| E|CS|TAMS 0x00000000ebb00000, 0x00000000ebb00000| Complete 
| 188|0x00000000ebc00000, 0x00000000ebd00000, 0x00000000ebd00000|100%| E|CS|TAMS 0x00000000ebc00000, 0x00000000ebc00000| Complete 
| 189|0x00000000ebd00000, 0x00000000ebe00000, 0x00000000ebe00000|100%| E|CS|TAMS 0x00000000ebd00000, 0x00000000ebd00000| Complete 
| 190|0x00000000ebe00000, 0x00000000ebf00000, 0x00000000ebf00000|100%| E|CS|TAMS 0x00000000ebe00000, 0x00000000ebe00000| Complete 
| 191|0x00000000ebf00000, 0x00000000ec000000, 0x00000000ec000000|100%| E|CS|TAMS 0x00000000ebf00000, 0x00000000ebf00000| Complete 
| 192|0x00000000ec000000, 0x00000000ec100000, 0x00000000ec100000|100%| E|CS|TAMS 0x00000000ec000000, 0x00000000ec000000| Complete 
| 193|0x00000000ec100000, 0x00000000ec200000, 0x00000000ec200000|100%| E|CS|TAMS 0x00000000ec100000, 0x00000000ec100000| Complete 
| 194|0x00000000ec200000, 0x00000000ec300000, 0x00000000ec300000|100%| E|CS|TAMS 0x00000000ec200000, 0x00000000ec200000| Complete 
| 195|0x00000000ec300000, 0x00000000ec400000, 0x00000000ec400000|100%| E|CS|TAMS 0x00000000ec300000, 0x00000000ec300000| Complete 
| 196|0x00000000ec400000, 0x00000000ec500000, 0x00000000ec500000|100%| E|CS|TAMS 0x00000000ec400000, 0x00000000ec400000| Complete 
| 197|0x00000000ec500000, 0x00000000ec600000, 0x00000000ec600000|100%| E|CS|TAMS 0x00000000ec500000, 0x00000000ec500000| Complete 
| 198|0x00000000ec600000, 0x00000000ec700000, 0x00000000ec700000|100%| E|CS|TAMS 0x00000000ec600000, 0x00000000ec600000| Complete 
| 199|0x00000000ec700000, 0x00000000ec800000, 0x00000000ec800000|100%| E|CS|TAMS 0x00000000ec700000, 0x00000000ec700000| Complete 
| 200|0x00000000ec800000, 0x00000000ec900000, 0x00000000ec900000|100%| E|CS|TAMS 0x00000000ec800000, 0x00000000ec800000| Complete 
| 201|0x00000000ec900000, 0x00000000eca00000, 0x00000000eca00000|100%| E|CS|TAMS 0x00000000ec900000, 0x00000000ec900000| Complete 
| 202|0x00000000eca00000, 0x00000000ecb00000, 0x00000000ecb00000|100%| E|CS|TAMS 0x00000000eca00000, 0x00000000eca00000| Complete 
| 203|0x00000000ecb00000, 0x00000000ecc00000, 0x00000000ecc00000|100%| E|CS|TAMS 0x00000000ecb00000, 0x00000000ecb00000| Complete 
| 204|0x00000000ecc00000, 0x00000000ecd00000, 0x00000000ecd00000|100%| E|CS|TAMS 0x00000000ecc00000, 0x00000000ecc00000| Complete 
| 205|0x00000000ecd00000, 0x00000000ece00000, 0x00000000ece00000|100%| E|CS|TAMS 0x00000000ecd00000, 0x00000000ecd00000| Complete 
| 206|0x00000000ece00000, 0x00000000ecf00000, 0x00000000ecf00000|100%| E|CS|TAMS 0x00000000ece00000, 0x00000000ece00000| Complete 
| 207|0x00000000ecf00000, 0x00000000ed000000, 0x00000000ed000000|100%| E|CS|TAMS 0x00000000ecf00000, 0x00000000ecf00000| Complete 
| 208|0x00000000ed000000, 0x00000000ed100000, 0x00000000ed100000|100%| E|CS|TAMS 0x00000000ed000000, 0x00000000ed000000| Complete 
| 209|0x00000000ed100000, 0x00000000ed200000, 0x00000000ed200000|100%| E|CS|TAMS 0x00000000ed100000, 0x00000000ed100000| Complete 
| 210|0x00000000ed200000, 0x00000000ed300000, 0x00000000ed300000|100%| E|CS|TAMS 0x00000000ed200000, 0x00000000ed200000| Complete 
| 211|0x00000000ed300000, 0x00000000ed400000, 0x00000000ed400000|100%| E|CS|TAMS 0x00000000ed300000, 0x00000000ed300000| Complete 
| 212|0x00000000ed400000, 0x00000000ed500000, 0x00000000ed500000|100%| E|CS|TAMS 0x00000000ed400000, 0x00000000ed400000| Complete 
| 213|0x00000000ed500000, 0x00000000ed600000, 0x00000000ed600000|100%| E|CS|TAMS 0x00000000ed500000, 0x00000000ed500000| Complete 
| 214|0x00000000ed600000, 0x00000000ed700000, 0x00000000ed700000|100%| E|CS|TAMS 0x00000000ed600000, 0x00000000ed600000| Complete 
| 215|0x00000000ed700000, 0x00000000ed800000, 0x00000000ed800000|100%| E|CS|TAMS 0x00000000ed700000, 0x00000000ed700000| Complete 
| 216|0x00000000ed800000, 0x00000000ed900000, 0x00000000ed900000|100%| E|CS|TAMS 0x00000000ed800000, 0x00000000ed800000| Complete 
| 217|0x00000000ed900000, 0x00000000eda00000, 0x00000000eda00000|100%| E|CS|TAMS 0x00000000ed900000, 0x00000000ed900000| Complete 
| 218|0x00000000eda00000, 0x00000000edb00000, 0x00000000edb00000|100%| E|CS|TAMS 0x00000000eda00000, 0x00000000eda00000| Complete 
| 219|0x00000000edb00000, 0x00000000edc00000, 0x00000000edc00000|100%| E|CS|TAMS 0x00000000edb00000, 0x00000000edb00000| Complete 
| 220|0x00000000edc00000, 0x00000000edd00000, 0x00000000edd00000|100%| E|CS|TAMS 0x00000000edc00000, 0x00000000edc00000| Complete 
| 221|0x00000000edd00000, 0x00000000ede00000, 0x00000000ede00000|100%| E|CS|TAMS 0x00000000edd00000, 0x00000000edd00000| Complete 
| 222|0x00000000ede00000, 0x00000000edf00000, 0x00000000edf00000|100%| E|CS|TAMS 0x00000000ede00000, 0x00000000ede00000| Complete 
| 223|0x00000000edf00000, 0x00000000ee000000, 0x00000000ee000000|100%| E|CS|TAMS 0x00000000edf00000, 0x00000000edf00000| Complete 
| 224|0x00000000ee000000, 0x00000000ee100000, 0x00000000ee100000|100%| E|CS|TAMS 0x00000000ee000000, 0x00000000ee000000| Complete 
| 225|0x00000000ee100000, 0x00000000ee200000, 0x00000000ee200000|100%| E|CS|TAMS 0x00000000ee100000, 0x00000000ee100000| Complete 
| 226|0x00000000ee200000, 0x00000000ee300000, 0x00000000ee300000|100%| E|CS|TAMS 0x00000000ee200000, 0x00000000ee200000| Complete 
| 227|0x00000000ee300000, 0x00000000ee400000, 0x00000000ee400000|100%| E|CS|TAMS 0x00000000ee300000, 0x00000000ee300000| Complete 
| 228|0x00000000ee400000, 0x00000000ee500000, 0x00000000ee500000|100%| E|CS|TAMS 0x00000000ee400000, 0x00000000ee400000| Complete 
| 229|0x00000000ee500000, 0x00000000ee600000, 0x00000000ee600000|100%| E|CS|TAMS 0x00000000ee500000, 0x00000000ee500000| Complete 
| 230|0x00000000ee600000, 0x00000000ee700000, 0x00000000ee700000|100%| E|CS|TAMS 0x00000000ee600000, 0x00000000ee600000| Complete 
| 231|0x00000000ee700000, 0x00000000ee800000, 0x00000000ee800000|100%| E|CS|TAMS 0x00000000ee700000, 0x00000000ee700000| Complete 
| 232|0x00000000ee800000, 0x00000000ee900000, 0x00000000ee900000|100%| E|CS|TAMS 0x00000000ee800000, 0x00000000ee800000| Complete 
| 233|0x00000000ee900000, 0x00000000eea00000, 0x00000000eea00000|100%| E|CS|TAMS 0x00000000ee900000, 0x00000000ee900000| Complete 
| 234|0x00000000eea00000, 0x00000000eeb00000, 0x00000000eeb00000|100%| E|CS|TAMS 0x00000000eea00000, 0x00000000eea00000| Complete 
| 235|0x00000000eeb00000, 0x00000000eec00000, 0x00000000eec00000|100%| E|CS|TAMS 0x00000000eeb00000, 0x00000000eeb00000| Complete 
| 236|0x00000000eec00000, 0x00000000eed00000, 0x00000000eed00000|100%| E|CS|TAMS 0x00000000eec00000, 0x00000000eec00000| Complete 
| 237|0x00000000eed00000, 0x00000000eee00000, 0x00000000eee00000|100%| E|CS|TAMS 0x00000000eed00000, 0x00000000eed00000| Complete 
| 238|0x00000000eee00000, 0x00000000eef00000, 0x00000000eef00000|100%| E|CS|TAMS 0x00000000eee00000, 0x00000000eee00000| Complete 
| 239|0x00000000eef00000, 0x00000000ef000000, 0x00000000ef000000|100%| E|CS|TAMS 0x00000000eef00000, 0x00000000eef00000| Complete 
| 240|0x00000000ef000000, 0x00000000ef100000, 0x00000000ef100000|100%| E|CS|TAMS 0x00000000ef000000, 0x00000000ef000000| Complete 
| 241|0x00000000ef100000, 0x00000000ef200000, 0x00000000ef200000|100%| E|CS|TAMS 0x00000000ef100000, 0x00000000ef100000| Complete 
| 242|0x00000000ef200000, 0x00000000ef300000, 0x00000000ef300000|100%| E|CS|TAMS 0x00000000ef200000, 0x00000000ef200000| Complete 
| 243|0x00000000ef300000, 0x00000000ef400000, 0x00000000ef400000|100%| E|CS|TAMS 0x00000000ef300000, 0x00000000ef300000| Complete 
| 244|0x00000000ef400000, 0x00000000ef500000, 0x00000000ef500000|100%| E|  |TAMS 0x00000000ef400000, 0x00000000ef400000| Complete 
| 245|0x00000000ef500000, 0x00000000ef600000, 0x00000000ef600000|100%| E|CS|TAMS 0x00000000ef500000, 0x00000000ef500000| Complete 
| 246|0x00000000ef600000, 0x00000000ef700000, 0x00000000ef700000|100%| E|CS|TAMS 0x00000000ef600000, 0x00000000ef600000| Complete 
| 247|0x00000000ef700000, 0x00000000ef800000, 0x00000000ef800000|100%| E|CS|TAMS 0x00000000ef700000, 0x00000000ef700000| Complete 
| 248|0x00000000ef800000, 0x00000000ef900000, 0x00000000ef900000|100%| E|CS|TAMS 0x00000000ef800000, 0x00000000ef800000| Complete 
| 249|0x00000000ef900000, 0x00000000efa00000, 0x00000000efa00000|100%| E|CS|TAMS 0x00000000ef900000, 0x00000000ef900000| Complete 
| 250|0x00000000efa00000, 0x00000000efa50670, 0x00000000efb00000| 31%| S|CS|TAMS 0x00000000efa00000, 0x00000000efa00000| Complete 
| 251|0x00000000efb00000, 0x00000000efc00000, 0x00000000efc00000|100%| E|CS|TAMS 0x00000000efb00000, 0x00000000efb00000| Complete 
| 252|0x00000000efc00000, 0x00000000efd00000, 0x00000000efd00000|100%| E|CS|TAMS 0x00000000efc00000, 0x00000000efc00000| Complete 
| 253|0x00000000efd00000, 0x00000000efe00000, 0x00000000efe00000|100%| E|CS|TAMS 0x00000000efd00000, 0x00000000efd00000| Complete 
| 254|0x00000000efe00000, 0x00000000eff00000, 0x00000000eff00000|100%| E|CS|TAMS 0x00000000efe00000, 0x00000000efe00000| Complete 
| 255|0x00000000eff00000, 0x00000000f0000000, 0x00000000f0000000|100%| E|CS|TAMS 0x00000000eff00000, 0x00000000eff00000| Complete 

Card table byte_map: [0x000001e977f30000,0x000001e978030000] _byte_map_base: 0x000001e977830000

Marking Bits (Prev, Next): (CMBitMap*) 0x000001e970459eb0, (CMBitMap*) 0x000001e970459ef0
 Prev Bits: [0x000001e978130000, 0x000001e978930000)
 Next Bits: [0x000001e978930000, 0x000001e979130000)

Polling page: 0x000001e96fbe0000

Metaspace:

Usage:
  Non-class:     39.11 MB used.
      Class:      6.46 MB used.
       Both:     45.57 MB used.

Virtual space:
  Non-class space:       64.00 MB reserved,      39.31 MB ( 61%) committed,  1 nodes.
      Class space:      320.00 MB reserved,       6.69 MB (  2%) committed,  1 nodes.
             Both:      384.00 MB reserved,      46.00 MB ( 12%) committed. 

Chunk freelists:
   Non-Class:  8.69 MB
       Class:  9.37 MB
        Both:  18.06 MB

MaxMetaspaceSize: 384.00 MB
CompressedClassSpaceSize: 320.00 MB
Initial GC threshold: 21.00 MB
Current GC threshold: 58.88 MB
CDS: on
MetaspaceReclaimPolicy: balanced
 - commit_granule_bytes: 65536.
 - commit_granule_words: 8192.
 - virtual_space_node_default_size: 8388608.
 - enlarge_chunks_in_place: 1.
 - new_chunks_are_fully_committed: 0.
 - uncommit_free_chunks: 1.
 - use_allocation_guard: 0.
 - handle_deallocations: 1.


Internal statistics:

num_allocs_failed_limit: 6.
num_arena_births: 512.
num_arena_deaths: 0.
num_vsnodes_births: 2.
num_vsnodes_deaths: 0.
num_space_committed: 736.
num_space_uncommitted: 0.
num_chunks_returned_to_freelist: 6.
num_chunks_taken_from_freelist: 2313.
num_chunk_merges: 6.
num_chunk_splits: 1551.
num_chunks_enlarged: 1060.
num_inconsistent_stats: 0.

CodeHeap 'non-profiled nmethods': size=120000Kb used=3069Kb max_used=3162Kb free=116930Kb
 bounds [0x000001e907ad0000, 0x000001e907df0000, 0x000001e90f000000]
CodeHeap 'profiled nmethods': size=120000Kb used=9600Kb max_used=9992Kb free=110399Kb
 bounds [0x000001e900000000, 0x000001e9009e0000, 0x000001e907530000]
CodeHeap 'non-nmethods': size=5760Kb used=2318Kb max_used=2397Kb free=3441Kb
 bounds [0x000001e907530000, 0x000001e9077a0000, 0x000001e907ad0000]
 total_blobs=5716 nmethods=4882 adapters=745
 compilation: enabled
              stopped_count=0, restarted_count=0
 full_count=0

Compilation events (20 events):
Event: 72.685 Thread 0x000001e97b725580 nmethod 5639 0x000001e90003ee10 code [0x000001e90003efa0, 0x000001e90003f128]
Event: 72.735 Thread 0x000001e97b725580 5640   !   3       com.google.common.collect.MapMakerInternalMap$Segment::put (298 bytes)
Event: 72.740 Thread 0x000001e97b724330 5641  s!   4       java.beans.PropertyDescriptor::getReadMethod (149 bytes)
Event: 72.742 Thread 0x000001e97b725580 nmethod 5640 0x000001e9001c4f10 code [0x000001e9001c55e0, 0x000001e9001c9808]
Event: 72.746 Thread 0x000001e97b724330 nmethod 5641 0x000001e907d68190 code [0x000001e907d68320, 0x000001e907d687f8]
Event: 72.804 Thread 0x000001e97b725580 5642       3       java.util.HashMap$ValueSpliterator::forEachRemaining (186 bytes)
Event: 72.805 Thread 0x000001e97b725580 nmethod 5642 0x000001e90014b190 code [0x000001e90014b3a0, 0x000001e90014bc08]
Event: 72.833 Thread 0x000001e97b724330 5643       4       java.beans.Introspector::addMethod (196 bytes)
Event: 72.835 Thread 0x000001e97b725580 5644       3       java.util.HashMap$Values::iterator (12 bytes)
Event: 72.835 Thread 0x000001e97b725580 nmethod 5644 0x000001e9008a4210 code [0x000001e9008a43c0, 0x000001e9008a4628]
Event: 72.845 Thread 0x000001e97b725580 5646       3       org.gradle.internal.ImmutableActionSet::add (93 bytes)
Event: 72.846 Thread 0x000001e97b725580 nmethod 5646 0x000001e90012cf90 code [0x000001e90012d1e0, 0x000001e90012dff8]
Event: 72.891 Thread 0x000001e97b725580 5648       2       java.util.ArrayList::toArray (57 bytes)
Event: 72.892 Thread 0x000001e97b725580 nmethod 5648 0x000001e9000c3b10 code [0x000001e9000c3cc0, 0x000001e9000c4038]
Event: 72.894 Thread 0x000001e97b725580 5649       3       java.util.IdentityHashMap::maskNull (12 bytes)
Event: 72.894 Thread 0x000001e97b725580 nmethod 5649 0x000001e90014ae10 code [0x000001e90014afa0, 0x000001e90014b0d8]
Event: 72.894 Thread 0x000001e97b725580 5650       3       java.util.IdentityHashMap::hash (18 bytes)
Event: 72.894 Thread 0x000001e97b725580 nmethod 5650 0x000001e90014aa90 code [0x000001e90014ac20, 0x000001e90014ad48]
Event: 73.028 Thread 0x000001e97b725580 5651       3       org.objectweb.asm.Type::getType (10 bytes)
Event: 73.028 Thread 0x000001e97b725580 nmethod 5651 0x000001e90014a510 code [0x000001e90014a6c0, 0x000001e90014a8e8]

GC Heap History (14 events):
Event: 4.285 GC heap before
{Heap before GC invocations=0 (full 0):
 garbage-first heap   total 262144K, used 12288K [0x00000000e0000000, 0x0000000100000000)
  region size 1024K, 13 young (13312K), 0 survivors (0K)
 Metaspace       used 1052K, committed 1216K, reserved 393216K
  class space    used 80K, committed 128K, reserved 327680K
}
Event: 4.306 GC heap after
{Heap after GC invocations=1 (full 0):
 garbage-first heap   total 262144K, used 3795K [0x00000000e0000000, 0x0000000100000000)
  region size 1024K, 2 young (2048K), 2 survivors (2048K)
 Metaspace       used 1052K, committed 1216K, reserved 393216K
  class space    used 80K, committed 128K, reserved 327680K
}
Event: 8.070 GC heap before
{Heap before GC invocations=1 (full 0):
 garbage-first heap   total 262144K, used 22227K [0x00000000e0000000, 0x0000000100000000)
  region size 1024K, 17 young (17408K), 2 survivors (2048K)
 Metaspace       used 3875K, committed 4032K, reserved 393216K
  class space    used 483K, committed 576K, reserved 327680K
}
Event: 8.075 GC heap after
{Heap after GC invocations=2 (full 0):
 garbage-first heap   total 262144K, used 10775K [0x00000000e0000000, 0x0000000100000000)
  region size 1024K, 3 young (3072K), 3 survivors (3072K)
 Metaspace       used 3875K, committed 4032K, reserved 393216K
  class space    used 483K, committed 576K, reserved 327680K
}
Event: 10.125 GC heap before
{Heap before GC invocations=2 (full 0):
 garbage-first heap   total 262144K, used 33303K [0x00000000e0000000, 0x0000000100000000)
  region size 1024K, 25 young (25600K), 3 survivors (3072K)
 Metaspace       used 4074K, committed 4224K, reserved 393216K
  class space    used 497K, committed 576K, reserved 327680K
}
Event: 10.130 GC heap after
{Heap after GC invocations=3 (full 0):
 garbage-first heap   total 262144K, used 11707K [0x00000000e0000000, 0x0000000100000000)
  region size 1024K, 1 young (1024K), 1 survivors (1024K)
 Metaspace       used 4074K, committed 4224K, reserved 393216K
  class space    used 497K, committed 576K, reserved 327680K
}
Event: 31.287 GC heap before
{Heap before GC invocations=3 (full 0):
 garbage-first heap   total 262144K, used 129467K [0x00000000e0000000, 0x0000000100000000)
  region size 1024K, 116 young (118784K), 1 survivors (1024K)
 Metaspace       used 21246K, committed 21504K, reserved 393216K
  class space    used 3115K, committed 3264K, reserved 327680K
}
Event: 31.331 GC heap after
{Heap after GC invocations=4 (full 0):
 garbage-first heap   total 262144K, used 22717K [0x00000000e0000000, 0x0000000100000000)
  region size 1024K, 12 young (12288K), 12 survivors (12288K)
 Metaspace       used 21246K, committed 21504K, reserved 393216K
  class space    used 3115K, committed 3264K, reserved 327680K
}
Event: 48.399 GC heap before
{Heap before GC invocations=5 (full 0):
 garbage-first heap   total 262144K, used 139453K [0x00000000e0000000, 0x0000000100000000)
  region size 1024K, 122 young (124928K), 12 survivors (12288K)
 Metaspace       used 35255K, committed 35648K, reserved 393216K
  class space    used 4887K, committed 5056K, reserved 327680K
}
Event: 48.445 GC heap after
{Heap after GC invocations=6 (full 0):
 garbage-first heap   total 262144K, used 32529K [0x00000000e0000000, 0x0000000100000000)
  region size 1024K, 10 young (10240K), 10 survivors (10240K)
 Metaspace       used 35255K, committed 35648K, reserved 393216K
  class space    used 4887K, committed 5056K, reserved 327680K
}
Event: 49.311 GC heap before
{Heap before GC invocations=6 (full 0):
 garbage-first heap   total 262144K, used 34577K [0x00000000e0000000, 0x0000000100000000)
  region size 1024K, 12 young (12288K), 10 survivors (10240K)
 Metaspace       used 35480K, committed 35904K, reserved 393216K
  class space    used 4926K, committed 5120K, reserved 327680K
}
Event: 49.329 GC heap after
{Heap after GC invocations=7 (full 0):
 garbage-first heap   total 262144K, used 33022K [0x00000000e0000000, 0x0000000100000000)
  region size 1024K, 2 young (2048K), 2 survivors (2048K)
 Metaspace       used 35480K, committed 35904K, reserved 393216K
  class space    used 4926K, committed 5120K, reserved 327680K
}
Event: 49.532 GC heap before
{Heap before GC invocations=7 (full 0):
 garbage-first heap   total 262144K, used 35070K [0x00000000e0000000, 0x0000000100000000)
  region size 1024K, 5 young (5120K), 2 survivors (2048K)
 Metaspace       used 35704K, committed 36096K, reserved 393216K
  class space    used 4960K, committed 5184K, reserved 327680K
}
Event: 49.536 GC heap after
{Heap after GC invocations=8 (full 0):
 garbage-first heap   total 262144K, used 31908K [0x00000000e0000000, 0x0000000100000000)
  region size 1024K, 1 young (1024K), 1 survivors (1024K)
 Metaspace       used 35704K, committed 36096K, reserved 393216K
  class space    used 4960K, committed 5184K, reserved 327680K
}

Dll operation events (14 events):
Event: 0.157 Loaded shared library C:\Users\teady\.jdks\corretto-17.0.9\bin\java.dll
Event: 0.316 Loaded shared library C:\Users\teady\.jdks\corretto-17.0.9\bin\jsvml.dll
Event: 0.578 Loaded shared library C:\Users\teady\.jdks\corretto-17.0.9\bin\zip.dll
Event: 0.584 Loaded shared library C:\Users\teady\.jdks\corretto-17.0.9\bin\instrument.dll
Event: 0.609 Loaded shared library C:\Users\teady\.jdks\corretto-17.0.9\bin\net.dll
Event: 0.622 Loaded shared library C:\Users\teady\.jdks\corretto-17.0.9\bin\nio.dll
Event: 0.659 Loaded shared library C:\Users\teady\.jdks\corretto-17.0.9\bin\zip.dll
Event: 3.621 Loaded shared library C:\Users\teady\.jdks\corretto-17.0.9\bin\jimage.dll
Event: 4.406 Loaded shared library C:\Users\teady\.jdks\corretto-17.0.9\bin\verify.dll
Event: 5.928 Loaded shared library C:\Users\teady\.gradle\native\c067742578af261105cb4f569cf0c3c89f3d7b1fecec35dd04571415982c5e48\windows-amd64\native-platform.dll
Event: 6.057 Loaded shared library C:\Users\teady\.gradle\native\38dada09dfb8b06ba9b0570ebf7e218e3eb74d4ef43ca46872605cf95ebc2f47\windows-amd64\native-platform-file-events.dll
Event: 14.355 Loaded shared library C:\Users\teady\.jdks\corretto-17.0.9\bin\management.dll
Event: 14.422 Loaded shared library C:\Users\teady\.jdks\corretto-17.0.9\bin\management_ext.dll
Event: 19.128 Loaded shared library C:\Users\teady\.jdks\corretto-17.0.9\bin\sunmscapi.dll

Deoptimization events (20 events):
Event: 70.699 Thread 0x000001e929c4f900 DEOPT PACKING pc=0x000001e907d47868 sp=0x0000006ee40f65e0
Event: 70.699 Thread 0x000001e929c4f900 DEOPT UNPACKING pc=0x000001e9075869a3 sp=0x0000006ee40f6540 mode 2
Event: 70.704 Thread 0x000001e929c4f900 Uncommon trap: trap_request=0xffffffde fr.pc=0x000001e907d47868 relative=0x00000000000009a8
Event: 70.704 Thread 0x000001e929c4f900 Uncommon trap: reason=class_check action=maybe_recompile pc=0x000001e907d47868 method=java.util.WeakHashMap.matchesKey(Ljava/util/WeakHashMap$Entry;Ljava/lang/Object;)Z @ 21 c2
Event: 70.704 Thread 0x000001e929c4f900 DEOPT PACKING pc=0x000001e907d47868 sp=0x0000006ee40f6760
Event: 70.704 Thread 0x000001e929c4f900 DEOPT UNPACKING pc=0x000001e9075869a3 sp=0x0000006ee40f66c0 mode 2
Event: 71.138 Thread 0x000001e929c4f900 Uncommon trap: trap_request=0xffffffc6 fr.pc=0x000001e907c1bb08 relative=0x00000000000009a8
Event: 71.138 Thread 0x000001e929c4f900 Uncommon trap: reason=bimorphic_or_optimized_type_check action=maybe_recompile pc=0x000001e907c1bb08 method=org.codehaus.groovy.runtime.metaclass.MetaMethodIndex.isOverridden(Lgroovy/lang/MetaMethod;Lgroovy/lang/MetaMethod;)Z @ 56 c2
Event: 71.138 Thread 0x000001e929c4f900 DEOPT PACKING pc=0x000001e907c1bb08 sp=0x0000006ee40f5f50
Event: 71.138 Thread 0x000001e929c4f900 DEOPT UNPACKING pc=0x000001e9075869a3 sp=0x0000006ee40f5ea8 mode 2
Event: 71.385 Thread 0x000001e929c4f900 Uncommon trap: trap_request=0xffffffc6 fr.pc=0x000001e907c1bb08 relative=0x00000000000009a8
Event: 71.385 Thread 0x000001e929c4f900 Uncommon trap: reason=bimorphic_or_optimized_type_check action=maybe_recompile pc=0x000001e907c1bb08 method=org.codehaus.groovy.runtime.metaclass.MetaMethodIndex.isOverridden(Lgroovy/lang/MetaMethod;Lgroovy/lang/MetaMethod;)Z @ 56 c2
Event: 71.385 Thread 0x000001e929c4f900 DEOPT PACKING pc=0x000001e907c1bb08 sp=0x0000006ee40f71b0
Event: 71.385 Thread 0x000001e929c4f900 DEOPT UNPACKING pc=0x000001e9075869a3 sp=0x0000006ee40f7108 mode 2
Event: 72.226 Thread 0x000001e929c4f900 DEOPT PACKING pc=0x000001e9000ed2ee sp=0x0000006ee40f9a70
Event: 72.226 Thread 0x000001e929c4f900 DEOPT UNPACKING pc=0x000001e907587143 sp=0x0000006ee40f8f20 mode 0
Event: 72.681 Thread 0x000001e929c4f900 Uncommon trap: trap_request=0xffffffdc fr.pc=0x000001e907d68ef0 relative=0x00000000000002d0
Event: 72.681 Thread 0x000001e929c4f900 Uncommon trap: reason=class_check action=make_not_entrant pc=0x000001e907d68ef0 method=java.util.ArrayList.toArray([Ljava/lang/Object;)[Ljava/lang/Object; @ 21 c2
Event: 72.681 Thread 0x000001e929c4f900 DEOPT PACKING pc=0x000001e907d68ef0 sp=0x0000006ee40f46e0
Event: 72.681 Thread 0x000001e929c4f900 DEOPT UNPACKING pc=0x000001e9075869a3 sp=0x0000006ee40f46a0 mode 2

Classes unloaded (0 events):
No events

Classes redefined (0 events):
No events

Internal exceptions (20 events):
Event: 72.641 Thread 0x000001e929c4f900 Exception <a 'java/lang/ClassNotFoundException'{0x00000000e7c12660}: org/gradle/api/internal/tasks/DefaultSourceSet_DecoratedBeanInfo> (0x00000000e7c12660) 
thrown [s\src\hotspot\share\classfile\systemDictionary.cpp, line 256]
Event: 72.643 Thread 0x000001e929c4f900 Exception <a 'java/lang/ClassNotFoundException'{0x00000000e7c2aab8}: org/gradle/api/internal/tasks/DefaultSourceSetBeanInfo> (0x00000000e7c2aab8) 
thrown [s\src\hotspot\share\classfile\systemDictionary.cpp, line 256]
Event: 72.647 Thread 0x000001e929c4f900 Exception <a 'java/lang/ClassNotFoundException'{0x00000000e7c43008}: org/gradle/api/internal/tasks/DefaultSourceSetCustomizer> (0x00000000e7c43008) 
thrown [s\src\hotspot\share\classfile\systemDictionary.cpp, line 256]
Event: 72.656 Thread 0x000001e929c4f900 Exception <a 'java/lang/ClassNotFoundException'{0x00000000e7c7d5e8}: org/gradle/api/internal/tasks/DefaultSourceSet_DecoratedCustomizer> (0x00000000e7c7d5e8) 
thrown [s\src\hotspot\share\classfile\systemDictionary.cpp, line 256]
Event: 72.683 Thread 0x000001e929c4f900 Exception <a 'java/lang/ClassNotFoundException'{0x00000000e7a36598}: org/gradle/api/internal/file/DefaultSourceDirectorySet_DecoratedBeanInfo> (0x00000000e7a36598) 
thrown [s\src\hotspot\share\classfile\systemDictionary.cpp, line 256]
Event: 72.686 Thread 0x000001e929c4f900 Exception <a 'java/lang/ClassNotFoundException'{0x00000000e7a4e210}: org/gradle/api/internal/file/DefaultSourceDirectorySetBeanInfo> (0x00000000e7a4e210) 
thrown [s\src\hotspot\share\classfile\systemDictionary.cpp, line 256]
Event: 72.713 Thread 0x000001e929c4f900 Exception <a 'java/lang/ClassNotFoundException'{0x00000000e7a65cd8}: org/gradle/api/internal/file/CompositeFileTreeBeanInfo> (0x00000000e7a65cd8) 
thrown [s\src\hotspot\share\classfile\systemDictionary.cpp, line 256]
Event: 72.715 Thread 0x000001e929c4f900 Exception <a 'java/lang/ClassNotFoundException'{0x00000000e7a7d8e8}: org/gradle/api/internal/file/CompositeFileCollectionBeanInfo> (0x00000000e7a7d8e8) 
thrown [s\src\hotspot\share\classfile\systemDictionary.cpp, line 256]
Event: 72.720 Thread 0x000001e929c4f900 Exception <a 'java/lang/ClassNotFoundException'{0x00000000e7a957e0}: org/gradle/api/internal/file/CompositeFileCollectionCustomizer> (0x00000000e7a957e0) 
thrown [s\src\hotspot\share\classfile\systemDictionary.cpp, line 256]
Event: 72.725 Thread 0x000001e929c4f900 Exception <a 'java/lang/ClassNotFoundException'{0x00000000e7ab5ab8}: org/gradle/api/internal/file/CompositeFileTreeCustomizer> (0x00000000e7ab5ab8) 
thrown [s\src\hotspot\share\classfile\systemDictionary.cpp, line 256]
Event: 72.738 Thread 0x000001e929c4f900 Exception <a 'java/lang/ClassNotFoundException'{0x00000000e7ad9570}: org/gradle/api/internal/file/DefaultSourceDirectorySetCustomizer> (0x00000000e7ad9570) 
thrown [s\src\hotspot\share\classfile\systemDictionary.cpp, line 256]
Event: 72.746 Thread 0x000001e929c4f900 Exception <a 'java/lang/ClassNotFoundException'{0x00000000e790f238}: org/gradle/api/internal/file/DefaultSourceDirectorySet_DecoratedCustomizer> (0x00000000e790f238) 
thrown [s\src\hotspot\share\classfile\systemDictionary.cpp, line 256]
Event: 72.757 Thread 0x000001e929c4f900 Exception <a 'java/lang/ClassNotFoundException'{0x00000000e797c9a8}: org/gradle/api/internal/plugins/NaggingBasePluginConventionBeanInfo> (0x00000000e797c9a8) 
thrown [s\src\hotspot\share\classfile\systemDictionary.cpp, line 256]
Event: 72.759 Thread 0x000001e929c4f900 Exception <a 'java/lang/ClassNotFoundException'{0x00000000e7990890}: org/gradle/api/plugins/BasePluginConventionBeanInfo> (0x00000000e7990890) 
thrown [s\src\hotspot\share\classfile\systemDictionary.cpp, line 256]
Event: 72.761 Thread 0x000001e929c4f900 Exception <a 'java/lang/ClassNotFoundException'{0x00000000e79a44e0}: org/gradle/api/plugins/BasePluginConventionCustomizer> (0x00000000e79a44e0) 
thrown [s\src\hotspot\share\classfile\systemDictionary.cpp, line 256]
Event: 72.810 Thread 0x000001e929c4f900 Exception <a 'java/lang/ClassNotFoundException'{0x00000000e79c2940}: org/gradle/api/internal/plugins/NaggingBasePluginConventionCustomizer> (0x00000000e79c2940) 
thrown [s\src\hotspot\share\classfile\systemDictionary.cpp, line 256]
Event: 72.825 Thread 0x000001e929c4f900 Exception <a 'java/lang/ClassNotFoundException'{0x00000000e7807218}: org/gradle/api/plugins/internal/NaggingJavaPluginConventionBeanInfo> (0x00000000e7807218) 
thrown [s\src\hotspot\share\classfile\systemDictionary.cpp, line 256]
Event: 72.828 Thread 0x000001e929c4f900 Exception <a 'java/lang/ClassNotFoundException'{0x00000000e781ae98}: org/gradle/api/plugins/JavaPluginConventionBeanInfo> (0x00000000e781ae98) 
thrown [s\src\hotspot\share\classfile\systemDictionary.cpp, line 256]
Event: 72.829 Thread 0x000001e929c4f900 Exception <a 'java/lang/ClassNotFoundException'{0x00000000e782eae8}: org/gradle/api/plugins/JavaPluginConventionCustomizer> (0x00000000e782eae8) 
thrown [s\src\hotspot\share\classfile\systemDictionary.cpp, line 256]
Event: 72.832 Thread 0x000001e929c4f900 Exception <a 'java/lang/ClassNotFoundException'{0x00000000e7856be8}: org/gradle/api/plugins/internal/NaggingJavaPluginConventionCustomizer> (0x00000000e7856be8) 
thrown [s\src\hotspot\share\classfile\systemDictionary.cpp, line 256]

VM Operations (20 events):
Event: 63.167 Executing VM operation: Cleanup
Event: 63.167 Executing VM operation: Cleanup done
Event: 64.173 Executing VM operation: Cleanup
Event: 64.191 Executing VM operation: Cleanup done
Event: 65.207 Executing VM operation: Cleanup
Event: 65.207 Executing VM operation: Cleanup done
Event: 66.213 Executing VM operation: Cleanup
Event: 66.235 Executing VM operation: Cleanup done
Event: 67.242 Executing VM operation: Cleanup
Event: 67.304 Executing VM operation: Cleanup done
Event: 68.313 Executing VM operation: Cleanup
Event: 68.391 Executing VM operation: Cleanup done
Event: 69.401 Executing VM operation: Cleanup
Event: 69.419 Executing VM operation: Cleanup done
Event: 70.432 Executing VM operation: Cleanup
Event: 70.527 Executing VM operation: Cleanup done
Event: 71.533 Executing VM operation: Cleanup
Event: 71.597 Executing VM operation: Cleanup done
Event: 72.608 Executing VM operation: Cleanup
Event: 72.609 Executing VM operation: Cleanup done

Events (20 events):
Event: 63.478 loading class com/sun/org/apache/xerces/internal/utils/XMLSecurityPropertyManager$Property done
Event: 63.898 loading class java/util/regex/Pattern$SliceI
Event: 63.898 loading class java/util/regex/Pattern$SliceI done
Event: 63.996 Thread 0x000001e9293ff9e0 Thread added: 0x000001e9293ff9e0
Event: 64.026 loading class java/lang/Byte$ByteCache
Event: 64.027 loading class java/lang/Byte$ByteCache done
Event: 67.753 loading class sun/misc/SharedSecrets
Event: 67.753 loading class sun/misc/SharedSecrets done
Event: 70.561 loading class java/util/AbstractCollectionBeanInfo
Event: 70.561 loading class java/util/AbstractCollectionBeanInfo done
Event: 70.562 loading class java/util/AbstractCollectionBeanInfo
Event: 70.562 loading class java/util/AbstractCollectionBeanInfo done
Event: 70.562 loading class java/util/AbstractCollectionCustomizer
Event: 70.562 loading class java/util/AbstractCollectionCustomizer done
Event: 70.562 loading class java/util/AbstractCollectionCustomizer
Event: 70.563 loading class java/util/AbstractCollectionCustomizer done
Event: 70.564 loading class sun/reflect/generics/reflectiveObjects/GenericArrayTypeImpl
Event: 70.564 loading class sun/reflect/generics/reflectiveObjects/GenericArrayTypeImpl done
Event: 72.105 loading class sun/reflect/generics/tree/LongSignature
Event: 72.105 loading class sun/reflect/generics/tree/LongSignature done


Dynamic libraries:
0x00007ff68fa40000 - 0x00007ff68fa4e000 	C:\Users\teady\.jdks\corretto-17.0.9\bin\java.exe
0x00007ffd4a610000 - 0x00007ffd4a827000 	C:\WINDOWS\SYSTEM32\ntdll.dll
0x00007ffd49a30000 - 0x00007ffd49af4000 	C:\WINDOWS\System32\KERNEL32.DLL
0x00007ffd47fb0000 - 0x00007ffd48356000 	C:\WINDOWS\System32\KERNELBASE.dll
0x00007ffd47ac0000 - 0x00007ffd47bd1000 	C:\WINDOWS\System32\ucrtbase.dll
0x00007ffd34ff0000 - 0x00007ffd35007000 	C:\Users\teady\.jdks\corretto-17.0.9\bin\jli.dll
0x00007ffd34ee0000 - 0x00007ffd34efb000 	C:\Users\teady\.jdks\corretto-17.0.9\bin\VCRUNTIME140.dll
0x00007ffd49640000 - 0x00007ffd497ee000 	C:\WINDOWS\System32\USER32.dll
0x00007ffd47f80000 - 0x00007ffd47fa6000 	C:\WINDOWS\System32\win32u.dll
0x00007ffd49b20000 - 0x00007ffd49b49000 	C:\WINDOWS\System32\GDI32.dll
0x00007ffd47c60000 - 0x00007ffd47d78000 	C:\WINDOWS\System32\gdi32full.dll
0x00007ffd47db0000 - 0x00007ffd47e4a000 	C:\WINDOWS\System32\msvcp_win.dll
0x00007ffd35870000 - 0x00007ffd35b03000 	C:\WINDOWS\WinSxS\amd64_microsoft.windows.common-controls_6595b64144ccf1df_6.0.22621.2506_none_270c5ae97388e100\COMCTL32.dll
0x00007ffd49e20000 - 0x00007ffd49ec7000 	C:\WINDOWS\System32\msvcrt.dll
0x00007ffd499f0000 - 0x00007ffd49a21000 	C:\WINDOWS\System32\IMM32.DLL
0x00007ffd3f820000 - 0x00007ffd3f82c000 	C:\Users\teady\.jdks\corretto-17.0.9\bin\vcruntime140_1.dll
0x00007ffd20500000 - 0x00007ffd2058d000 	C:\Users\teady\.jdks\corretto-17.0.9\bin\msvcp140.dll
0x00007ffcd7b30000 - 0x00007ffcd8791000 	C:\Users\teady\.jdks\corretto-17.0.9\bin\server\jvm.dll
0x00007ffd4a510000 - 0x00007ffd4a5c3000 	C:\WINDOWS\System32\ADVAPI32.dll
0x00007ffd48820000 - 0x00007ffd488c8000 	C:\WINDOWS\System32\sechost.dll
0x00007ffd47d80000 - 0x00007ffd47da8000 	C:\WINDOWS\System32\bcrypt.dll
0x00007ffd48500000 - 0x00007ffd48617000 	C:\WINDOWS\System32\RPCRT4.dll
0x00007ffd47820000 - 0x00007ffd4786d000 	C:\WINDOWS\SYSTEM32\POWRPROF.dll
0x00007ffd310a0000 - 0x00007ffd310a9000 	C:\WINDOWS\SYSTEM32\WSOCK32.dll
0x00007ffd488e0000 - 0x00007ffd48951000 	C:\WINDOWS\System32\WS2_32.dll
0x00007ffd3eee0000 - 0x00007ffd3ef14000 	C:\WINDOWS\SYSTEM32\WINMM.dll
0x00007ffd39890000 - 0x00007ffd3989a000 	C:\WINDOWS\SYSTEM32\VERSION.dll
0x00007ffd47800000 - 0x00007ffd47813000 	C:\WINDOWS\SYSTEM32\UMPDC.dll
0x00007ffd46980000 - 0x00007ffd46998000 	C:\WINDOWS\SYSTEM32\kernel.appcore.dll
0x00007ffd39730000 - 0x00007ffd3973a000 	C:\Users\teady\.jdks\corretto-17.0.9\bin\jimage.dll
0x00007ffd452e0000 - 0x00007ffd45513000 	C:\WINDOWS\SYSTEM32\DBGHELP.DLL
0x00007ffd49f40000 - 0x00007ffd4a2c9000 	C:\WINDOWS\System32\combase.dll
0x00007ffd49c40000 - 0x00007ffd49d17000 	C:\WINDOWS\System32\OLEAUT32.dll
0x00007ffd2cea0000 - 0x00007ffd2ced2000 	C:\WINDOWS\SYSTEM32\dbgcore.DLL
0x00007ffd47be0000 - 0x00007ffd47c5a000 	C:\WINDOWS\System32\bcryptPrimitives.dll
0x00007ffd395f0000 - 0x00007ffd395fe000 	C:\Users\teady\.jdks\corretto-17.0.9\bin\instrument.dll
0x00007ffd34530000 - 0x00007ffd34555000 	C:\Users\teady\.jdks\corretto-17.0.9\bin\java.dll
0x00007ffd10c80000 - 0x00007ffd10d57000 	C:\Users\teady\.jdks\corretto-17.0.9\bin\jsvml.dll
0x00007ffd48960000 - 0x00007ffd491ba000 	C:\WINDOWS\System32\SHELL32.dll
0x00007ffd458a0000 - 0x00007ffd46196000 	C:\WINDOWS\SYSTEM32\windows.storage.dll
0x00007ffd45760000 - 0x00007ffd4589e000 	C:\WINDOWS\SYSTEM32\wintypes.dll
0x00007ffd48400000 - 0x00007ffd484f3000 	C:\WINDOWS\System32\SHCORE.dll
0x00007ffd49b50000 - 0x00007ffd49bae000 	C:\WINDOWS\System32\shlwapi.dll
0x00007ffd47880000 - 0x00007ffd478a6000 	C:\WINDOWS\SYSTEM32\profapi.dll
0x00007ffd30b70000 - 0x00007ffd30b88000 	C:\Users\teady\.jdks\corretto-17.0.9\bin\zip.dll
0x00007ffd30b50000 - 0x00007ffd30b69000 	C:\Users\teady\.jdks\corretto-17.0.9\bin\net.dll
0x00007ffd41370000 - 0x00007ffd414a7000 	C:\WINDOWS\SYSTEM32\WINHTTP.dll
0x00007ffd46e00000 - 0x00007ffd46e69000 	C:\WINDOWS\system32\mswsock.dll
0x00007ffd30b30000 - 0x00007ffd30b46000 	C:\Users\teady\.jdks\corretto-17.0.9\bin\nio.dll
0x00007ffd36390000 - 0x00007ffd363a0000 	C:\Users\teady\.jdks\corretto-17.0.9\bin\verify.dll
0x00007ffd31ae0000 - 0x00007ffd31b07000 	C:\Users\teady\.gradle\native\c067742578af261105cb4f569cf0c3c89f3d7b1fecec35dd04571415982c5e48\windows-amd64\native-platform.dll
0x00007ffd10190000 - 0x00007ffd102d4000 	C:\Users\teady\.gradle\native\38dada09dfb8b06ba9b0570ebf7e218e3eb74d4ef43ca46872605cf95ebc2f47\windows-amd64\native-platform-file-events.dll
0x00007ffd34ed0000 - 0x00007ffd34ed9000 	C:\Users\teady\.jdks\corretto-17.0.9\bin\management.dll
0x00007ffd30b20000 - 0x00007ffd30b2b000 	C:\Users\teady\.jdks\corretto-17.0.9\bin\management_ext.dll
0x00007ffd483f0000 - 0x00007ffd483f8000 	C:\WINDOWS\System32\PSAPI.DLL
0x00007ffd47050000 - 0x00007ffd4706b000 	C:\WINDOWS\SYSTEM32\CRYPTSP.dll
0x00007ffd468e0000 - 0x00007ffd46915000 	C:\WINDOWS\system32\rsaenh.dll
0x00007ffd46ef0000 - 0x00007ffd46f1c000 	C:\WINDOWS\SYSTEM32\USERENV.dll
0x00007ffd47070000 - 0x00007ffd4707c000 	C:\WINDOWS\SYSTEM32\CRYPTBASE.dll
0x00007ffd46400000 - 0x00007ffd4642d000 	C:\WINDOWS\SYSTEM32\IPHLPAPI.DLL
0x00007ffd497f0000 - 0x00007ffd497f9000 	C:\WINDOWS\System32\NSI.dll
0x00007ffd3df70000 - 0x00007ffd3df89000 	C:\WINDOWS\SYSTEM32\dhcpcsvc6.DLL
0x00007ffd3df50000 - 0x00007ffd3df6f000 	C:\WINDOWS\SYSTEM32\dhcpcsvc.DLL
0x00007ffd46470000 - 0x00007ffd46569000 	C:\WINDOWS\SYSTEM32\DNSAPI.dll
0x00007ffd23bd0000 - 0x00007ffd23bde000 	C:\Users\teady\.jdks\corretto-17.0.9\bin\sunmscapi.dll
0x00007ffd47950000 - 0x00007ffd47ab6000 	C:\WINDOWS\System32\CRYPT32.dll
0x00007ffd47210000 - 0x00007ffd4723e000 	C:\WINDOWS\SYSTEM32\ncrypt.dll
0x00007ffd471d0000 - 0x00007ffd47207000 	C:\WINDOWS\SYSTEM32\NTASN1.dll
0x00007ffd35b90000 - 0x00007ffd35b98000 	C:\WINDOWS\system32\wshunix.dll

dbghelp: loaded successfully - version: 4.0.5 - missing functions: none
symbol engine: initialized successfully - sym options: 0x614 - pdb path: .;C:\Users\teady\.jdks\corretto-17.0.9\bin;C:\WINDOWS\SYSTEM32;C:\WINDOWS\WinSxS\amd64_microsoft.windows.common-controls_6595b64144ccf1df_6.0.22621.2506_none_270c5ae97388e100;C:\Users\teady\.jdks\corretto-17.0.9\bin\server;C:\Users\teady\.gradle\native\c067742578af261105cb4f569cf0c3c89f3d7b1fecec35dd04571415982c5e48\windows-amd64;C:\Users\teady\.gradle\native\38dada09dfb8b06ba9b0570ebf7e218e3eb74d4ef43ca46872605cf95ebc2f47\windows-amd64

VM Arguments:
jvm_args: --add-opens=java.base/java.util=ALL-UNNAMED --add-opens=java.base/java.lang=ALL-UNNAMED --add-opens=java.base/java.lang.invoke=ALL-UNNAMED --add-opens=java.prefs/java.util.prefs=ALL-UNNAMED --add-opens=java.base/java.nio.charset=ALL-UNNAMED --add-opens=java.base/java.net=ALL-UNNAMED --add-opens=java.base/java.util.concurrent.atomic=ALL-UNNAMED -XX:MaxMetaspaceSize=384m -XX:+HeapDumpOnOutOfMemoryError -Xms256m -Xmx512m -Dfile.encoding=x-windows-949 -Duser.country=KR -Duser.language=ko -Duser.variant -javaagent:C:\Users\teady\.gradle\wrapper\dists\gradle-8.5-bin\5t9huq95ubn472n8rpzujfbqh\gradle-8.5\lib\agents\gradle-instrumentation-agent-8.5.jar 
java_command: org.gradle.launcher.daemon.bootstrap.GradleDaemon 8.5
java_class_path (initial): C:\Users\teady\.gradle\wrapper\dists\gradle-8.5-bin\5t9huq95ubn472n8rpzujfbqh\gradle-8.5\lib\gradle-launcher-8.5.jar
Launcher Type: SUN_STANDARD

[Global flags]
     intx CICompilerCount                          = 3                                         {product} {ergonomic}
   size_t CompressedClassSpaceSize                 = 335544320                                 {product} {ergonomic}
     uint ConcGCThreads                            = 1                                         {product} {ergonomic}
     uint G1ConcRefinementThreads                  = 4                                         {product} {ergonomic}
   size_t G1HeapRegionSize                         = 1048576                                   {product} {ergonomic}
    uintx GCDrainStackTargetSize                   = 64                                        {product} {ergonomic}
     bool HeapDumpOnOutOfMemoryError               = true                                   {manageable} {command line}
   size_t InitialHeapSize                          = 268435456                                 {product} {command line}
   size_t MarkStackSize                            = 4194304                                   {product} {ergonomic}
   size_t MaxHeapSize                              = 536870912                                 {product} {command line}
   size_t MaxMetaspaceSize                         = 402653184                                 {product} {command line}
   size_t MaxNewSize                               = 321912832                                 {product} {ergonomic}
   size_t MinHeapDeltaBytes                        = 1048576                                   {product} {ergonomic}
   size_t MinHeapSize                              = 268435456                                 {product} {command line}
    uintx NonNMethodCodeHeapSize                   = 5832780                                {pd product} {ergonomic}
    uintx NonProfiledCodeHeapSize                  = 122912730                              {pd product} {ergonomic}
    uintx ProfiledCodeHeapSize                     = 122912730                              {pd product} {ergonomic}
    uintx ReservedCodeCacheSize                    = 251658240                              {pd product} {ergonomic}
     bool SegmentedCodeCache                       = true                                      {product} {ergonomic}
   size_t SoftMaxHeapSize                          = 536870912                              {manageable} {ergonomic}
     bool UseCompressedClassPointers               = true                           {product lp64_product} {ergonomic}
     bool UseCompressedOops                        = true                           {product lp64_product} {ergonomic}
     bool UseG1GC                                  = true                                      {product} {ergonomic}
     bool UseLargePagesIndividualAllocation        = false                                  {pd product} {ergonomic}

Logging:
Log output configuration:
 #0: stdout all=warning uptime,level,tags
 #1: stderr all=off uptime,level,tags

Environment Variables:
JAVA_HOME=C:\Program Files\Java\jdk-11
PATH=C:\Program Files\Java\jdk-11\bin;C:\Program Files\Java\scripts;C:\Program Files\Java\jdk-11;C:\Program Files\Java\jdk-17;C:\app\teady\product\11.2.0\dbhome_1\bin;C:\Program Files (x86)\Intel\iCLS Client\;C:\Program Files\Intel\iCLS Client\;C:\WINDOWS\system32;C:\WINDOWS;C:\WINDOWS\System32\Wbem;C:\WINDOWS\System32\WindowsPowerShell\v1.0\;C:\WINDOWS\System32\OpenSSH\;C:\Program Files (x86)\Intel\Intel(R) Management Engine Components\DAL;C:\Program Files\Intel\Intel(R) Management Engine Components\DAL;C:\Program Files (x86)\Intel\Intel(R) Management Engine Components\IPT;C:\Program Files\Intel\Intel(R) Management Engine Components\IPT;C:\Program Files\Git\cmd;C:\Program Files\nodejs\;C:\Users\teady\AppData\Local\Microsoft\WindowsApps;C:\Program Files\Bandizip\;;C:\Users\teady\AppData\Local\Programs\Microsoft VS Code\bin;C:\Users\teady\AppData\Roaming\npm;C:\Program Files\JetBrains\IntelliJ IDEA Community Edition 2023.3.1\bin;
USERNAME=teady
OS=Windows_NT
PROCESSOR_IDENTIFIER=Intel64 Family 6 Model 142 Stepping 10, GenuineIntel
TMP=C:\Users\teady\AppData\Local\Temp
TEMP=C:\Users\teady\AppData\Local\Temp



Periodic native trim disabled


---------------  S Y S T E M  ---------------

OS:
 Windows 11 , 64 bit Build 22621 (10.0.22621.2506)
OS uptime: 5 days 21:04 hours

CPU: total 4 (initial active 4) (2 cores per cpu, 2 threads per core) family 6 model 142 stepping 10 microcode 0xe0, cx8, cmov, fxsr, ht, mmx, 3dnowpref, sse, sse2, sse3, ssse3, sse4.1, sse4.2, popcnt, lzcnt, tsc, tscinvbit, avx, avx2, aes, erms, clmul, bmi1, bmi2, adx, fma, vzeroupper, clflush, clflushopt
Processor Information for all 4 processors :
  Max Mhz: 2208, Current Mhz: 2208, Mhz Limit: 2208

Memory: 4k page, system-wide physical 3929M (353M free)
TotalPageFile size 16217M (AvailPageFile size 465M)
current process WorkingSet (physical memory assigned to process): 242M, peak: 274M
current process commit charge ("private bytes"): 445M, peak: 451M

vm_info: OpenJDK 64-Bit Server VM (17.0.9+8-LTS) for windows-amd64 JRE (17.0.9+8-LTS), built on Oct 12 2023 16:15:33 by "Administrator" with MS VC++ 16.10 / 16.11 (VS2019)

END.
