#
# There is insufficient memory for the Java Runtime Environment to continue.
# Native memory allocation (malloc) failed to allocate 2260032 bytes for Chunk::new
# Possible reasons:
#   The system is out of physical RAM or swap space
#   The process is running with CompressedOops enabled, and the Java Heap may be blocking the growth of the native heap
# Possible solutions:
#   Reduce memory load on the system
#   Increase physical memory or swap space
#   Check if swap backing store is full
#   Decrease Java heap size (-Xmx/-Xms)
#   Decrease number of Java threads
#   Decrease Java thread stack sizes (-Xss)
#   Set larger code cache with -XX:ReservedCodeCacheSize=
#   JVM is running with Unscaled Compressed Oops mode in which the Java heap is
#     placed in the first 4GB address space. The Java Heap base address is the
#     maximum limit for the native heap growth. Please use -XX:HeapBaseMinAddress
#     to set the Java Heap base and to place the Java Heap above 4GB virtual address.
# This output file may be truncated or incomplete.
#
#  Out of Memory Error (arena.cpp:191), pid=11436, tid=18764
#
# JRE version: OpenJDK Runtime Environment Corretto-17.0.9.8.1 (17.0.9+8) (build 17.0.9+8-LTS)
# Java VM: OpenJDK 64-Bit Server VM Corretto-17.0.9.8.1 (17.0.9+8-LTS, mixed mode, sharing, tiered, compressed oops, compressed class ptrs, g1 gc, windows-amd64)
# No core dump will be written. Minidumps are not enabled by default on client versions of Windows
#

---------------  S U M M A R Y ------------

Command Line: --add-opens=java.base/java.util=ALL-UNNAMED --add-opens=java.base/java.lang=ALL-UNNAMED --add-opens=java.base/java.lang.invoke=ALL-UNNAMED --add-opens=java.prefs/java.util.prefs=ALL-UNNAMED --add-opens=java.base/java.nio.charset=ALL-UNNAMED --add-opens=java.base/java.net=ALL-UNNAMED --add-opens=java.base/java.util.concurrent.atomic=ALL-UNNAMED -XX:MaxMetaspaceSize=384m -XX:+HeapDumpOnOutOfMemoryError -Xms256m -Xmx512m -Dfile.encoding=x-windows-949 -Duser.country=KR -Duser.language=ko -Duser.variant -javaagent:C:\Users\teady\.gradle\wrapper\dists\gradle-8.5-bin\5t9huq95ubn472n8rpzujfbqh\gradle-8.5\lib\agents\gradle-instrumentation-agent-8.5.jar org.gradle.launcher.daemon.bootstrap.GradleDaemon 8.5

Host: Intel(R) Core(TM) i3-8130U CPU @ 2.20GHz, 4 cores, 3G,  Windows 11 , 64 bit Build 22621 (10.0.22621.2506)
Time: Sat Jan 20 19:34:50 2024  Windows 11 , 64 bit Build 22621 (10.0.22621.2506) elapsed time: 71.717402 seconds (0d 0h 1m 11s)

---------------  T H R E A D  ---------------

Current thread (0x000001a70f1b38e0):  JavaThread "C2 CompilerThread0" daemon [_thread_in_native, id=18764, stack(0x0000008131d00000,0x0000008131e00000)]


Current CompileTask:
C2:  71718 5968 %     4       groovy.lang.MetaClassImpl::inheritInterfaceNewMetaMethods @ 100 (195 bytes)

Stack: [0x0000008131d00000,0x0000008131e00000]
Native frames: (J=compiled Java code, j=interpreted, Vv=VM code, C=native code)
V  [jvm.dll+0x67cb49]
V  [jvm.dll+0x8344da]
V  [jvm.dll+0x835f9e]
V  [jvm.dll+0x836603]
V  [jvm.dll+0x247b5f]
V  [jvm.dll+0xac43c]
V  [jvm.dll+0xaca8c]
V  [jvm.dll+0x366c87]
V  [jvm.dll+0x330fda]
V  [jvm.dll+0x33047a]
V  [jvm.dll+0x21a201]
V  [jvm.dll+0x219621]
V  [jvm.dll+0x1a56cd]
V  [jvm.dll+0x2293ee]
V  [jvm.dll+0x2275bc]
V  [jvm.dll+0x7e95a7]
V  [jvm.dll+0x7e396a]
V  [jvm.dll+0x67ba35]
C  [ucrtbase.dll+0x29363]
C  [KERNEL32.DLL+0x1257d]
C  [ntdll.dll+0x5aa58]


---------------  P R O C E S S  ---------------

Threads class SMR info:
_java_thread_list=0x000001a72b7aae70, length=49, elements={
0x000001a774d9ce80, 0x000001a70f18dad0, 0x000001a70f18e860, 0x000001a70f1a84d0,
0x000001a70f1aa2b0, 0x000001a70f1ad330, 0x000001a70f1ae3a0, 0x000001a70f1b38e0,
0x000001a70f1b4650, 0x000001a70f1c7730, 0x000001a70f179e10, 0x000001a70f466c20,
0x000001a729b0b490, 0x000001a7290ed310, 0x000001a729e49dc0, 0x000001a70f359b90,
0x000001a72947f4f0, 0x000001a70fe8a4c0, 0x000001a729f25500, 0x000001a70fce8df0,
0x000001a70fce7ec0, 0x000001a70fce88e0, 0x000001a70fce9810, 0x000001a70fcea230,
0x000001a70fce79b0, 0x000001a70fce9d20, 0x000001a70fce83d0, 0x000001a70fcea740,
0x000001a70fce9300, 0x000001a70fce74a0, 0x000001a729c404b0, 0x000001a729c455b0,
0x000001a729c3f580, 0x000001a729c43c60, 0x000001a729c43750, 0x000001a729c418f0,
0x000001a729c464e0, 0x000001a729c45ac0, 0x000001a729c45fd0, 0x000001a729c409c0,
0x000001a729c44170, 0x000001a729c42820, 0x000001a729c3fa90, 0x000001a729c44b90,
0x000001a729c469f0, 0x000001a729c450a0, 0x000001a729c3ffa0, 0x000001a729c44680,
0x000001a729c413e0
}

Java Threads: ( => current thread )
  0x000001a774d9ce80 JavaThread "main" [_thread_blocked, id=23820, stack(0x0000008131000000,0x0000008131100000)]
  0x000001a70f18dad0 JavaThread "Reference Handler" daemon [_thread_blocked, id=18068, stack(0x0000008131700000,0x0000008131800000)]
  0x000001a70f18e860 JavaThread "Finalizer" daemon [_thread_blocked, id=18008, stack(0x0000008131800000,0x0000008131900000)]
  0x000001a70f1a84d0 JavaThread "Signal Dispatcher" daemon [_thread_blocked, id=27732, stack(0x0000008131900000,0x0000008131a00000)]
  0x000001a70f1aa2b0 JavaThread "Attach Listener" daemon [_thread_blocked, id=16336, stack(0x0000008131a00000,0x0000008131b00000)]
  0x000001a70f1ad330 JavaThread "Service Thread" daemon [_thread_blocked, id=16760, stack(0x0000008131b00000,0x0000008131c00000)]
  0x000001a70f1ae3a0 JavaThread "Monitor Deflation Thread" daemon [_thread_blocked, id=15816, stack(0x0000008131c00000,0x0000008131d00000)]
=>0x000001a70f1b38e0 JavaThread "C2 CompilerThread0" daemon [_thread_in_native, id=18764, stack(0x0000008131d00000,0x0000008131e00000)]
  0x000001a70f1b4650 JavaThread "C1 CompilerThread0" daemon [_thread_blocked, id=28664, stack(0x0000008131e00000,0x0000008131f00000)]
  0x000001a70f1c7730 JavaThread "Sweeper thread" daemon [_thread_blocked, id=16732, stack(0x0000008131f00000,0x0000008132000000)]
  0x000001a70f179e10 JavaThread "Common-Cleaner" daemon [_thread_blocked, id=18096, stack(0x0000008132000000,0x0000008132100000)]
  0x000001a70f466c20 JavaThread "Notification Thread" daemon [_thread_blocked, id=12724, stack(0x0000008132100000,0x0000008132200000)]
  0x000001a729b0b490 JavaThread "Daemon health stats" [_thread_blocked, id=17220, stack(0x0000008132600000,0x0000008132700000)]
  0x000001a7290ed310 JavaThread "Incoming local TCP Connector on port 59683" [_thread_in_native, id=13728, stack(0x0000008132700000,0x0000008132800000)]
  0x000001a729e49dc0 JavaThread "Daemon periodic checks" [_thread_blocked, id=26772, stack(0x0000008132800000,0x0000008132900000)]
  0x000001a70f359b90 JavaThread "Daemon" [_thread_blocked, id=17452, stack(0x0000008132900000,0x0000008132a00000)]
  0x000001a72947f4f0 JavaThread "Handler for socket connection from /127.0.0.1:59683 to /127.0.0.1:59685" [_thread_in_native, id=14960, stack(0x0000008132a00000,0x0000008132b00000)]
  0x000001a70fe8a4c0 JavaThread "Cancel handler" [_thread_blocked, id=27688, stack(0x0000008132b00000,0x0000008132c00000)]
  0x000001a729f25500 JavaThread "Daemon worker" [_thread_blocked, id=23988, stack(0x0000008132c00000,0x0000008132d00000)]
  0x000001a70fce8df0 JavaThread "Asynchronous log dispatcher for DefaultDaemonConnection: socket connection from /127.0.0.1:59683 to /127.0.0.1:59685" [_thread_blocked, id=18036, stack(0x0000008132d00000,0x0000008132e00000)]
  0x000001a70fce7ec0 JavaThread "Stdin handler" [_thread_blocked, id=20396, stack(0x0000008132e00000,0x0000008132f00000)]
  0x000001a70fce88e0 JavaThread "Daemon client event forwarder" [_thread_blocked, id=27440, stack(0x0000008132f00000,0x0000008133000000)]
  0x000001a70fce9810 JavaThread "Cache worker for journal cache (C:\Users\teady\.gradle\caches\journal-1)" [_thread_blocked, id=21324, stack(0x0000008133000000,0x0000008133100000)]
  0x000001a70fcea230 JavaThread "File lock request listener" [_thread_in_native, id=248, stack(0x0000008133100000,0x0000008133200000)]
  0x000001a70fce79b0 JavaThread "File lock release action executor" [_thread_blocked, id=20300, stack(0x0000008133200000,0x0000008133300000)]
  0x000001a70fce9d20 JavaThread "Cache worker for file hash cache (C:\Users\teady\.gradle\caches\8.5\fileHashes)" [_thread_blocked, id=24732, stack(0x0000008133300000,0x0000008133400000)]
  0x000001a70fce83d0 JavaThread "File watcher server" daemon [_thread_in_native, id=15948, stack(0x0000008133400000,0x0000008133500000)]
  0x000001a70fcea740 JavaThread "File watcher consumer" daemon [_thread_blocked, id=19700, stack(0x0000008133500000,0x0000008133600000)]
  0x000001a70fce9300 JavaThread "Cache worker for checksums cache (C:\TeamSpace\onedayseed_gradle\.gradle\8.5\checksums)" [_thread_blocked, id=14420, stack(0x0000008133600000,0x0000008133700000)]
  0x000001a70fce74a0 JavaThread "Cache worker for file hash cache (C:\TeamSpace\onedayseed_gradle\.gradle\8.5\fileHashes)" [_thread_blocked, id=27840, stack(0x0000008133700000,0x0000008133800000)]
  0x000001a729c404b0 JavaThread "Cache worker for cache directory md-supplier (C:\Users\teady\.gradle\caches\8.5\md-supplier)" [_thread_blocked, id=12800, stack(0x0000008133800000,0x0000008133900000)]
  0x000001a729c455b0 JavaThread "Cache worker for cache directory md-rule (C:\Users\teady\.gradle\caches\8.5\md-rule)" [_thread_blocked, id=26140, stack(0x0000008133900000,0x0000008133a00000)]
  0x000001a729c3f580 JavaThread "Cache worker for file content cache (C:\Users\teady\.gradle\caches\8.5\fileContent)" [_thread_blocked, id=23560, stack(0x0000008133a00000,0x0000008133b00000)]
  0x000001a729c43c60 JavaThread "Cache worker for execution history cache (C:\Users\teady\.gradle\caches\8.5\executionHistory)" [_thread_blocked, id=28572, stack(0x0000008133b00000,0x0000008133c00000)]
  0x000001a729c43750 JavaThread "jar transforms" [_thread_blocked, id=4116, stack(0x0000008133c00000,0x0000008133d00000)]
  0x000001a729c418f0 JavaThread "jar transforms Thread 2" [_thread_blocked, id=14628, stack(0x0000008133d00000,0x0000008133e00000)]
  0x000001a729c464e0 JavaThread "jar transforms Thread 3" [_thread_blocked, id=27416, stack(0x0000008133e00000,0x0000008133f00000)]
  0x000001a729c45ac0 JavaThread "jar transforms Thread 4" [_thread_blocked, id=17548, stack(0x0000008133f00000,0x0000008134000000)]
  0x000001a729c45fd0 JavaThread "Cache worker for dependencies-accessors (C:\TeamSpace\onedayseed_gradle\.gradle\8.5\dependencies-accessors)" [_thread_blocked, id=24620, stack(0x0000008134000000,0x0000008134100000)]
  0x000001a729c409c0 JavaThread "Cache worker for Build Output Cleanup Cache (C:\TeamSpace\onedayseed_gradle\.gradle\buildOutputCleanup)" [_thread_blocked, id=19320, stack(0x0000008134300000,0x0000008134400000)]
  0x000001a729c44170 JavaThread "Unconstrained build operations" [_thread_blocked, id=10856, stack(0x0000008134400000,0x0000008134500000)]
  0x000001a729c42820 JavaThread "Unconstrained build operations Thread 2" [_thread_blocked, id=2952, stack(0x0000008134500000,0x0000008134600000)]
  0x000001a729c3fa90 JavaThread "Unconstrained build operations Thread 3" [_thread_blocked, id=20496, stack(0x0000008134600000,0x0000008134700000)]
  0x000001a729c44b90 JavaThread "Memory manager" [_thread_blocked, id=9552, stack(0x0000008134700000,0x0000008134800000)]
  0x000001a729c469f0 JavaThread "included builds" [_thread_in_native, id=1900, stack(0x0000008130f00000,0x0000008131000000)]
  0x000001a729c450a0 JavaThread "Execution worker" [_thread_blocked, id=20388, stack(0x0000008134800000,0x0000008134900000)]
  0x000001a729c3ffa0 JavaThread "Execution worker Thread 2" [_thread_blocked, id=28144, stack(0x0000008134900000,0x0000008134a00000)]
  0x000001a729c44680 JavaThread "Execution worker Thread 3" [_thread_blocked, id=3900, stack(0x0000008134a00000,0x0000008134b00000)]
  0x000001a729c413e0 JavaThread "Cache worker for execution history cache (C:\TeamSpace\onedayseed_gradle\.gradle\8.5\executionHistory)" [_thread_blocked, id=24612, stack(0x0000008134b00000,0x0000008134c00000)]

Other Threads:
  0x000001a70f187860 VMThread "VM Thread" [stack: 0x0000008131600000,0x0000008131700000] [id=22240]
  0x000001a70f467100 WatcherThread [stack: 0x0000008132200000,0x0000008132300000] [id=14840]
  0x000001a774dca940 GCTaskThread "GC Thread#0" [stack: 0x0000008131100000,0x0000008131200000] [id=16608]
  0x000001a70f713a50 GCTaskThread "GC Thread#1" [stack: 0x0000008132300000,0x0000008132400000] [id=12844]
  0x000001a70f713d10 GCTaskThread "GC Thread#2" [stack: 0x0000008132400000,0x0000008132500000] [id=720]
  0x000001a70f4ebca0 GCTaskThread "GC Thread#3" [stack: 0x0000008132500000,0x0000008132600000] [id=18208]
  0x000001a774dcf7a0 ConcurrentGCThread "G1 Main Marker" [stack: 0x0000008131200000,0x0000008131300000] [id=14492]
  0x000001a774dd00d0 ConcurrentGCThread "G1 Conc#0" [stack: 0x0000008131300000,0x0000008131400000] [id=28056]
  0x000001a70f04a500 ConcurrentGCThread "G1 Refine#0" [stack: 0x0000008131400000,0x0000008131500000] [id=9844]
  0x000001a72adfce30 ConcurrentGCThread "G1 Refine#1" [stack: 0x0000008130d00000,0x0000008130e00000] [id=21968]
  0x000001a72adfbf80 ConcurrentGCThread "G1 Refine#2" [stack: 0x0000008130e00000,0x0000008130f00000] [id=8340]
  0x000001a70f04ae40 ConcurrentGCThread "G1 Service" [stack: 0x0000008131500000,0x0000008131600000] [id=15652]

Threads with active compile tasks:
C2 CompilerThread0    71979 5968 %     4       groovy.lang.MetaClassImpl::inheritInterfaceNewMetaMethods @ 100 (195 bytes)

VM state: not at safepoint (normal execution)

VM Mutex/Monitor currently owned by a thread: None

Heap address: 0x00000000e0000000, size: 512 MB, Compressed Oops mode: 32-bit

CDS archive(s) mapped at: [0x000001a710000000-0x000001a710ba0000-0x000001a710ba0000), size 12189696, SharedBaseAddress: 0x000001a710000000, ArchiveRelocationMode: 1.
Compressed class space mapped at: 0x000001a711000000-0x000001a725000000, reserved size: 335544320
Narrow klass base: 0x000001a710000000, Narrow klass shift: 0, Narrow klass range: 0x100000000

GC Precious Log:
 CPUs: 4 total, 4 available
 Memory: 3929M
 Large Page Support: Disabled
 NUMA Support: Disabled
 Compressed Oops: Enabled (32-bit)
 Heap Region Size: 1M
 Heap Min Capacity: 256M
 Heap Initial Capacity: 256M
 Heap Max Capacity: 512M
 Pre-touch: Disabled
 Parallel Workers: 4
 Concurrent Workers: 1
 Concurrent Refinement Workers: 4
 Periodic GC: Disabled

Heap:
 garbage-first heap   total 262144K, used 117378K [0x00000000e0000000, 0x0000000100000000)
  region size 1024K, 85 young (87040K), 7 survivors (7168K)
 Metaspace       used 49463K, committed 50048K, reserved 393216K
  class space    used 7109K, committed 7424K, reserved 327680K

Heap Regions: E=young(eden), S=young(survivor), O=old, HS=humongous(starts), HC=humongous(continues), CS=collection set, F=free, OA=open archive, CA=closed archive, TAMS=top-at-mark-start (previous, next)
|   0|0x00000000e0000000, 0x00000000e0100000, 0x00000000e0100000|100%| O|  |TAMS 0x00000000e0100000, 0x00000000e0000000| Untracked 
|   1|0x00000000e0100000, 0x00000000e0200000, 0x00000000e0200000|100%| O|  |TAMS 0x00000000e0200000, 0x00000000e0100000| Untracked 
|   2|0x00000000e0200000, 0x00000000e0300000, 0x00000000e0300000|100%|HS|  |TAMS 0x00000000e0300000, 0x00000000e0200000| Complete 
|   3|0x00000000e0300000, 0x00000000e0400000, 0x00000000e0400000|100%|HC|  |TAMS 0x00000000e0400000, 0x00000000e0300000| Complete 
|   4|0x00000000e0400000, 0x00000000e0500000, 0x00000000e0500000|100%|HC|  |TAMS 0x00000000e0500000, 0x00000000e0400000| Complete 
|   5|0x00000000e0500000, 0x00000000e0600000, 0x00000000e0600000|100%|HC|  |TAMS 0x00000000e0600000, 0x00000000e0500000| Complete 
|   6|0x00000000e0600000, 0x00000000e0700000, 0x00000000e0700000|100%| O|  |TAMS 0x00000000e0700000, 0x00000000e0600000| Untracked 
|   7|0x00000000e0700000, 0x00000000e0800000, 0x00000000e0800000|100%| O|  |TAMS 0x00000000e0800000, 0x00000000e0700000| Untracked 
|   8|0x00000000e0800000, 0x00000000e0900000, 0x00000000e0900000|100%| O|  |TAMS 0x00000000e0900000, 0x00000000e0800000| Untracked 
|   9|0x00000000e0900000, 0x00000000e0a00000, 0x00000000e0a00000|100%| O|  |TAMS 0x00000000e0a00000, 0x00000000e0900000| Untracked 
|  10|0x00000000e0a00000, 0x00000000e0b00000, 0x00000000e0b00000|100%| O|  |TAMS 0x00000000e0a8aa00, 0x00000000e0a00000| Untracked 
|  11|0x00000000e0b00000, 0x00000000e0b00000, 0x00000000e0c00000|  0%| F|  |TAMS 0x00000000e0b00000, 0x00000000e0b00000| Untracked 
|  12|0x00000000e0c00000, 0x00000000e0c00000, 0x00000000e0d00000|  0%| F|  |TAMS 0x00000000e0c00000, 0x00000000e0c00000| Untracked 
|  13|0x00000000e0d00000, 0x00000000e0e00000, 0x00000000e0e00000|100%| O|  |TAMS 0x00000000e0d00000, 0x00000000e0d00000| Untracked 
|  14|0x00000000e0e00000, 0x00000000e0f00000, 0x00000000e0f00000|100%| O|  |TAMS 0x00000000e0e00000, 0x00000000e0e00000| Untracked 
|  15|0x00000000e0f00000, 0x00000000e1000000, 0x00000000e1000000|100%| O|  |TAMS 0x00000000e0f00000, 0x00000000e0f00000| Untracked 
|  16|0x00000000e1000000, 0x00000000e1100000, 0x00000000e1100000|100%| O|  |TAMS 0x00000000e1000000, 0x00000000e1000000| Untracked 
|  17|0x00000000e1100000, 0x00000000e1200000, 0x00000000e1200000|100%| O|  |TAMS 0x00000000e1100000, 0x00000000e1100000| Untracked 
|  18|0x00000000e1200000, 0x00000000e1300000, 0x00000000e1300000|100%| O|  |TAMS 0x00000000e1200000, 0x00000000e1200000| Untracked 
|  19|0x00000000e1300000, 0x00000000e1400000, 0x00000000e1400000|100%| O|  |TAMS 0x00000000e1300000, 0x00000000e1300000| Untracked 
|  20|0x00000000e1400000, 0x00000000e1500000, 0x00000000e1500000|100%| O|  |TAMS 0x00000000e1400000, 0x00000000e1400000| Untracked 
|  21|0x00000000e1500000, 0x00000000e1600000, 0x00000000e1600000|100%| O|  |TAMS 0x00000000e1500000, 0x00000000e1500000| Untracked 
|  22|0x00000000e1600000, 0x00000000e1700000, 0x00000000e1700000|100%| O|  |TAMS 0x00000000e1600000, 0x00000000e1600000| Untracked 
|  23|0x00000000e1700000, 0x00000000e1800000, 0x00000000e1800000|100%| O|  |TAMS 0x00000000e1700000, 0x00000000e1700000| Untracked 
|  24|0x00000000e1800000, 0x00000000e1900000, 0x00000000e1900000|100%| O|  |TAMS 0x00000000e1800000, 0x00000000e1800000| Untracked 
|  25|0x00000000e1900000, 0x00000000e1a00000, 0x00000000e1a00000|100%| O|  |TAMS 0x00000000e1900000, 0x00000000e1900000| Untracked 
|  26|0x00000000e1a00000, 0x00000000e1b00000, 0x00000000e1b00000|100%| O|  |TAMS 0x00000000e1a00000, 0x00000000e1a00000| Untracked 
|  27|0x00000000e1b00000, 0x00000000e1c00000, 0x00000000e1c00000|100%| O|  |TAMS 0x00000000e1b00000, 0x00000000e1b00000| Untracked 
|  28|0x00000000e1c00000, 0x00000000e1d00000, 0x00000000e1d00000|100%| O|  |TAMS 0x00000000e1c00000, 0x00000000e1c00000| Untracked 
|  29|0x00000000e1d00000, 0x00000000e1e00000, 0x00000000e1e00000|100%| O|  |TAMS 0x00000000e1d00000, 0x00000000e1d00000| Untracked 
|  30|0x00000000e1e00000, 0x00000000e1f00000, 0x00000000e1f00000|100%| O|  |TAMS 0x00000000e1e00000, 0x00000000e1e00000| Untracked 
|  31|0x00000000e1f00000, 0x00000000e2000000, 0x00000000e2000000|100%| O|  |TAMS 0x00000000e1f00000, 0x00000000e1f00000| Untracked 
|  32|0x00000000e2000000, 0x00000000e20d5c00, 0x00000000e2100000| 83%| O|  |TAMS 0x00000000e2000000, 0x00000000e2000000| Untracked 
|  33|0x00000000e2100000, 0x00000000e2100000, 0x00000000e2200000|  0%| F|  |TAMS 0x00000000e2100000, 0x00000000e2100000| Untracked 
|  34|0x00000000e2200000, 0x00000000e2200000, 0x00000000e2300000|  0%| F|  |TAMS 0x00000000e2200000, 0x00000000e2200000| Untracked 
|  35|0x00000000e2300000, 0x00000000e2300000, 0x00000000e2400000|  0%| F|  |TAMS 0x00000000e2300000, 0x00000000e2300000| Untracked 
|  36|0x00000000e2400000, 0x00000000e2400000, 0x00000000e2500000|  0%| F|  |TAMS 0x00000000e2400000, 0x00000000e2400000| Untracked 
|  37|0x00000000e2500000, 0x00000000e2500000, 0x00000000e2600000|  0%| F|  |TAMS 0x00000000e2500000, 0x00000000e2500000| Untracked 
|  38|0x00000000e2600000, 0x00000000e2600000, 0x00000000e2700000|  0%| F|  |TAMS 0x00000000e2600000, 0x00000000e2600000| Untracked 
|  39|0x00000000e2700000, 0x00000000e2700000, 0x00000000e2800000|  0%| F|  |TAMS 0x00000000e2700000, 0x00000000e2700000| Untracked 
|  40|0x00000000e2800000, 0x00000000e2800000, 0x00000000e2900000|  0%| F|  |TAMS 0x00000000e2800000, 0x00000000e2800000| Untracked 
|  41|0x00000000e2900000, 0x00000000e2900000, 0x00000000e2a00000|  0%| F|  |TAMS 0x00000000e2900000, 0x00000000e2900000| Untracked 
|  42|0x00000000e2a00000, 0x00000000e2a00000, 0x00000000e2b00000|  0%| F|  |TAMS 0x00000000e2a00000, 0x00000000e2a00000| Untracked 
|  43|0x00000000e2b00000, 0x00000000e2b00000, 0x00000000e2c00000|  0%| F|  |TAMS 0x00000000e2b00000, 0x00000000e2b00000| Untracked 
|  44|0x00000000e2c00000, 0x00000000e2c00000, 0x00000000e2d00000|  0%| F|  |TAMS 0x00000000e2c00000, 0x00000000e2c00000| Untracked 
|  45|0x00000000e2d00000, 0x00000000e2d00000, 0x00000000e2e00000|  0%| F|  |TAMS 0x00000000e2d00000, 0x00000000e2d00000| Untracked 
|  46|0x00000000e2e00000, 0x00000000e2e00000, 0x00000000e2f00000|  0%| F|  |TAMS 0x00000000e2e00000, 0x00000000e2e00000| Untracked 
|  47|0x00000000e2f00000, 0x00000000e2f00000, 0x00000000e3000000|  0%| F|  |TAMS 0x00000000e2f00000, 0x00000000e2f00000| Untracked 
|  48|0x00000000e3000000, 0x00000000e3000000, 0x00000000e3100000|  0%| F|  |TAMS 0x00000000e3000000, 0x00000000e3000000| Untracked 
|  49|0x00000000e3100000, 0x00000000e3100000, 0x00000000e3200000|  0%| F|  |TAMS 0x00000000e3100000, 0x00000000e3100000| Untracked 
|  50|0x00000000e3200000, 0x00000000e3200000, 0x00000000e3300000|  0%| F|  |TAMS 0x00000000e3200000, 0x00000000e3200000| Untracked 
|  51|0x00000000e3300000, 0x00000000e3300000, 0x00000000e3400000|  0%| F|  |TAMS 0x00000000e3300000, 0x00000000e3300000| Untracked 
|  52|0x00000000e3400000, 0x00000000e3400000, 0x00000000e3500000|  0%| F|  |TAMS 0x00000000e3400000, 0x00000000e3400000| Untracked 
|  53|0x00000000e3500000, 0x00000000e3500000, 0x00000000e3600000|  0%| F|  |TAMS 0x00000000e3500000, 0x00000000e3500000| Untracked 
|  54|0x00000000e3600000, 0x00000000e3600000, 0x00000000e3700000|  0%| F|  |TAMS 0x00000000e3600000, 0x00000000e3600000| Untracked 
|  55|0x00000000e3700000, 0x00000000e3700000, 0x00000000e3800000|  0%| F|  |TAMS 0x00000000e3700000, 0x00000000e3700000| Untracked 
|  56|0x00000000e3800000, 0x00000000e3800000, 0x00000000e3900000|  0%| F|  |TAMS 0x00000000e3800000, 0x00000000e3800000| Untracked 
|  57|0x00000000e3900000, 0x00000000e3900000, 0x00000000e3a00000|  0%| F|  |TAMS 0x00000000e3900000, 0x00000000e3900000| Untracked 
|  58|0x00000000e3a00000, 0x00000000e3a00000, 0x00000000e3b00000|  0%| F|  |TAMS 0x00000000e3a00000, 0x00000000e3a00000| Untracked 
|  59|0x00000000e3b00000, 0x00000000e3b00000, 0x00000000e3c00000|  0%| F|  |TAMS 0x00000000e3b00000, 0x00000000e3b00000| Untracked 
|  60|0x00000000e3c00000, 0x00000000e3c00000, 0x00000000e3d00000|  0%| F|  |TAMS 0x00000000e3c00000, 0x00000000e3c00000| Untracked 
|  61|0x00000000e3d00000, 0x00000000e3d00000, 0x00000000e3e00000|  0%| F|  |TAMS 0x00000000e3d00000, 0x00000000e3d00000| Untracked 
|  62|0x00000000e3e00000, 0x00000000e3e00000, 0x00000000e3f00000|  0%| F|  |TAMS 0x00000000e3e00000, 0x00000000e3e00000| Untracked 
|  63|0x00000000e3f00000, 0x00000000e3f00000, 0x00000000e4000000|  0%| F|  |TAMS 0x00000000e3f00000, 0x00000000e3f00000| Untracked 
|  64|0x00000000e4000000, 0x00000000e4000000, 0x00000000e4100000|  0%| F|  |TAMS 0x00000000e4000000, 0x00000000e4000000| Untracked 
|  65|0x00000000e4100000, 0x00000000e4100000, 0x00000000e4200000|  0%| F|  |TAMS 0x00000000e4100000, 0x00000000e4100000| Untracked 
|  66|0x00000000e4200000, 0x00000000e4200000, 0x00000000e4300000|  0%| F|  |TAMS 0x00000000e4200000, 0x00000000e4200000| Untracked 
|  67|0x00000000e4300000, 0x00000000e4300000, 0x00000000e4400000|  0%| F|  |TAMS 0x00000000e4300000, 0x00000000e4300000| Untracked 
|  68|0x00000000e4400000, 0x00000000e4400000, 0x00000000e4500000|  0%| F|  |TAMS 0x00000000e4400000, 0x00000000e4400000| Untracked 
|  69|0x00000000e4500000, 0x00000000e4500000, 0x00000000e4600000|  0%| F|  |TAMS 0x00000000e4500000, 0x00000000e4500000| Untracked 
|  70|0x00000000e4600000, 0x00000000e4600000, 0x00000000e4700000|  0%| F|  |TAMS 0x00000000e4600000, 0x00000000e4600000| Untracked 
|  71|0x00000000e4700000, 0x00000000e4700000, 0x00000000e4800000|  0%| F|  |TAMS 0x00000000e4700000, 0x00000000e4700000| Untracked 
|  72|0x00000000e4800000, 0x00000000e4800000, 0x00000000e4900000|  0%| F|  |TAMS 0x00000000e4800000, 0x00000000e4800000| Untracked 
|  73|0x00000000e4900000, 0x00000000e4900000, 0x00000000e4a00000|  0%| F|  |TAMS 0x00000000e4900000, 0x00000000e4900000| Untracked 
|  74|0x00000000e4a00000, 0x00000000e4a00000, 0x00000000e4b00000|  0%| F|  |TAMS 0x00000000e4a00000, 0x00000000e4a00000| Untracked 
|  75|0x00000000e4b00000, 0x00000000e4b00000, 0x00000000e4c00000|  0%| F|  |TAMS 0x00000000e4b00000, 0x00000000e4b00000| Untracked 
|  76|0x00000000e4c00000, 0x00000000e4c00000, 0x00000000e4d00000|  0%| F|  |TAMS 0x00000000e4c00000, 0x00000000e4c00000| Untracked 
|  77|0x00000000e4d00000, 0x00000000e4d00000, 0x00000000e4e00000|  0%| F|  |TAMS 0x00000000e4d00000, 0x00000000e4d00000| Untracked 
|  78|0x00000000e4e00000, 0x00000000e4e00000, 0x00000000e4f00000|  0%| F|  |TAMS 0x00000000e4e00000, 0x00000000e4e00000| Untracked 
|  79|0x00000000e4f00000, 0x00000000e4f00000, 0x00000000e5000000|  0%| F|  |TAMS 0x00000000e4f00000, 0x00000000e4f00000| Untracked 
|  80|0x00000000e5000000, 0x00000000e5000000, 0x00000000e5100000|  0%| F|  |TAMS 0x00000000e5000000, 0x00000000e5000000| Untracked 
|  81|0x00000000e5100000, 0x00000000e5100000, 0x00000000e5200000|  0%| F|  |TAMS 0x00000000e5100000, 0x00000000e5100000| Untracked 
|  82|0x00000000e5200000, 0x00000000e5200000, 0x00000000e5300000|  0%| F|  |TAMS 0x00000000e5200000, 0x00000000e5200000| Untracked 
|  83|0x00000000e5300000, 0x00000000e5300000, 0x00000000e5400000|  0%| F|  |TAMS 0x00000000e5300000, 0x00000000e5300000| Untracked 
|  84|0x00000000e5400000, 0x00000000e5400000, 0x00000000e5500000|  0%| F|  |TAMS 0x00000000e5400000, 0x00000000e5400000| Untracked 
|  85|0x00000000e5500000, 0x00000000e5500000, 0x00000000e5600000|  0%| F|  |TAMS 0x00000000e5500000, 0x00000000e5500000| Untracked 
|  86|0x00000000e5600000, 0x00000000e5600000, 0x00000000e5700000|  0%| F|  |TAMS 0x00000000e5600000, 0x00000000e5600000| Untracked 
|  87|0x00000000e5700000, 0x00000000e5700000, 0x00000000e5800000|  0%| F|  |TAMS 0x00000000e5700000, 0x00000000e5700000| Untracked 
|  88|0x00000000e5800000, 0x00000000e5800000, 0x00000000e5900000|  0%| F|  |TAMS 0x00000000e5800000, 0x00000000e5800000| Untracked 
|  89|0x00000000e5900000, 0x00000000e5900000, 0x00000000e5a00000|  0%| F|  |TAMS 0x00000000e5900000, 0x00000000e5900000| Untracked 
|  90|0x00000000e5a00000, 0x00000000e5a00000, 0x00000000e5b00000|  0%| F|  |TAMS 0x00000000e5a00000, 0x00000000e5a00000| Untracked 
|  91|0x00000000e5b00000, 0x00000000e5b00000, 0x00000000e5c00000|  0%| F|  |TAMS 0x00000000e5b00000, 0x00000000e5b00000| Untracked 
|  92|0x00000000e5c00000, 0x00000000e5c00000, 0x00000000e5d00000|  0%| F|  |TAMS 0x00000000e5c00000, 0x00000000e5c00000| Untracked 
|  93|0x00000000e5d00000, 0x00000000e5d00000, 0x00000000e5e00000|  0%| F|  |TAMS 0x00000000e5d00000, 0x00000000e5d00000| Untracked 
|  94|0x00000000e5e00000, 0x00000000e5e00000, 0x00000000e5f00000|  0%| F|  |TAMS 0x00000000e5e00000, 0x00000000e5e00000| Untracked 
|  95|0x00000000e5f00000, 0x00000000e5f00000, 0x00000000e6000000|  0%| F|  |TAMS 0x00000000e5f00000, 0x00000000e5f00000| Untracked 
|  96|0x00000000e6000000, 0x00000000e6000000, 0x00000000e6100000|  0%| F|  |TAMS 0x00000000e6000000, 0x00000000e6000000| Untracked 
|  97|0x00000000e6100000, 0x00000000e6100000, 0x00000000e6200000|  0%| F|  |TAMS 0x00000000e6100000, 0x00000000e6100000| Untracked 
|  98|0x00000000e6200000, 0x00000000e6200000, 0x00000000e6300000|  0%| F|  |TAMS 0x00000000e6200000, 0x00000000e6200000| Untracked 
|  99|0x00000000e6300000, 0x00000000e6300000, 0x00000000e6400000|  0%| F|  |TAMS 0x00000000e6300000, 0x00000000e6300000| Untracked 
| 100|0x00000000e6400000, 0x00000000e6400000, 0x00000000e6500000|  0%| F|  |TAMS 0x00000000e6400000, 0x00000000e6400000| Untracked 
| 101|0x00000000e6500000, 0x00000000e6500000, 0x00000000e6600000|  0%| F|  |TAMS 0x00000000e6500000, 0x00000000e6500000| Untracked 
| 102|0x00000000e6600000, 0x00000000e6600000, 0x00000000e6700000|  0%| F|  |TAMS 0x00000000e6600000, 0x00000000e6600000| Untracked 
| 103|0x00000000e6700000, 0x00000000e6700000, 0x00000000e6800000|  0%| F|  |TAMS 0x00000000e6700000, 0x00000000e6700000| Untracked 
| 104|0x00000000e6800000, 0x00000000e6800000, 0x00000000e6900000|  0%| F|  |TAMS 0x00000000e6800000, 0x00000000e6800000| Untracked 
| 105|0x00000000e6900000, 0x00000000e6900000, 0x00000000e6a00000|  0%| F|  |TAMS 0x00000000e6900000, 0x00000000e6900000| Untracked 
| 106|0x00000000e6a00000, 0x00000000e6a00000, 0x00000000e6b00000|  0%| F|  |TAMS 0x00000000e6a00000, 0x00000000e6a00000| Untracked 
| 107|0x00000000e6b00000, 0x00000000e6b00000, 0x00000000e6c00000|  0%| F|  |TAMS 0x00000000e6b00000, 0x00000000e6b00000| Untracked 
| 108|0x00000000e6c00000, 0x00000000e6c00000, 0x00000000e6d00000|  0%| F|  |TAMS 0x00000000e6c00000, 0x00000000e6c00000| Untracked 
| 109|0x00000000e6d00000, 0x00000000e6d00000, 0x00000000e6e00000|  0%| F|  |TAMS 0x00000000e6d00000, 0x00000000e6d00000| Untracked 
| 110|0x00000000e6e00000, 0x00000000e6e00000, 0x00000000e6f00000|  0%| F|  |TAMS 0x00000000e6e00000, 0x00000000e6e00000| Untracked 
| 111|0x00000000e6f00000, 0x00000000e6f00000, 0x00000000e7000000|  0%| F|  |TAMS 0x00000000e6f00000, 0x00000000e6f00000| Untracked 
| 112|0x00000000e7000000, 0x00000000e7000000, 0x00000000e7100000|  0%| F|  |TAMS 0x00000000e7000000, 0x00000000e7000000| Untracked 
| 113|0x00000000e7100000, 0x00000000e7100000, 0x00000000e7200000|  0%| F|  |TAMS 0x00000000e7100000, 0x00000000e7100000| Untracked 
| 114|0x00000000e7200000, 0x00000000e7200000, 0x00000000e7300000|  0%| F|  |TAMS 0x00000000e7200000, 0x00000000e7200000| Untracked 
| 115|0x00000000e7300000, 0x00000000e7300000, 0x00000000e7400000|  0%| F|  |TAMS 0x00000000e7300000, 0x00000000e7300000| Untracked 
| 116|0x00000000e7400000, 0x00000000e7400000, 0x00000000e7500000|  0%| F|  |TAMS 0x00000000e7400000, 0x00000000e7400000| Untracked 
| 117|0x00000000e7500000, 0x00000000e7500000, 0x00000000e7600000|  0%| F|  |TAMS 0x00000000e7500000, 0x00000000e7500000| Untracked 
| 118|0x00000000e7600000, 0x00000000e7600000, 0x00000000e7700000|  0%| F|  |TAMS 0x00000000e7600000, 0x00000000e7600000| Untracked 
| 119|0x00000000e7700000, 0x00000000e7700000, 0x00000000e7800000|  0%| F|  |TAMS 0x00000000e7700000, 0x00000000e7700000| Untracked 
| 120|0x00000000e7800000, 0x00000000e7800000, 0x00000000e7900000|  0%| F|  |TAMS 0x00000000e7800000, 0x00000000e7800000| Untracked 
| 121|0x00000000e7900000, 0x00000000e7900000, 0x00000000e7a00000|  0%| F|  |TAMS 0x00000000e7900000, 0x00000000e7900000| Untracked 
| 122|0x00000000e7a00000, 0x00000000e7a00000, 0x00000000e7b00000|  0%| F|  |TAMS 0x00000000e7a00000, 0x00000000e7a00000| Untracked 
| 123|0x00000000e7b00000, 0x00000000e7b00000, 0x00000000e7c00000|  0%| F|  |TAMS 0x00000000e7b00000, 0x00000000e7b00000| Untracked 
| 124|0x00000000e7c00000, 0x00000000e7c00000, 0x00000000e7d00000|  0%| F|  |TAMS 0x00000000e7c00000, 0x00000000e7c00000| Untracked 
| 125|0x00000000e7d00000, 0x00000000e7d00000, 0x00000000e7e00000|  0%| F|  |TAMS 0x00000000e7d00000, 0x00000000e7d00000| Untracked 
| 126|0x00000000e7e00000, 0x00000000e7e00000, 0x00000000e7f00000|  0%| F|  |TAMS 0x00000000e7e00000, 0x00000000e7e00000| Untracked 
| 127|0x00000000e7f00000, 0x00000000e7f00000, 0x00000000e8000000|  0%| F|  |TAMS 0x00000000e7f00000, 0x00000000e7f00000| Untracked 
| 128|0x00000000e8000000, 0x00000000e8000000, 0x00000000e8100000|  0%| F|  |TAMS 0x00000000e8000000, 0x00000000e8000000| Untracked 
| 129|0x00000000e8100000, 0x00000000e8100000, 0x00000000e8200000|  0%| F|  |TAMS 0x00000000e8100000, 0x00000000e8100000| Untracked 
| 130|0x00000000e8200000, 0x00000000e8200000, 0x00000000e8300000|  0%| F|  |TAMS 0x00000000e8200000, 0x00000000e8200000| Untracked 
| 131|0x00000000e8300000, 0x00000000e8300000, 0x00000000e8400000|  0%| F|  |TAMS 0x00000000e8300000, 0x00000000e8300000| Untracked 
| 132|0x00000000e8400000, 0x00000000e8400000, 0x00000000e8500000|  0%| F|  |TAMS 0x00000000e8400000, 0x00000000e8400000| Untracked 
| 133|0x00000000e8500000, 0x00000000e8500000, 0x00000000e8600000|  0%| F|  |TAMS 0x00000000e8500000, 0x00000000e8500000| Untracked 
| 134|0x00000000e8600000, 0x00000000e8600000, 0x00000000e8700000|  0%| F|  |TAMS 0x00000000e8600000, 0x00000000e8600000| Untracked 
| 135|0x00000000e8700000, 0x00000000e8700000, 0x00000000e8800000|  0%| F|  |TAMS 0x00000000e8700000, 0x00000000e8700000| Untracked 
| 136|0x00000000e8800000, 0x00000000e8800000, 0x00000000e8900000|  0%| F|  |TAMS 0x00000000e8800000, 0x00000000e8800000| Untracked 
| 137|0x00000000e8900000, 0x00000000e8900000, 0x00000000e8a00000|  0%| F|  |TAMS 0x00000000e8900000, 0x00000000e8900000| Untracked 
| 138|0x00000000e8a00000, 0x00000000e8a00000, 0x00000000e8b00000|  0%| F|  |TAMS 0x00000000e8a00000, 0x00000000e8a00000| Untracked 
| 139|0x00000000e8b00000, 0x00000000e8b00000, 0x00000000e8c00000|  0%| F|  |TAMS 0x00000000e8b00000, 0x00000000e8b00000| Untracked 
| 140|0x00000000e8c00000, 0x00000000e8c00000, 0x00000000e8d00000|  0%| F|  |TAMS 0x00000000e8c00000, 0x00000000e8c00000| Untracked 
| 141|0x00000000e8d00000, 0x00000000e8d00000, 0x00000000e8e00000|  0%| F|  |TAMS 0x00000000e8d00000, 0x00000000e8d00000| Untracked 
| 142|0x00000000e8e00000, 0x00000000e8e00000, 0x00000000e8f00000|  0%| F|  |TAMS 0x00000000e8e00000, 0x00000000e8e00000| Untracked 
| 143|0x00000000e8f00000, 0x00000000e8f00000, 0x00000000e9000000|  0%| F|  |TAMS 0x00000000e8f00000, 0x00000000e8f00000| Untracked 
| 144|0x00000000e9000000, 0x00000000e9000000, 0x00000000e9100000|  0%| F|  |TAMS 0x00000000e9000000, 0x00000000e9000000| Untracked 
| 145|0x00000000e9100000, 0x00000000e9100000, 0x00000000e9200000|  0%| F|  |TAMS 0x00000000e9100000, 0x00000000e9100000| Untracked 
| 146|0x00000000e9200000, 0x00000000e9200000, 0x00000000e9300000|  0%| F|  |TAMS 0x00000000e9200000, 0x00000000e9200000| Untracked 
| 147|0x00000000e9300000, 0x00000000e9300000, 0x00000000e9400000|  0%| F|  |TAMS 0x00000000e9300000, 0x00000000e9300000| Untracked 
| 148|0x00000000e9400000, 0x00000000e9400000, 0x00000000e9500000|  0%| F|  |TAMS 0x00000000e9400000, 0x00000000e9400000| Untracked 
| 149|0x00000000e9500000, 0x00000000e95cac60, 0x00000000e9600000| 79%| S|CS|TAMS 0x00000000e9500000, 0x00000000e9500000| Complete 
| 150|0x00000000e9600000, 0x00000000e9700000, 0x00000000e9700000|100%| S|CS|TAMS 0x00000000e9600000, 0x00000000e9600000| Complete 
| 151|0x00000000e9700000, 0x00000000e9800000, 0x00000000e9800000|100%| S|CS|TAMS 0x00000000e9700000, 0x00000000e9700000| Complete 
| 152|0x00000000e9800000, 0x00000000e9900000, 0x00000000e9900000|100%| S|CS|TAMS 0x00000000e9800000, 0x00000000e9800000| Complete 
| 153|0x00000000e9900000, 0x00000000e9a00000, 0x00000000e9a00000|100%| S|CS|TAMS 0x00000000e9900000, 0x00000000e9900000| Complete 
| 154|0x00000000e9a00000, 0x00000000e9b00000, 0x00000000e9b00000|100%| S|CS|TAMS 0x00000000e9a00000, 0x00000000e9a00000| Complete 
| 155|0x00000000e9b00000, 0x00000000e9c00000, 0x00000000e9c00000|100%| S|CS|TAMS 0x00000000e9b00000, 0x00000000e9b00000| Complete 
| 156|0x00000000e9c00000, 0x00000000e9c00000, 0x00000000e9d00000|  0%| F|  |TAMS 0x00000000e9c00000, 0x00000000e9c00000| Untracked 
| 157|0x00000000e9d00000, 0x00000000e9d00000, 0x00000000e9e00000|  0%| F|  |TAMS 0x00000000e9d00000, 0x00000000e9d00000| Untracked 
| 158|0x00000000e9e00000, 0x00000000e9e00000, 0x00000000e9f00000|  0%| F|  |TAMS 0x00000000e9e00000, 0x00000000e9e00000| Untracked 
| 159|0x00000000e9f00000, 0x00000000e9f00000, 0x00000000ea000000|  0%| F|  |TAMS 0x00000000e9f00000, 0x00000000e9f00000| Untracked 
| 160|0x00000000ea000000, 0x00000000ea000000, 0x00000000ea100000|  0%| F|  |TAMS 0x00000000ea000000, 0x00000000ea000000| Untracked 
| 161|0x00000000ea100000, 0x00000000ea100000, 0x00000000ea200000|  0%| F|  |TAMS 0x00000000ea100000, 0x00000000ea100000| Untracked 
| 162|0x00000000ea200000, 0x00000000ea200000, 0x00000000ea300000|  0%| F|  |TAMS 0x00000000ea200000, 0x00000000ea200000| Untracked 
| 163|0x00000000ea300000, 0x00000000ea300000, 0x00000000ea400000|  0%| F|  |TAMS 0x00000000ea300000, 0x00000000ea300000| Untracked 
| 164|0x00000000ea400000, 0x00000000ea400000, 0x00000000ea500000|  0%| F|  |TAMS 0x00000000ea400000, 0x00000000ea400000| Untracked 
| 165|0x00000000ea500000, 0x00000000ea500000, 0x00000000ea600000|  0%| F|  |TAMS 0x00000000ea500000, 0x00000000ea500000| Untracked 
| 166|0x00000000ea600000, 0x00000000ea600000, 0x00000000ea700000|  0%| F|  |TAMS 0x00000000ea600000, 0x00000000ea600000| Untracked 
| 167|0x00000000ea700000, 0x00000000ea700000, 0x00000000ea800000|  0%| F|  |TAMS 0x00000000ea700000, 0x00000000ea700000| Untracked 
| 168|0x00000000ea800000, 0x00000000ea800000, 0x00000000ea900000|  0%| F|  |TAMS 0x00000000ea800000, 0x00000000ea800000| Untracked 
| 169|0x00000000ea900000, 0x00000000ea900000, 0x00000000eaa00000|  0%| F|  |TAMS 0x00000000ea900000, 0x00000000ea900000| Untracked 
| 170|0x00000000eaa00000, 0x00000000eaa00000, 0x00000000eab00000|  0%| F|  |TAMS 0x00000000eaa00000, 0x00000000eaa00000| Untracked 
| 171|0x00000000eab00000, 0x00000000eab00000, 0x00000000eac00000|  0%| F|  |TAMS 0x00000000eab00000, 0x00000000eab00000| Untracked 
| 172|0x00000000eac00000, 0x00000000eac00000, 0x00000000ead00000|  0%| F|  |TAMS 0x00000000eac00000, 0x00000000eac00000| Untracked 
| 173|0x00000000ead00000, 0x00000000ead00000, 0x00000000eae00000|  0%| F|  |TAMS 0x00000000ead00000, 0x00000000ead00000| Untracked 
| 174|0x00000000eae00000, 0x00000000eae00000, 0x00000000eaf00000|  0%| F|  |TAMS 0x00000000eae00000, 0x00000000eae00000| Untracked 
| 175|0x00000000eaf00000, 0x00000000eaf00000, 0x00000000eb000000|  0%| F|  |TAMS 0x00000000eaf00000, 0x00000000eaf00000| Untracked 
| 176|0x00000000eb000000, 0x00000000eb000000, 0x00000000eb100000|  0%| F|  |TAMS 0x00000000eb000000, 0x00000000eb000000| Untracked 
| 177|0x00000000eb100000, 0x00000000eb100000, 0x00000000eb200000|  0%| F|  |TAMS 0x00000000eb100000, 0x00000000eb100000| Untracked 
| 178|0x00000000eb200000, 0x00000000eb300000, 0x00000000eb300000|100%| E|  |TAMS 0x00000000eb200000, 0x00000000eb200000| Complete 
| 179|0x00000000eb300000, 0x00000000eb400000, 0x00000000eb400000|100%| E|CS|TAMS 0x00000000eb300000, 0x00000000eb300000| Complete 
| 180|0x00000000eb400000, 0x00000000eb500000, 0x00000000eb500000|100%| E|CS|TAMS 0x00000000eb400000, 0x00000000eb400000| Complete 
| 181|0x00000000eb500000, 0x00000000eb600000, 0x00000000eb600000|100%| E|CS|TAMS 0x00000000eb500000, 0x00000000eb500000| Complete 
| 182|0x00000000eb600000, 0x00000000eb700000, 0x00000000eb700000|100%| E|CS|TAMS 0x00000000eb600000, 0x00000000eb600000| Complete 
| 183|0x00000000eb700000, 0x00000000eb800000, 0x00000000eb800000|100%| E|CS|TAMS 0x00000000eb700000, 0x00000000eb700000| Complete 
| 184|0x00000000eb800000, 0x00000000eb900000, 0x00000000eb900000|100%| E|CS|TAMS 0x00000000eb800000, 0x00000000eb800000| Complete 
| 185|0x00000000eb900000, 0x00000000eba00000, 0x00000000eba00000|100%| E|CS|TAMS 0x00000000eb900000, 0x00000000eb900000| Complete 
| 186|0x00000000eba00000, 0x00000000ebb00000, 0x00000000ebb00000|100%| E|CS|TAMS 0x00000000eba00000, 0x00000000eba00000| Complete 
| 187|0x00000000ebb00000, 0x00000000ebc00000, 0x00000000ebc00000|100%| E|CS|TAMS 0x00000000ebb00000, 0x00000000ebb00000| Complete 
| 188|0x00000000ebc00000, 0x00000000ebd00000, 0x00000000ebd00000|100%| E|CS|TAMS 0x00000000ebc00000, 0x00000000ebc00000| Complete 
| 189|0x00000000ebd00000, 0x00000000ebe00000, 0x00000000ebe00000|100%| E|CS|TAMS 0x00000000ebd00000, 0x00000000ebd00000| Complete 
| 190|0x00000000ebe00000, 0x00000000ebf00000, 0x00000000ebf00000|100%| E|CS|TAMS 0x00000000ebe00000, 0x00000000ebe00000| Complete 
| 191|0x00000000ebf00000, 0x00000000ec000000, 0x00000000ec000000|100%| E|CS|TAMS 0x00000000ebf00000, 0x00000000ebf00000| Complete 
| 192|0x00000000ec000000, 0x00000000ec100000, 0x00000000ec100000|100%| E|CS|TAMS 0x00000000ec000000, 0x00000000ec000000| Complete 
| 193|0x00000000ec100000, 0x00000000ec200000, 0x00000000ec200000|100%| E|CS|TAMS 0x00000000ec100000, 0x00000000ec100000| Complete 
| 194|0x00000000ec200000, 0x00000000ec300000, 0x00000000ec300000|100%| E|CS|TAMS 0x00000000ec200000, 0x00000000ec200000| Complete 
| 195|0x00000000ec300000, 0x00000000ec400000, 0x00000000ec400000|100%| E|CS|TAMS 0x00000000ec300000, 0x00000000ec300000| Complete 
| 196|0x00000000ec400000, 0x00000000ec500000, 0x00000000ec500000|100%| E|CS|TAMS 0x00000000ec400000, 0x00000000ec400000| Complete 
| 197|0x00000000ec500000, 0x00000000ec600000, 0x00000000ec600000|100%| E|CS|TAMS 0x00000000ec500000, 0x00000000ec500000| Complete 
| 198|0x00000000ec600000, 0x00000000ec700000, 0x00000000ec700000|100%| E|CS|TAMS 0x00000000ec600000, 0x00000000ec600000| Complete 
| 199|0x00000000ec700000, 0x00000000ec800000, 0x00000000ec800000|100%| E|CS|TAMS 0x00000000ec700000, 0x00000000ec700000| Complete 
| 200|0x00000000ec800000, 0x00000000ec900000, 0x00000000ec900000|100%| E|CS|TAMS 0x00000000ec800000, 0x00000000ec800000| Complete 
| 201|0x00000000ec900000, 0x00000000eca00000, 0x00000000eca00000|100%| E|CS|TAMS 0x00000000ec900000, 0x00000000ec900000| Complete 
| 202|0x00000000eca00000, 0x00000000ecb00000, 0x00000000ecb00000|100%| E|CS|TAMS 0x00000000eca00000, 0x00000000eca00000| Complete 
| 203|0x00000000ecb00000, 0x00000000ecc00000, 0x00000000ecc00000|100%| E|CS|TAMS 0x00000000ecb00000, 0x00000000ecb00000| Complete 
| 204|0x00000000ecc00000, 0x00000000ecd00000, 0x00000000ecd00000|100%| E|CS|TAMS 0x00000000ecc00000, 0x00000000ecc00000| Complete 
| 205|0x00000000ecd00000, 0x00000000ece00000, 0x00000000ece00000|100%| E|CS|TAMS 0x00000000ecd00000, 0x00000000ecd00000| Complete 
| 206|0x00000000ece00000, 0x00000000ecf00000, 0x00000000ecf00000|100%| E|CS|TAMS 0x00000000ece00000, 0x00000000ece00000| Complete 
| 207|0x00000000ecf00000, 0x00000000ed000000, 0x00000000ed000000|100%| E|CS|TAMS 0x00000000ecf00000, 0x00000000ecf00000| Complete 
| 208|0x00000000ed000000, 0x00000000ed100000, 0x00000000ed100000|100%| E|CS|TAMS 0x00000000ed000000, 0x00000000ed000000| Complete 
| 209|0x00000000ed100000, 0x00000000ed200000, 0x00000000ed200000|100%| E|CS|TAMS 0x00000000ed100000, 0x00000000ed100000| Complete 
| 210|0x00000000ed200000, 0x00000000ed300000, 0x00000000ed300000|100%| E|CS|TAMS 0x00000000ed200000, 0x00000000ed200000| Complete 
| 211|0x00000000ed300000, 0x00000000ed400000, 0x00000000ed400000|100%| E|CS|TAMS 0x00000000ed300000, 0x00000000ed300000| Complete 
| 212|0x00000000ed400000, 0x00000000ed500000, 0x00000000ed500000|100%| E|CS|TAMS 0x00000000ed400000, 0x00000000ed400000| Complete 
| 213|0x00000000ed500000, 0x00000000ed600000, 0x00000000ed600000|100%| E|CS|TAMS 0x00000000ed500000, 0x00000000ed500000| Complete 
| 214|0x00000000ed600000, 0x00000000ed700000, 0x00000000ed700000|100%| E|CS|TAMS 0x00000000ed600000, 0x00000000ed600000| Complete 
| 215|0x00000000ed700000, 0x00000000ed800000, 0x00000000ed800000|100%| E|CS|TAMS 0x00000000ed700000, 0x00000000ed700000| Complete 
| 216|0x00000000ed800000, 0x00000000ed900000, 0x00000000ed900000|100%| E|CS|TAMS 0x00000000ed800000, 0x00000000ed800000| Complete 
| 217|0x00000000ed900000, 0x00000000eda00000, 0x00000000eda00000|100%| E|CS|TAMS 0x00000000ed900000, 0x00000000ed900000| Complete 
| 218|0x00000000eda00000, 0x00000000edb00000, 0x00000000edb00000|100%| E|CS|TAMS 0x00000000eda00000, 0x00000000eda00000| Complete 
| 219|0x00000000edb00000, 0x00000000edc00000, 0x00000000edc00000|100%| E|CS|TAMS 0x00000000edb00000, 0x00000000edb00000| Complete 
| 220|0x00000000edc00000, 0x00000000edd00000, 0x00000000edd00000|100%| E|CS|TAMS 0x00000000edc00000, 0x00000000edc00000| Complete 
| 221|0x00000000edd00000, 0x00000000ede00000, 0x00000000ede00000|100%| E|CS|TAMS 0x00000000edd00000, 0x00000000edd00000| Complete 
| 222|0x00000000ede00000, 0x00000000edf00000, 0x00000000edf00000|100%| E|CS|TAMS 0x00000000ede00000, 0x00000000ede00000| Complete 
| 223|0x00000000edf00000, 0x00000000ee000000, 0x00000000ee000000|100%| E|CS|TAMS 0x00000000edf00000, 0x00000000edf00000| Complete 
| 224|0x00000000ee000000, 0x00000000ee100000, 0x00000000ee100000|100%| E|CS|TAMS 0x00000000ee000000, 0x00000000ee000000| Complete 
| 225|0x00000000ee100000, 0x00000000ee200000, 0x00000000ee200000|100%| E|CS|TAMS 0x00000000ee100000, 0x00000000ee100000| Complete 
| 226|0x00000000ee200000, 0x00000000ee300000, 0x00000000ee300000|100%| E|CS|TAMS 0x00000000ee200000, 0x00000000ee200000| Complete 
| 227|0x00000000ee300000, 0x00000000ee400000, 0x00000000ee400000|100%| E|CS|TAMS 0x00000000ee300000, 0x00000000ee300000| Complete 
| 228|0x00000000ee400000, 0x00000000ee500000, 0x00000000ee500000|100%| E|CS|TAMS 0x00000000ee400000, 0x00000000ee400000| Complete 
| 229|0x00000000ee500000, 0x00000000ee600000, 0x00000000ee600000|100%| E|CS|TAMS 0x00000000ee500000, 0x00000000ee500000| Complete 
| 230|0x00000000ee600000, 0x00000000ee700000, 0x00000000ee700000|100%| E|CS|TAMS 0x00000000ee600000, 0x00000000ee600000| Complete 
| 231|0x00000000ee700000, 0x00000000ee800000, 0x00000000ee800000|100%| E|CS|TAMS 0x00000000ee700000, 0x00000000ee700000| Complete 
| 232|0x00000000ee800000, 0x00000000ee900000, 0x00000000ee900000|100%| E|CS|TAMS 0x00000000ee800000, 0x00000000ee800000| Complete 
| 233|0x00000000ee900000, 0x00000000eea00000, 0x00000000eea00000|100%| E|CS|TAMS 0x00000000ee900000, 0x00000000ee900000| Complete 
| 234|0x00000000eea00000, 0x00000000eeb00000, 0x00000000eeb00000|100%| E|CS|TAMS 0x00000000eea00000, 0x00000000eea00000| Complete 
| 235|0x00000000eeb00000, 0x00000000eec00000, 0x00000000eec00000|100%| E|CS|TAMS 0x00000000eeb00000, 0x00000000eeb00000| Complete 
| 236|0x00000000eec00000, 0x00000000eed00000, 0x00000000eed00000|100%| E|CS|TAMS 0x00000000eec00000, 0x00000000eec00000| Complete 
| 237|0x00000000eed00000, 0x00000000eee00000, 0x00000000eee00000|100%| E|CS|TAMS 0x00000000eed00000, 0x00000000eed00000| Complete 
| 238|0x00000000eee00000, 0x00000000eef00000, 0x00000000eef00000|100%| E|CS|TAMS 0x00000000eee00000, 0x00000000eee00000| Complete 
| 239|0x00000000eef00000, 0x00000000ef000000, 0x00000000ef000000|100%| E|CS|TAMS 0x00000000eef00000, 0x00000000eef00000| Complete 
| 240|0x00000000ef000000, 0x00000000ef100000, 0x00000000ef100000|100%| E|CS|TAMS 0x00000000ef000000, 0x00000000ef000000| Complete 
| 241|0x00000000ef100000, 0x00000000ef200000, 0x00000000ef200000|100%| E|CS|TAMS 0x00000000ef100000, 0x00000000ef100000| Complete 
| 242|0x00000000ef200000, 0x00000000ef300000, 0x00000000ef300000|100%| E|CS|TAMS 0x00000000ef200000, 0x00000000ef200000| Complete 
| 243|0x00000000ef300000, 0x00000000ef400000, 0x00000000ef400000|100%| E|CS|TAMS 0x00000000ef300000, 0x00000000ef300000| Complete 
| 244|0x00000000ef400000, 0x00000000ef500000, 0x00000000ef500000|100%| E|CS|TAMS 0x00000000ef400000, 0x00000000ef400000| Complete 
| 245|0x00000000ef500000, 0x00000000ef600000, 0x00000000ef600000|100%| E|CS|TAMS 0x00000000ef500000, 0x00000000ef500000| Complete 
| 246|0x00000000ef600000, 0x00000000ef700000, 0x00000000ef700000|100%| E|CS|TAMS 0x00000000ef600000, 0x00000000ef600000| Complete 
| 247|0x00000000ef700000, 0x00000000ef800000, 0x00000000ef800000|100%| E|CS|TAMS 0x00000000ef700000, 0x00000000ef700000| Complete 
| 248|0x00000000ef800000, 0x00000000ef900000, 0x00000000ef900000|100%| E|CS|TAMS 0x00000000ef800000, 0x00000000ef800000| Complete 
| 249|0x00000000ef900000, 0x00000000efa00000, 0x00000000efa00000|100%| E|CS|TAMS 0x00000000ef900000, 0x00000000ef900000| Complete 
| 250|0x00000000efa00000, 0x00000000efb00000, 0x00000000efb00000|100%| E|CS|TAMS 0x00000000efa00000, 0x00000000efa00000| Complete 
| 251|0x00000000efb00000, 0x00000000efc00000, 0x00000000efc00000|100%| E|CS|TAMS 0x00000000efb00000, 0x00000000efb00000| Complete 
| 252|0x00000000efc00000, 0x00000000efd00000, 0x00000000efd00000|100%| E|CS|TAMS 0x00000000efc00000, 0x00000000efc00000| Complete 
| 253|0x00000000efd00000, 0x00000000efe00000, 0x00000000efe00000|100%| E|CS|TAMS 0x00000000efd00000, 0x00000000efd00000| Complete 
| 254|0x00000000efe00000, 0x00000000eff00000, 0x00000000eff00000|100%| E|CS|TAMS 0x00000000efe00000, 0x00000000efe00000| Complete 
| 255|0x00000000eff00000, 0x00000000f0000000, 0x00000000f0000000|100%| E|CS|TAMS 0x00000000eff00000, 0x00000000eff00000| Complete 

Card table byte_map: [0x000001a77c8a0000,0x000001a77c9a0000] _byte_map_base: 0x000001a77c1a0000

Marking Bits (Prev, Next): (CMBitMap*) 0x000001a774dcae70, (CMBitMap*) 0x000001a774dcaeb0
 Prev Bits: [0x000001a77caa0000, 0x000001a77d2a0000)
 Next Bits: [0x000001a77d2a0000, 0x000001a77daa0000)

Polling page: 0x000001a774550000

Metaspace:

Usage:
  Non-class:     41.36 MB used.
      Class:      6.94 MB used.
       Both:     48.30 MB used.

Virtual space:
  Non-class space:       64.00 MB reserved,      41.62 MB ( 65%) committed,  1 nodes.
      Class space:      320.00 MB reserved,       7.25 MB (  2%) committed,  1 nodes.
             Both:      384.00 MB reserved,      48.88 MB ( 13%) committed. 

Chunk freelists:
   Non-Class:  6.14 MB
       Class:  8.80 MB
        Both:  14.94 MB

MaxMetaspaceSize: 384.00 MB
CompressedClassSpaceSize: 320.00 MB
Initial GC threshold: 21.00 MB
Current GC threshold: 58.69 MB
CDS: on
MetaspaceReclaimPolicy: balanced
 - commit_granule_bytes: 65536.
 - commit_granule_words: 8192.
 - virtual_space_node_default_size: 8388608.
 - enlarge_chunks_in_place: 1.
 - new_chunks_are_fully_committed: 0.
 - uncommit_free_chunks: 1.
 - use_allocation_guard: 0.
 - handle_deallocations: 1.


Internal statistics:

num_allocs_failed_limit: 6.
num_arena_births: 572.
num_arena_deaths: 0.
num_vsnodes_births: 2.
num_vsnodes_deaths: 0.
num_space_committed: 782.
num_space_uncommitted: 0.
num_chunks_returned_to_freelist: 6.
num_chunks_taken_from_freelist: 2542.
num_chunk_merges: 6.
num_chunk_splits: 1671.
num_chunks_enlarged: 1120.
num_inconsistent_stats: 0.

CodeHeap 'non-profiled nmethods': size=120000Kb used=3304Kb max_used=3304Kb free=116696Kb
 bounds [0x000001a707ad0000, 0x000001a707e10000, 0x000001a70f000000]
CodeHeap 'profiled nmethods': size=120000Kb used=10683Kb max_used=10683Kb free=109316Kb
 bounds [0x000001a700000000, 0x000001a700a70000, 0x000001a707530000]
CodeHeap 'non-nmethods': size=5760Kb used=2319Kb max_used=2405Kb free=3440Kb
 bounds [0x000001a707530000, 0x000001a7077a0000, 0x000001a707ad0000]
 total_blobs=6062 nmethods=5226 adapters=748
 compilation: enabled
              stopped_count=0, restarted_count=0
 full_count=0

Compilation events (20 events):
Event: 71.490 Thread 0x000001a70f1b4650 5985       1       org.gradle.internal.typeconversion.NotationConverterToNotationParserAdapter$ResultImpl::access$200 (5 bytes)
Event: 71.491 Thread 0x000001a70f1b4650 nmethod 5985 0x000001a707e09410 code [0x000001a707e095a0, 0x000001a707e09658]
Event: 71.532 Thread 0x000001a70f1b4650 5987   !   3       java.lang.invoke.LambdaForm::compileToBytecode (164 bytes)
Event: 71.533 Thread 0x000001a70f1b4650 nmethod 5987 0x000001a700a65e90 code [0x000001a700a660e0, 0x000001a700a669b8]
Event: 71.633 Thread 0x000001a70f1b4650 5988       1       org.gradle.cache.internal.DefaultFileLockManager$DefaultFileLock::access$600 (5 bytes)
Event: 71.633 Thread 0x000001a70f1b4650 nmethod 5988 0x000001a707e09a10 code [0x000001a707e09ba0, 0x000001a707e09c58]
Event: 71.654 Thread 0x000001a70f1b4650 5989       3       java.lang.reflect.ProxyGenerator::addProxyMethod (33 bytes)
Event: 71.655 Thread 0x000001a70f1b4650 nmethod 5989 0x000001a700a66c90 code [0x000001a700a66e80, 0x000001a700a673d8]
Event: 71.655 Thread 0x000001a70f1b4650 5990       3       java.lang.reflect.ProxyGenerator$$Lambda$29/0x000001a711050180::apply (8 bytes)
Event: 71.655 Thread 0x000001a70f1b4650 nmethod 5990 0x000001a700a67590 code [0x000001a700a67740, 0x000001a700a67a48]
Event: 71.659 Thread 0x000001a70f1b4650 5991       3       java.util.HashMap$HashIterator::<init> (79 bytes)
Event: 71.659 Thread 0x000001a70f1b4650 nmethod 5991 0x000001a700a67b90 code [0x000001a700a67d40, 0x000001a700a68178]
Event: 71.664 Thread 0x000001a70f1b4650 5992       3       java.lang.Class::getConstructor0 (83 bytes)
Event: 71.668 Thread 0x000001a70f1b4650 nmethod 5992 0x000001a700a68310 code [0x000001a700a68580, 0x000001a700a68ff8]
Event: 71.674 Thread 0x000001a70f1b4650 5993       3       org.objectweb.asm.MethodWriter::visitInvokeDynamicInsn (147 bytes)
Event: 71.675 Thread 0x000001a70f1b4650 nmethod 5993 0x000001a700a69490 code [0x000001a700a696a0, 0x000001a700a69c48]
Event: 71.675 Thread 0x000001a70f1b4650 5995       3       org.objectweb.asm.SymbolTable::addBootstrapMethod (209 bytes)
Event: 71.676 Thread 0x000001a70f1b4650 nmethod 5995 0x000001a700a69f10 code [0x000001a700a6a180, 0x000001a700a6ac58]
Event: 71.676 Thread 0x000001a70f1b4650 5994       3       org.objectweb.asm.SymbolTable::addConstantInvokeDynamic (23 bytes)
Event: 71.676 Thread 0x000001a70f1b4650 nmethod 5994 0x000001a700a6b190 code [0x000001a700a6b340, 0x000001a700a6b4d8]

GC Heap History (12 events):
Event: 4.684 GC heap before
{Heap before GC invocations=0 (full 0):
 garbage-first heap   total 262144K, used 12288K [0x00000000e0000000, 0x0000000100000000)
  region size 1024K, 13 young (13312K), 0 survivors (0K)
 Metaspace       used 1051K, committed 1216K, reserved 393216K
  class space    used 80K, committed 128K, reserved 327680K
}
Event: 4.706 GC heap after
{Heap after GC invocations=1 (full 0):
 garbage-first heap   total 262144K, used 3508K [0x00000000e0000000, 0x0000000100000000)
  region size 1024K, 2 young (2048K), 2 survivors (2048K)
 Metaspace       used 1051K, committed 1216K, reserved 393216K
  class space    used 80K, committed 128K, reserved 327680K
}
Event: 8.435 GC heap before
{Heap before GC invocations=1 (full 0):
 garbage-first heap   total 262144K, used 21940K [0x00000000e0000000, 0x0000000100000000)
  region size 1024K, 17 young (17408K), 2 survivors (2048K)
 Metaspace       used 3865K, committed 4032K, reserved 393216K
  class space    used 483K, committed 576K, reserved 327680K
}
Event: 8.439 GC heap after
{Heap after GC invocations=2 (full 0):
 garbage-first heap   total 262144K, used 11119K [0x00000000e0000000, 0x0000000100000000)
  region size 1024K, 3 young (3072K), 3 survivors (3072K)
 Metaspace       used 3865K, committed 4032K, reserved 393216K
  class space    used 483K, committed 576K, reserved 327680K
}
Event: 10.535 GC heap before
{Heap before GC invocations=2 (full 0):
 garbage-first heap   total 262144K, used 33647K [0x00000000e0000000, 0x0000000100000000)
  region size 1024K, 25 young (25600K), 3 survivors (3072K)
 Metaspace       used 4068K, committed 4224K, reserved 393216K
  class space    used 497K, committed 576K, reserved 327680K
}
Event: 10.539 GC heap after
{Heap after GC invocations=3 (full 0):
 garbage-first heap   total 262144K, used 11288K [0x00000000e0000000, 0x0000000100000000)
  region size 1024K, 1 young (1024K), 1 survivors (1024K)
 Metaspace       used 4068K, committed 4224K, reserved 393216K
  class space    used 497K, committed 576K, reserved 327680K
}
Event: 26.690 GC heap before
{Heap before GC invocations=3 (full 0):
 garbage-first heap   total 262144K, used 129048K [0x00000000e0000000, 0x0000000100000000)
  region size 1024K, 116 young (118784K), 1 survivors (1024K)
 Metaspace       used 21211K, committed 21504K, reserved 393216K
  class space    used 3110K, committed 3264K, reserved 327680K
}
Event: 26.706 GC heap after
{Heap after GC invocations=4 (full 0):
 garbage-first heap   total 262144K, used 22980K [0x00000000e0000000, 0x0000000100000000)
  region size 1024K, 12 young (12288K), 12 survivors (12288K)
 Metaspace       used 21211K, committed 21504K, reserved 393216K
  class space    used 3110K, committed 3264K, reserved 327680K
}
Event: 44.499 GC heap before
{Heap before GC invocations=5 (full 0):
 garbage-first heap   total 262144K, used 141764K [0x00000000e0000000, 0x0000000100000000)
  region size 1024K, 124 young (126976K), 12 survivors (12288K)
 Metaspace       used 35531K, committed 35968K, reserved 393216K
  class space    used 4942K, committed 5184K, reserved 327680K
}
Event: 44.640 GC heap after
{Heap after GC invocations=6 (full 0):
 garbage-first heap   total 262144K, used 32150K [0x00000000e0000000, 0x0000000100000000)
  region size 1024K, 10 young (10240K), 10 survivors (10240K)
 Metaspace       used 35531K, committed 35968K, reserved 393216K
  class space    used 4942K, committed 5184K, reserved 327680K
}
Event: 64.555 GC heap before
{Heap before GC invocations=7 (full 0):
 garbage-first heap   total 262144K, used 135574K [0x00000000e0000000, 0x0000000100000000)
  region size 1024K, 110 young (112640K), 10 survivors (10240K)
 Metaspace       used 46193K, committed 46720K, reserved 393216K
  class space    used 6541K, committed 6784K, reserved 327680K
}
Event: 64.648 GC heap after
{Heap after GC invocations=8 (full 0):
 garbage-first heap   total 262144K, used 38530K [0x00000000e0000000, 0x0000000100000000)
  region size 1024K, 7 young (7168K), 7 survivors (7168K)
 Metaspace       used 46193K, committed 46720K, reserved 393216K
  class space    used 6541K, committed 6784K, reserved 327680K
}

Dll operation events (14 events):
Event: 0.316 Loaded shared library C:\Users\teady\.jdks\corretto-17.0.9\bin\java.dll
Event: 0.560 Loaded shared library C:\Users\teady\.jdks\corretto-17.0.9\bin\jsvml.dll
Event: 0.865 Loaded shared library C:\Users\teady\.jdks\corretto-17.0.9\bin\zip.dll
Event: 0.872 Loaded shared library C:\Users\teady\.jdks\corretto-17.0.9\bin\instrument.dll
Event: 0.956 Loaded shared library C:\Users\teady\.jdks\corretto-17.0.9\bin\net.dll
Event: 1.023 Loaded shared library C:\Users\teady\.jdks\corretto-17.0.9\bin\nio.dll
Event: 1.032 Loaded shared library C:\Users\teady\.jdks\corretto-17.0.9\bin\zip.dll
Event: 4.040 Loaded shared library C:\Users\teady\.jdks\corretto-17.0.9\bin\jimage.dll
Event: 4.786 Loaded shared library C:\Users\teady\.jdks\corretto-17.0.9\bin\verify.dll
Event: 7.098 Loaded shared library C:\Users\teady\.gradle\native\c067742578af261105cb4f569cf0c3c89f3d7b1fecec35dd04571415982c5e48\windows-amd64\native-platform.dll
Event: 7.116 Loaded shared library C:\Users\teady\.gradle\native\38dada09dfb8b06ba9b0570ebf7e218e3eb74d4ef43ca46872605cf95ebc2f47\windows-amd64\native-platform-file-events.dll
Event: 14.755 Loaded shared library C:\Users\teady\.jdks\corretto-17.0.9\bin\management.dll
Event: 14.822 Loaded shared library C:\Users\teady\.jdks\corretto-17.0.9\bin\management_ext.dll
Event: 19.616 Loaded shared library C:\Users\teady\.jdks\corretto-17.0.9\bin\sunmscapi.dll

Deoptimization events (20 events):
Event: 71.064 Thread 0x000001a729f25500 Uncommon trap: trap_request=0xffffff45 fr.pc=0x000001a707cead08 relative=0x00000000000046e8
Event: 71.064 Thread 0x000001a729f25500 Uncommon trap: reason=unstable_if action=reinterpret pc=0x000001a707cead08 method=groovy.lang.MetaClassImpl.checkIfStdMethod(Lgroovy/lang/MetaMethod;)V @ 78 c2
Event: 71.064 Thread 0x000001a729f25500 DEOPT PACKING pc=0x000001a707cead08 sp=0x0000008132cf75e0
Event: 71.064 Thread 0x000001a729f25500 DEOPT UNPACKING pc=0x000001a7075869a3 sp=0x0000008132cf75b0 mode 2
Event: 71.064 Thread 0x000001a729f25500 Uncommon trap: trap_request=0xffffff45 fr.pc=0x000001a707ce56e0 relative=0x0000000000000c20
Event: 71.064 Thread 0x000001a729f25500 Uncommon trap: reason=unstable_if action=reinterpret pc=0x000001a707ce56e0 method=groovy.lang.MetaClassImpl.checkIfStdMethod(Lgroovy/lang/MetaMethod;)V @ 78 c2
Event: 71.064 Thread 0x000001a729f25500 DEOPT PACKING pc=0x000001a707ce56e0 sp=0x0000008132cf75e0
Event: 71.064 Thread 0x000001a729f25500 DEOPT UNPACKING pc=0x000001a7075869a3 sp=0x0000008132cf75a8 mode 2
Event: 71.072 Thread 0x000001a729f25500 Uncommon trap: trap_request=0xffffff45 fr.pc=0x000001a707b0e5cc relative=0x0000000000000a0c
Event: 71.072 Thread 0x000001a729f25500 Uncommon trap: reason=unstable_if action=reinterpret pc=0x000001a707b0e5cc method=java.util.Hashtable.put(Ljava/lang/Object;Ljava/lang/Object;)Ljava/lang/Object; @ 51 c2
Event: 71.072 Thread 0x000001a729f25500 DEOPT PACKING pc=0x000001a707b0e5cc sp=0x0000008132cf7220
Event: 71.072 Thread 0x000001a729f25500 DEOPT UNPACKING pc=0x000001a7075869a3 sp=0x0000008132cf71c8 mode 2
Event: 71.360 Thread 0x000001a729c450a0 Uncommon trap: trap_request=0xffffff45 fr.pc=0x000001a707cfef30 relative=0x0000000000000670
Event: 71.361 Thread 0x000001a729c450a0 Uncommon trap: reason=unstable_if action=reinterpret pc=0x000001a707cfef30 method=java.util.HashMap$HashIterator.<init>(Ljava/util/HashMap;)V @ 45 c2
Event: 71.361 Thread 0x000001a729c450a0 DEOPT PACKING pc=0x000001a707cfef30 sp=0x00000081348fed90
Event: 71.361 Thread 0x000001a729c450a0 DEOPT UNPACKING pc=0x000001a7075869a3 sp=0x00000081348fec20 mode 2
Event: 71.361 Thread 0x000001a729c3ffa0 Uncommon trap: trap_request=0xffffff45 fr.pc=0x000001a707c84e28 relative=0x0000000000000388
Event: 71.361 Thread 0x000001a729c3ffa0 Uncommon trap: reason=unstable_if action=reinterpret pc=0x000001a707c84e28 method=java.util.HashMap$HashIterator.<init>(Ljava/util/HashMap;)V @ 45 c2
Event: 71.362 Thread 0x000001a729c3ffa0 DEOPT PACKING pc=0x000001a707c84e28 sp=0x00000081349fea20
Event: 71.362 Thread 0x000001a729c3ffa0 DEOPT UNPACKING pc=0x000001a7075869a3 sp=0x00000081349fe9d8 mode 2

Classes unloaded (0 events):
No events

Classes redefined (0 events):
No events

Internal exceptions (20 events):
Event: 69.713 Thread 0x000001a729f25500 Exception <a 'java/lang/NoSuchMethodError'{0x00000000ec4e6180}: 'java.lang.Object java.lang.invoke.DirectMethodHandle$Holder.invokeSpecial(java.lang.Object, java.lang.Object, java.lang.Object, java.lang.Object, java.lang.Object, java.lang.Object, java.lang.Object, int)'> (0x00000000ec4e6180) 
thrown [s\src\hotspot\share\interpreter\linkResolver.cpp, line 759]
Event: 69.715 Thread 0x000001a729f25500 Exception <a 'java/lang/NoSuchMethodError'{0x00000000ec4eb558}: 'java.lang.Object java.lang.invoke.Invokers$Holder.linkToTargetMethod(java.lang.Object, java.lang.Object, java.lang.Object, java.lang.Object, java.lang.Object, int, java.lang.Object)'> (0x00000000ec4eb558) 
thrown [s\src\hotspot\share\interpreter\linkResolver.cpp, line 759]
Event: 70.201 Thread 0x000001a729f25500 Exception <a 'java/lang/NoSuchMethodError'{0x00000000ec076fc0}: 'int java.lang.invoke.DirectMethodHandle$Holder.invokeSpecialIFC(java.lang.Object, java.lang.Object, java.lang.Object, java.lang.Object, java.lang.Object)'> (0x00000000ec076fc0) 
thrown [s\src\hotspot\share\interpreter\linkResolver.cpp, line 759]
Event: 70.906 Thread 0x000001a729f25500 Exception <a 'java/lang/ClassNotFoundException'{0x00000000eba5a990}: com/google/common/collect/RegularImmutableListBeanInfo> (0x00000000eba5a990) 
thrown [s\src\hotspot\share\classfile\systemDictionary.cpp, line 256]
Event: 70.907 Thread 0x000001a729f25500 Exception <a 'java/lang/ClassNotFoundException'{0x00000000eba65128}: com/google/common/collect/ImmutableListBeanInfo> (0x00000000eba65128) 
thrown [s\src\hotspot\share\classfile\systemDictionary.cpp, line 256]
Event: 70.907 Thread 0x000001a729f25500 Exception <a 'java/lang/ClassNotFoundException'{0x00000000eba6f928}: com/google/common/collect/ImmutableCollectionBeanInfo> (0x00000000eba6f928) 
thrown [s\src\hotspot\share\classfile\systemDictionary.cpp, line 256]
Event: 70.976 Thread 0x000001a729f25500 Exception <a 'java/lang/ClassNotFoundException'{0x00000000eba7a160}: com/google/common/collect/ImmutableCollectionCustomizer> (0x00000000eba7a160) 
thrown [s\src\hotspot\share\classfile\systemDictionary.cpp, line 256]
Event: 70.994 Thread 0x000001a729f25500 Exception <a 'java/lang/ClassNotFoundException'{0x00000000eba93ed0}: com/google/common/collect/ImmutableListCustomizer> (0x00000000eba93ed0) 
thrown [s\src\hotspot\share\classfile\systemDictionary.cpp, line 256]
Event: 71.038 Thread 0x000001a729f25500 Exception <a 'java/lang/ClassNotFoundException'{0x00000000ebad4140}: com/google/common/collect/RegularImmutableListCustomizer> (0x00000000ebad4140) 
thrown [s\src\hotspot\share\classfile\systemDictionary.cpp, line 256]
Event: 71.056 Thread 0x000001a729f25500 Exception <a 'java/lang/ClassNotFoundException'{0x00000000eb9114d0}: java/util/regex/PatternBeanInfo> (0x00000000eb9114d0) 
thrown [s\src\hotspot\share\classfile\systemDictionary.cpp, line 256]
Event: 71.058 Thread 0x000001a729f25500 Exception <a 'java/lang/ClassNotFoundException'{0x00000000eb917080}: java/util/regex/PatternCustomizer> (0x00000000eb917080) 
thrown [s\src\hotspot\share\classfile\systemDictionary.cpp, line 256]
Event: 71.066 Thread 0x000001a729f25500 Exception <a 'java/lang/ClassNotFoundException'{0x00000000eb949950}: ijresolvers1_f0ucdkcr5e3ir069n6dximzy2$1BeanInfo> (0x00000000eb949950) 
thrown [s\src\hotspot\share\classfile\systemDictionary.cpp, line 256]
Event: 71.066 Thread 0x000001a729f25500 Exception <a 'java/lang/ClassNotFoundException'{0x00000000eb950318}: ijresolvers1_f0ucdkcr5e3ir069n6dximzy2$1Customizer> (0x00000000eb950318) 
thrown [s\src\hotspot\share\classfile\systemDictionary.cpp, line 256]
Event: 71.128 Thread 0x000001a729f25500 Exception <a 'java/lang/ClassNotFoundException'{0x00000000eb86a220}: java/util/ArrayListBeanInfo> (0x00000000eb86a220) 
thrown [s\src\hotspot\share\classfile\systemDictionary.cpp, line 256]
Event: 71.128 Thread 0x000001a729f25500 Exception <a 'java/lang/ClassNotFoundException'{0x00000000eb870308}: java/util/AbstractListBeanInfo> (0x00000000eb870308) 
thrown [s\src\hotspot\share\classfile\systemDictionary.cpp, line 256]
Event: 71.129 Thread 0x000001a729f25500 Exception <a 'java/lang/ClassNotFoundException'{0x00000000eb875e90}: java/util/AbstractListCustomizer> (0x00000000eb875e90) 
thrown [s\src\hotspot\share\classfile\systemDictionary.cpp, line 256]
Event: 71.131 Thread 0x000001a729f25500 Exception <a 'java/lang/ClassNotFoundException'{0x00000000eb886bd8}: java/util/ArrayListCustomizer> (0x00000000eb886bd8) 
thrown [s\src\hotspot\share\classfile\systemDictionary.cpp, line 256]
Event: 71.440 Thread 0x000001a729c469f0 Exception <a 'java/lang/NoSuchMethodError'{0x00000000eb55f390}: 'java.lang.Object java.lang.invoke.DirectMethodHandle$Holder.newInvokeSpecial(java.lang.Object, java.lang.Object, java.lang.Object, java.lang.Object, int, java.lang.Object)'> (0x00000000eb55f390) 
thrown [s\src\hotspot\share\interpreter\linkResolver.cpp, line 759]
Event: 71.441 Thread 0x000001a729c469f0 Exception <a 'java/lang/NoSuchMethodError'{0x00000000eb5636b0}: 'java.lang.Object java.lang.invoke.Invokers$Holder.linkToTargetMethod(java.lang.Object, java.lang.Object, java.lang.Object, int, java.lang.Object, java.lang.Object)'> (0x00000000eb5636b0) 
thrown [s\src\hotspot\share\interpreter\linkResolver.cpp, line 759]
Event: 71.532 Thread 0x000001a729c469f0 Exception <a 'java/lang/NoSuchMethodError'{0x00000000eb5fdb28}: 'void java.lang.invoke.DirectMethodHandle$Holder.invokeInterface(java.lang.Object, java.lang.Object, java.lang.Object, java.lang.Object)'> (0x00000000eb5fdb28) 
thrown [s\src\hotspot\share\interpreter\linkResolver.cpp, line 759]

VM Operations (20 events):
Event: 64.555 Executing VM operation: G1CollectForAllocation
Event: 64.649 Executing VM operation: G1CollectForAllocation done
Event: 65.654 Executing VM operation: Cleanup
Event: 65.670 Executing VM operation: Cleanup done
Event: 66.675 Executing VM operation: Cleanup
Event: 66.676 Executing VM operation: Cleanup done
Event: 67.689 Executing VM operation: Cleanup
Event: 67.726 Executing VM operation: Cleanup done
Event: 67.972 Executing VM operation: HandshakeAllThreads
Event: 67.972 Executing VM operation: HandshakeAllThreads done
Event: 68.689 Executing VM operation: HandshakeAllThreads
Event: 68.690 Executing VM operation: HandshakeAllThreads done
Event: 68.727 Executing VM operation: HandshakeAllThreads
Event: 68.727 Executing VM operation: HandshakeAllThreads done
Event: 68.727 Executing VM operation: Cleanup
Event: 68.727 Executing VM operation: Cleanup done
Event: 69.740 Executing VM operation: Cleanup
Event: 69.757 Executing VM operation: Cleanup done
Event: 70.768 Executing VM operation: Cleanup
Event: 70.768 Executing VM operation: Cleanup done

Events (20 events):
Event: 71.127 loading class java/util/ArrayListBeanInfo done
Event: 71.127 loading class java/util/ArrayListBeanInfo
Event: 71.127 loading class java/util/ArrayListBeanInfo done
Event: 71.128 loading class java/util/AbstractListBeanInfo
Event: 71.128 loading class java/util/AbstractListBeanInfo done
Event: 71.128 loading class java/util/AbstractListBeanInfo
Event: 71.128 loading class java/util/AbstractListBeanInfo done
Event: 71.128 loading class java/util/AbstractListCustomizer
Event: 71.128 loading class java/util/AbstractListCustomizer done
Event: 71.129 loading class java/util/AbstractListCustomizer
Event: 71.129 loading class java/util/AbstractListCustomizer done
Event: 71.131 loading class java/util/ArrayListCustomizer
Event: 71.131 loading class java/util/ArrayListCustomizer done
Event: 71.131 loading class java/util/ArrayListCustomizer
Event: 71.131 loading class java/util/ArrayListCustomizer done
Event: 71.156 Thread 0x000001a729c469f0 Thread added: 0x000001a729c469f0
Event: 71.314 Thread 0x000001a729c450a0 Thread added: 0x000001a729c450a0
Event: 71.315 Thread 0x000001a729c3ffa0 Thread added: 0x000001a729c3ffa0
Event: 71.316 Thread 0x000001a729c44680 Thread added: 0x000001a729c44680
Event: 71.570 Thread 0x000001a729c413e0 Thread added: 0x000001a729c413e0


Dynamic libraries:
0x00007ff68fa40000 - 0x00007ff68fa4e000 	C:\Users\teady\.jdks\corretto-17.0.9\bin\java.exe
0x00007ffd4a610000 - 0x00007ffd4a827000 	C:\WINDOWS\SYSTEM32\ntdll.dll
0x00007ffd49a30000 - 0x00007ffd49af4000 	C:\WINDOWS\System32\KERNEL32.DLL
0x00007ffd47fb0000 - 0x00007ffd48356000 	C:\WINDOWS\System32\KERNELBASE.dll
0x00007ffd47ac0000 - 0x00007ffd47bd1000 	C:\WINDOWS\System32\ucrtbase.dll
0x00007ffd34ff0000 - 0x00007ffd35007000 	C:\Users\teady\.jdks\corretto-17.0.9\bin\jli.dll
0x00007ffd49640000 - 0x00007ffd497ee000 	C:\WINDOWS\System32\USER32.dll
0x00007ffd47f80000 - 0x00007ffd47fa6000 	C:\WINDOWS\System32\win32u.dll
0x00007ffd49b20000 - 0x00007ffd49b49000 	C:\WINDOWS\System32\GDI32.dll
0x00007ffd47c60000 - 0x00007ffd47d78000 	C:\WINDOWS\System32\gdi32full.dll
0x00007ffd47db0000 - 0x00007ffd47e4a000 	C:\WINDOWS\System32\msvcp_win.dll
0x00007ffd35870000 - 0x00007ffd35b03000 	C:\WINDOWS\WinSxS\amd64_microsoft.windows.common-controls_6595b64144ccf1df_6.0.22621.2506_none_270c5ae97388e100\COMCTL32.dll
0x00007ffd49e20000 - 0x00007ffd49ec7000 	C:\WINDOWS\System32\msvcrt.dll
0x00007ffd34ee0000 - 0x00007ffd34efb000 	C:\Users\teady\.jdks\corretto-17.0.9\bin\VCRUNTIME140.dll
0x00007ffd499f0000 - 0x00007ffd49a21000 	C:\WINDOWS\System32\IMM32.DLL
0x00007ffd3f820000 - 0x00007ffd3f82c000 	C:\Users\teady\.jdks\corretto-17.0.9\bin\vcruntime140_1.dll
0x00007ffd20500000 - 0x00007ffd2058d000 	C:\Users\teady\.jdks\corretto-17.0.9\bin\msvcp140.dll
0x00007ffcd7b30000 - 0x00007ffcd8791000 	C:\Users\teady\.jdks\corretto-17.0.9\bin\server\jvm.dll
0x00007ffd4a510000 - 0x00007ffd4a5c3000 	C:\WINDOWS\System32\ADVAPI32.dll
0x00007ffd48820000 - 0x00007ffd488c8000 	C:\WINDOWS\System32\sechost.dll
0x00007ffd47d80000 - 0x00007ffd47da8000 	C:\WINDOWS\System32\bcrypt.dll
0x00007ffd48500000 - 0x00007ffd48617000 	C:\WINDOWS\System32\RPCRT4.dll
0x00007ffd47820000 - 0x00007ffd4786d000 	C:\WINDOWS\SYSTEM32\POWRPROF.dll
0x00007ffd310a0000 - 0x00007ffd310a9000 	C:\WINDOWS\SYSTEM32\WSOCK32.dll
0x00007ffd3eee0000 - 0x00007ffd3ef14000 	C:\WINDOWS\SYSTEM32\WINMM.dll
0x00007ffd488e0000 - 0x00007ffd48951000 	C:\WINDOWS\System32\WS2_32.dll
0x00007ffd39890000 - 0x00007ffd3989a000 	C:\WINDOWS\SYSTEM32\VERSION.dll
0x00007ffd47800000 - 0x00007ffd47813000 	C:\WINDOWS\SYSTEM32\UMPDC.dll
0x00007ffd46980000 - 0x00007ffd46998000 	C:\WINDOWS\SYSTEM32\kernel.appcore.dll
0x00007ffd39730000 - 0x00007ffd3973a000 	C:\Users\teady\.jdks\corretto-17.0.9\bin\jimage.dll
0x00007ffd452e0000 - 0x00007ffd45513000 	C:\WINDOWS\SYSTEM32\DBGHELP.DLL
0x00007ffd49f40000 - 0x00007ffd4a2c9000 	C:\WINDOWS\System32\combase.dll
0x00007ffd49c40000 - 0x00007ffd49d17000 	C:\WINDOWS\System32\OLEAUT32.dll
0x00007ffd2cea0000 - 0x00007ffd2ced2000 	C:\WINDOWS\SYSTEM32\dbgcore.DLL
0x00007ffd47be0000 - 0x00007ffd47c5a000 	C:\WINDOWS\System32\bcryptPrimitives.dll
0x00007ffd395f0000 - 0x00007ffd395fe000 	C:\Users\teady\.jdks\corretto-17.0.9\bin\instrument.dll
0x00007ffd34530000 - 0x00007ffd34555000 	C:\Users\teady\.jdks\corretto-17.0.9\bin\java.dll
0x00007ffd10c80000 - 0x00007ffd10d57000 	C:\Users\teady\.jdks\corretto-17.0.9\bin\jsvml.dll
0x00007ffd48960000 - 0x00007ffd491ba000 	C:\WINDOWS\System32\SHELL32.dll
0x00007ffd458a0000 - 0x00007ffd46196000 	C:\WINDOWS\SYSTEM32\windows.storage.dll
0x00007ffd45760000 - 0x00007ffd4589e000 	C:\WINDOWS\SYSTEM32\wintypes.dll
0x00007ffd48400000 - 0x00007ffd484f3000 	C:\WINDOWS\System32\SHCORE.dll
0x00007ffd49b50000 - 0x00007ffd49bae000 	C:\WINDOWS\System32\shlwapi.dll
0x00007ffd47880000 - 0x00007ffd478a6000 	C:\WINDOWS\SYSTEM32\profapi.dll
0x00007ffd30b70000 - 0x00007ffd30b88000 	C:\Users\teady\.jdks\corretto-17.0.9\bin\zip.dll
0x00007ffd30b50000 - 0x00007ffd30b69000 	C:\Users\teady\.jdks\corretto-17.0.9\bin\net.dll
0x00007ffd41370000 - 0x00007ffd414a7000 	C:\WINDOWS\SYSTEM32\WINHTTP.dll
0x00007ffd46e00000 - 0x00007ffd46e69000 	C:\WINDOWS\system32\mswsock.dll
0x00007ffd30b30000 - 0x00007ffd30b46000 	C:\Users\teady\.jdks\corretto-17.0.9\bin\nio.dll
0x00007ffd36390000 - 0x00007ffd363a0000 	C:\Users\teady\.jdks\corretto-17.0.9\bin\verify.dll
0x00007ffd31ae0000 - 0x00007ffd31b07000 	C:\Users\teady\.gradle\native\c067742578af261105cb4f569cf0c3c89f3d7b1fecec35dd04571415982c5e48\windows-amd64\native-platform.dll
0x00007ffd10190000 - 0x00007ffd102d4000 	C:\Users\teady\.gradle\native\38dada09dfb8b06ba9b0570ebf7e218e3eb74d4ef43ca46872605cf95ebc2f47\windows-amd64\native-platform-file-events.dll
0x00007ffd34ed0000 - 0x00007ffd34ed9000 	C:\Users\teady\.jdks\corretto-17.0.9\bin\management.dll
0x00007ffd30b20000 - 0x00007ffd30b2b000 	C:\Users\teady\.jdks\corretto-17.0.9\bin\management_ext.dll
0x00007ffd483f0000 - 0x00007ffd483f8000 	C:\WINDOWS\System32\PSAPI.DLL
0x00007ffd47050000 - 0x00007ffd4706b000 	C:\WINDOWS\SYSTEM32\CRYPTSP.dll
0x00007ffd468e0000 - 0x00007ffd46915000 	C:\WINDOWS\system32\rsaenh.dll
0x00007ffd46ef0000 - 0x00007ffd46f1c000 	C:\WINDOWS\SYSTEM32\USERENV.dll
0x00007ffd47070000 - 0x00007ffd4707c000 	C:\WINDOWS\SYSTEM32\CRYPTBASE.dll
0x00007ffd46400000 - 0x00007ffd4642d000 	C:\WINDOWS\SYSTEM32\IPHLPAPI.DLL
0x00007ffd497f0000 - 0x00007ffd497f9000 	C:\WINDOWS\System32\NSI.dll
0x00007ffd3df70000 - 0x00007ffd3df89000 	C:\WINDOWS\SYSTEM32\dhcpcsvc6.DLL
0x00007ffd3df50000 - 0x00007ffd3df6f000 	C:\WINDOWS\SYSTEM32\dhcpcsvc.DLL
0x00007ffd46470000 - 0x00007ffd46569000 	C:\WINDOWS\SYSTEM32\DNSAPI.dll
0x00007ffd23bd0000 - 0x00007ffd23bde000 	C:\Users\teady\.jdks\corretto-17.0.9\bin\sunmscapi.dll
0x00007ffd47950000 - 0x00007ffd47ab6000 	C:\WINDOWS\System32\CRYPT32.dll
0x00007ffd47210000 - 0x00007ffd4723e000 	C:\WINDOWS\SYSTEM32\ncrypt.dll
0x00007ffd471d0000 - 0x00007ffd47207000 	C:\WINDOWS\SYSTEM32\NTASN1.dll
0x00007ffd35b90000 - 0x00007ffd35b98000 	C:\WINDOWS\system32\wshunix.dll

dbghelp: loaded successfully - version: 4.0.5 - missing functions: none
symbol engine: initialized successfully - sym options: 0x614 - pdb path: .;C:\Users\teady\.jdks\corretto-17.0.9\bin;C:\WINDOWS\SYSTEM32;C:\WINDOWS\WinSxS\amd64_microsoft.windows.common-controls_6595b64144ccf1df_6.0.22621.2506_none_270c5ae97388e100;C:\Users\teady\.jdks\corretto-17.0.9\bin\server;C:\Users\teady\.gradle\native\c067742578af261105cb4f569cf0c3c89f3d7b1fecec35dd04571415982c5e48\windows-amd64;C:\Users\teady\.gradle\native\38dada09dfb8b06ba9b0570ebf7e218e3eb74d4ef43ca46872605cf95ebc2f47\windows-amd64

VM Arguments:
jvm_args: --add-opens=java.base/java.util=ALL-UNNAMED --add-opens=java.base/java.lang=ALL-UNNAMED --add-opens=java.base/java.lang.invoke=ALL-UNNAMED --add-opens=java.prefs/java.util.prefs=ALL-UNNAMED --add-opens=java.base/java.nio.charset=ALL-UNNAMED --add-opens=java.base/java.net=ALL-UNNAMED --add-opens=java.base/java.util.concurrent.atomic=ALL-UNNAMED -XX:MaxMetaspaceSize=384m -XX:+HeapDumpOnOutOfMemoryError -Xms256m -Xmx512m -Dfile.encoding=x-windows-949 -Duser.country=KR -Duser.language=ko -Duser.variant -javaagent:C:\Users\teady\.gradle\wrapper\dists\gradle-8.5-bin\5t9huq95ubn472n8rpzujfbqh\gradle-8.5\lib\agents\gradle-instrumentation-agent-8.5.jar 
java_command: org.gradle.launcher.daemon.bootstrap.GradleDaemon 8.5
java_class_path (initial): C:\Users\teady\.gradle\wrapper\dists\gradle-8.5-bin\5t9huq95ubn472n8rpzujfbqh\gradle-8.5\lib\gradle-launcher-8.5.jar
Launcher Type: SUN_STANDARD

[Global flags]
     intx CICompilerCount                          = 3                                         {product} {ergonomic}
   size_t CompressedClassSpaceSize                 = 335544320                                 {product} {ergonomic}
     uint ConcGCThreads                            = 1                                         {product} {ergonomic}
     uint G1ConcRefinementThreads                  = 4                                         {product} {ergonomic}
   size_t G1HeapRegionSize                         = 1048576                                   {product} {ergonomic}
    uintx GCDrainStackTargetSize                   = 64                                        {product} {ergonomic}
     bool HeapDumpOnOutOfMemoryError               = true                                   {manageable} {command line}
   size_t InitialHeapSize                          = 268435456                                 {product} {command line}
   size_t MarkStackSize                            = 4194304                                   {product} {ergonomic}
   size_t MaxHeapSize                              = 536870912                                 {product} {command line}
   size_t MaxMetaspaceSize                         = 402653184                                 {product} {command line}
   size_t MaxNewSize                               = 321912832                                 {product} {ergonomic}
   size_t MinHeapDeltaBytes                        = 1048576                                   {product} {ergonomic}
   size_t MinHeapSize                              = 268435456                                 {product} {command line}
    uintx NonNMethodCodeHeapSize                   = 5832780                                {pd product} {ergonomic}
    uintx NonProfiledCodeHeapSize                  = 122912730                              {pd product} {ergonomic}
    uintx ProfiledCodeHeapSize                     = 122912730                              {pd product} {ergonomic}
    uintx ReservedCodeCacheSize                    = 251658240                              {pd product} {ergonomic}
     bool SegmentedCodeCache                       = true                                      {product} {ergonomic}
   size_t SoftMaxHeapSize                          = 536870912                              {manageable} {ergonomic}
     bool UseCompressedClassPointers               = true                           {product lp64_product} {ergonomic}
     bool UseCompressedOops                        = true                           {product lp64_product} {ergonomic}
     bool UseG1GC                                  = true                                      {product} {ergonomic}
     bool UseLargePagesIndividualAllocation        = false                                  {pd product} {ergonomic}

Logging:
Log output configuration:
 #0: stdout all=warning uptime,level,tags
 #1: stderr all=off uptime,level,tags

Environment Variables:
JAVA_HOME=C:\Program Files\Java\jdk-11
PATH=C:\Program Files\Java\jdk-11\bin;C:\Program Files\Java\scripts;C:\Program Files\Java\jdk-11;C:\Program Files\Java\jdk-17;C:\app\teady\product\11.2.0\dbhome_1\bin;C:\Program Files (x86)\Intel\iCLS Client\;C:\Program Files\Intel\iCLS Client\;C:\WINDOWS\system32;C:\WINDOWS;C:\WINDOWS\System32\Wbem;C:\WINDOWS\System32\WindowsPowerShell\v1.0\;C:\WINDOWS\System32\OpenSSH\;C:\Program Files (x86)\Intel\Intel(R) Management Engine Components\DAL;C:\Program Files\Intel\Intel(R) Management Engine Components\DAL;C:\Program Files (x86)\Intel\Intel(R) Management Engine Components\IPT;C:\Program Files\Intel\Intel(R) Management Engine Components\IPT;C:\Program Files\Git\cmd;C:\Program Files\nodejs\;C:\Users\teady\AppData\Local\Microsoft\WindowsApps;C:\Program Files\Bandizip\;;C:\Users\teady\AppData\Local\Programs\Microsoft VS Code\bin;C:\Users\teady\AppData\Roaming\npm;C:\Program Files\JetBrains\IntelliJ IDEA Community Edition 2023.3.1\bin;
USERNAME=teady
OS=Windows_NT
PROCESSOR_IDENTIFIER=Intel64 Family 6 Model 142 Stepping 10, GenuineIntel
TMP=C:\Users\teady\AppData\Local\Temp
TEMP=C:\Users\teady\AppData\Local\Temp



Periodic native trim disabled


---------------  S Y S T E M  ---------------

OS:
 Windows 11 , 64 bit Build 22621 (10.0.22621.2506)
OS uptime: 5 days 21:04 hours

CPU: total 4 (initial active 4) (2 cores per cpu, 2 threads per core) family 6 model 142 stepping 10 microcode 0xe0, cx8, cmov, fxsr, ht, mmx, 3dnowpref, sse, sse2, sse3, ssse3, sse4.1, sse4.2, popcnt, lzcnt, tsc, tscinvbit, avx, avx2, aes, erms, clmul, bmi1, bmi2, adx, fma, vzeroupper, clflush, clflushopt
Processor Information for all 4 processors :
  Max Mhz: 2208, Current Mhz: 2208, Mhz Limit: 2208

Memory: 4k page, system-wide physical 3929M (113M free)
TotalPageFile size 16217M (AvailPageFile size 26M)
current process WorkingSet (physical memory assigned to process): 244M, peak: 262M
current process commit charge ("private bytes"): 460M, peak: 462M

vm_info: OpenJDK 64-Bit Server VM (17.0.9+8-LTS) for windows-amd64 JRE (17.0.9+8-LTS), built on Oct 12 2023 16:15:33 by "Administrator" with MS VC++ 16.10 / 16.11 (VS2019)

END.
