#
# There is insufficient memory for the Java Runtime Environment to continue.
# Native memory allocation (malloc) failed to allocate 1287856 bytes for Chunk::new
# Possible reasons:
#   The system is out of physical RAM or swap space
#   The process is running with CompressedOops enabled, and the Java Heap may be blocking the growth of the native heap
# Possible solutions:
#   Reduce memory load on the system
#   Increase physical memory or swap space
#   Check if swap backing store is full
#   Decrease Java heap size (-Xmx/-Xms)
#   Decrease number of Java threads
#   Decrease Java thread stack sizes (-Xss)
#   Set larger code cache with -XX:ReservedCodeCacheSize=
#   JVM is running with Unscaled Compressed Oops mode in which the Java heap is
#     placed in the first 4GB address space. The Java Heap base address is the
#     maximum limit for the native heap growth. Please use -XX:HeapBaseMinAddress
#     to set the Java Heap base and to place the Java Heap above 4GB virtual address.
# This output file may be truncated or incomplete.
#
#  Out of Memory Error (arena.cpp:191), pid=7408, tid=880
#
# JRE version: OpenJDK Runtime Environment Corretto-17.0.9.8.1 (17.0.9+8) (build 17.0.9+8-LTS)
# Java VM: OpenJDK 64-Bit Server VM Corretto-17.0.9.8.1 (17.0.9+8-LTS, mixed mode, sharing, tiered, compressed oops, compressed class ptrs, g1 gc, windows-amd64)
# No core dump will be written. Minidumps are not enabled by default on client versions of Windows
#

---------------  S U M M A R Y ------------

Command Line: --add-opens=java.base/java.util=ALL-UNNAMED --add-opens=java.base/java.lang=ALL-UNNAMED --add-opens=java.base/java.lang.invoke=ALL-UNNAMED --add-opens=java.prefs/java.util.prefs=ALL-UNNAMED --add-opens=java.base/java.nio.charset=ALL-UNNAMED --add-opens=java.base/java.net=ALL-UNNAMED --add-opens=java.base/java.util.concurrent.atomic=ALL-UNNAMED -XX:MaxMetaspaceSize=384m -XX:+HeapDumpOnOutOfMemoryError -Xms256m -Xmx512m -Dfile.encoding=x-windows-949 -Duser.country=KR -Duser.language=ko -Duser.variant -javaagent:C:\Users\teady\.gradle\wrapper\dists\gradle-8.5-bin\5t9huq95ubn472n8rpzujfbqh\gradle-8.5\lib\agents\gradle-instrumentation-agent-8.5.jar org.gradle.launcher.daemon.bootstrap.GradleDaemon 8.5

Host: Intel(R) Core(TM) i3-8130U CPU @ 2.20GHz, 4 cores, 3G,  Windows 11 , 64 bit Build 22621 (10.0.22621.2506)
Time: Sat Jan 20 19:34:52 2024  Windows 11 , 64 bit Build 22621 (10.0.22621.2506) elapsed time: 73.362373 seconds (0d 0h 1m 13s)

---------------  T H R E A D  ---------------

Current thread (0x000002ab35f0e2e0):  JavaThread "C2 CompilerThread0" daemon [_thread_in_native, id=880, stack(0x000000f7a4500000,0x000000f7a4600000)]


Current CompileTask:
C2:  73362 5565       4       org.codehaus.groovy.runtime.metaclass.MetaMethodIndex::addMethodToList (128 bytes)

Stack: [0x000000f7a4500000,0x000000f7a4600000]
Native frames: (J=compiled Java code, j=interpreted, Vv=VM code, C=native code)
V  [jvm.dll+0x67cb49]
V  [jvm.dll+0x8344da]
V  [jvm.dll+0x835f9e]
V  [jvm.dll+0x836603]
V  [jvm.dll+0x247b5f]
V  [jvm.dll+0xac43c]
V  [jvm.dll+0xaca8c]
V  [jvm.dll+0x366c32]
V  [jvm.dll+0x330fda]
V  [jvm.dll+0x33047a]
V  [jvm.dll+0x21a201]
V  [jvm.dll+0x219621]
V  [jvm.dll+0x1a56cd]
V  [jvm.dll+0x2293ee]
V  [jvm.dll+0x2275bc]
V  [jvm.dll+0x7e95a7]
V  [jvm.dll+0x7e396a]
V  [jvm.dll+0x67ba35]
C  [ucrtbase.dll+0x29363]
C  [KERNEL32.DLL+0x1257d]
C  [ntdll.dll+0x5aa58]


---------------  P R O C E S S  ---------------

Threads class SMR info:
_java_thread_list=0x000002ab52aee440, length=44, elements={
0x000002ab19cfc800, 0x000002ab35eeb7a0, 0x000002ab35eec620, 0x000002ab35f08580,
0x000002ab35f0a060, 0x000002ab35f0ac20, 0x000002ab35f0d5f0, 0x000002ab35f0e2e0,
0x000002ab35f0ed90, 0x000002ab4f042f70, 0x000002ab4f0bc830, 0x000002ab4f1e11a0,
0x000002ab4fb74240, 0x000002ab4fcb4080, 0x000002ab5080c070, 0x000002ab4fd186b0,
0x000002ab4fa1a300, 0x000002ab4ff1c930, 0x000002ab50744580, 0x000002ab50c00850,
0x000002ab50fce620, 0x000002ab4f4d0570, 0x000002ab4f4d0060, 0x000002ab4f4d0f90,
0x000002ab4f4d14a0, 0x000002ab4f4d19b0, 0x000002ab4f4d2df0, 0x000002ab4f4d0a80,
0x000002ab4f4d23d0, 0x000002ab4f4d28e0, 0x000002ab4f4d3300, 0x000002ab4f4d3810,
0x000002ab50b63b70, 0x000002ab50b64080, 0x000002ab50b65ee0, 0x000002ab50b5feb0,
0x000002ab50b66e10, 0x000002ab50b62730, 0x000002ab50b603c0, 0x000002ab50b64aa0,
0x000002ab50b663f0, 0x000002ab50b66900, 0x000002ab50b654c0, 0x000002ab50b63150
}

Java Threads: ( => current thread )
  0x000002ab19cfc800 JavaThread "main" [_thread_blocked, id=17164, stack(0x000000f7a3800000,0x000000f7a3900000)]
  0x000002ab35eeb7a0 JavaThread "Reference Handler" daemon [_thread_blocked, id=1728, stack(0x000000f7a3f00000,0x000000f7a4000000)]
  0x000002ab35eec620 JavaThread "Finalizer" daemon [_thread_blocked, id=14124, stack(0x000000f7a4000000,0x000000f7a4100000)]
  0x000002ab35f08580 JavaThread "Signal Dispatcher" daemon [_thread_blocked, id=11676, stack(0x000000f7a4100000,0x000000f7a4200000)]
  0x000002ab35f0a060 JavaThread "Attach Listener" daemon [_thread_blocked, id=2876, stack(0x000000f7a4200000,0x000000f7a4300000)]
  0x000002ab35f0ac20 JavaThread "Service Thread" daemon [_thread_blocked, id=24640, stack(0x000000f7a4300000,0x000000f7a4400000)]
  0x000002ab35f0d5f0 JavaThread "Monitor Deflation Thread" daemon [_thread_blocked, id=14892, stack(0x000000f7a4400000,0x000000f7a4500000)]
=>0x000002ab35f0e2e0 JavaThread "C2 CompilerThread0" daemon [_thread_in_native, id=880, stack(0x000000f7a4500000,0x000000f7a4600000)]
  0x000002ab35f0ed90 JavaThread "C1 CompilerThread0" daemon [_thread_blocked, id=11592, stack(0x000000f7a4600000,0x000000f7a4700000)]
  0x000002ab4f042f70 JavaThread "Sweeper thread" daemon [_thread_blocked, id=28180, stack(0x000000f7a4700000,0x000000f7a4800000)]
  0x000002ab4f0bc830 JavaThread "Common-Cleaner" daemon [_thread_blocked, id=1832, stack(0x000000f7a4800000,0x000000f7a4900000)]
  0x000002ab4f1e11a0 JavaThread "Notification Thread" daemon [_thread_blocked, id=15776, stack(0x000000f7a4900000,0x000000f7a4a00000)]
  0x000002ab4fb74240 JavaThread "Daemon health stats" [_thread_blocked, id=20108, stack(0x000000f7a4e00000,0x000000f7a4f00000)]
  0x000002ab4fcb4080 JavaThread "Incoming local TCP Connector on port 59681" [_thread_in_native, id=23172, stack(0x000000f7a4f00000,0x000000f7a5000000)]
  0x000002ab5080c070 JavaThread "Daemon periodic checks" [_thread_blocked, id=6492, stack(0x000000f7a5000000,0x000000f7a5100000)]
  0x000002ab4fd186b0 JavaThread "Daemon" [_thread_blocked, id=17776, stack(0x000000f7a5100000,0x000000f7a5200000)]
  0x000002ab4fa1a300 JavaThread "Handler for socket connection from /127.0.0.1:59681 to /127.0.0.1:59684" [_thread_in_native, id=20152, stack(0x000000f7a5200000,0x000000f7a5300000)]
  0x000002ab4ff1c930 JavaThread "Cancel handler" [_thread_blocked, id=26748, stack(0x000000f7a5300000,0x000000f7a5400000)]
  0x000002ab50744580 JavaThread "Daemon worker" [_thread_in_Java, id=12984, stack(0x000000f7a5400000,0x000000f7a5500000)]
  0x000002ab50c00850 JavaThread "Asynchronous log dispatcher for DefaultDaemonConnection: socket connection from /127.0.0.1:59681 to /127.0.0.1:59684" [_thread_blocked, id=6756, stack(0x000000f7a5500000,0x000000f7a5600000)]
  0x000002ab50fce620 JavaThread "Stdin handler" [_thread_blocked, id=21328, stack(0x000000f7a5600000,0x000000f7a5700000)]
  0x000002ab4f4d0570 JavaThread "Daemon client event forwarder" [_thread_blocked, id=19504, stack(0x000000f7a5700000,0x000000f7a5800000)]
  0x000002ab4f4d0060 JavaThread "Cache worker for journal cache (C:\Users\teady\.gradle\caches\journal-1)" [_thread_blocked, id=12600, stack(0x000000f7a5800000,0x000000f7a5900000)]
  0x000002ab4f4d0f90 JavaThread "File lock request listener" [_thread_in_native, id=23508, stack(0x000000f7a5900000,0x000000f7a5a00000)]
  0x000002ab4f4d14a0 JavaThread "File lock release action executor" [_thread_blocked, id=25364, stack(0x000000f7a5a00000,0x000000f7a5b00000)]
  0x000002ab4f4d19b0 JavaThread "Cache worker for file hash cache (C:\Users\teady\.gradle\caches\8.5\fileHashes)" [_thread_blocked, id=26668, stack(0x000000f7a5b00000,0x000000f7a5c00000)]
  0x000002ab4f4d2df0 JavaThread "File watcher server" daemon [_thread_in_native, id=340, stack(0x000000f7a5c00000,0x000000f7a5d00000)]
  0x000002ab4f4d0a80 JavaThread "File watcher consumer" daemon [_thread_blocked, id=6008, stack(0x000000f7a5d00000,0x000000f7a5e00000)]
  0x000002ab4f4d23d0 JavaThread "Cache worker for checksums cache (C:\TeamSpace\onedayseed_gradle\.gradle\8.5\checksums)" [_thread_blocked, id=17188, stack(0x000000f7a5e00000,0x000000f7a5f00000)]
  0x000002ab4f4d28e0 JavaThread "Cache worker for file hash cache (C:\TeamSpace\onedayseed_gradle\.gradle\8.5\fileHashes)" [_thread_blocked, id=16092, stack(0x000000f7a5f00000,0x000000f7a6000000)]
  0x000002ab4f4d3300 JavaThread "Cache worker for cache directory md-supplier (C:\Users\teady\.gradle\caches\8.5\md-supplier)" [_thread_blocked, id=21468, stack(0x000000f7a6000000,0x000000f7a6100000)]
  0x000002ab4f4d3810 JavaThread "Cache worker for cache directory md-rule (C:\Users\teady\.gradle\caches\8.5\md-rule)" [_thread_blocked, id=22168, stack(0x000000f7a6100000,0x000000f7a6200000)]
  0x000002ab50b63b70 JavaThread "Cache worker for file content cache (C:\Users\teady\.gradle\caches\8.5\fileContent)" [_thread_blocked, id=18528, stack(0x000000f7a6200000,0x000000f7a6300000)]
  0x000002ab50b64080 JavaThread "Cache worker for execution history cache (C:\Users\teady\.gradle\caches\8.5\executionHistory)" [_thread_blocked, id=17132, stack(0x000000f7a6300000,0x000000f7a6400000)]
  0x000002ab50b65ee0 JavaThread "jar transforms" [_thread_blocked, id=28608, stack(0x000000f7a6400000,0x000000f7a6500000)]
  0x000002ab50b5feb0 JavaThread "jar transforms Thread 2" [_thread_blocked, id=21880, stack(0x000000f7a6500000,0x000000f7a6600000)]
  0x000002ab50b66e10 JavaThread "jar transforms Thread 3" [_thread_blocked, id=21292, stack(0x000000f7a6600000,0x000000f7a6700000)]
  0x000002ab50b62730 JavaThread "jar transforms Thread 4" [_thread_blocked, id=6480, stack(0x000000f7a6700000,0x000000f7a6800000)]
  0x000002ab50b603c0 JavaThread "Cache worker for dependencies-accessors (C:\TeamSpace\onedayseed_gradle\.gradle\8.5\dependencies-accessors)" [_thread_blocked, id=25312, stack(0x000000f7a6a00000,0x000000f7a6b00000)]
  0x000002ab50b64aa0 JavaThread "Cache worker for Build Output Cleanup Cache (C:\TeamSpace\onedayseed_gradle\.gradle\buildOutputCleanup)" [_thread_blocked, id=27364, stack(0x000000f7a3500000,0x000000f7a3600000)]
  0x000002ab50b663f0 JavaThread "Unconstrained build operations" [_thread_blocked, id=23496, stack(0x000000f7a3600000,0x000000f7a3700000)]
  0x000002ab50b66900 JavaThread "Unconstrained build operations Thread 2" [_thread_blocked, id=16204, stack(0x000000f7a3700000,0x000000f7a3800000)]
  0x000002ab50b654c0 JavaThread "Unconstrained build operations Thread 3" [_thread_blocked, id=27168, stack(0x000000f7a6d00000,0x000000f7a6e00000)]
  0x000002ab50b63150 JavaThread "Memory manager" [_thread_blocked, id=22656, stack(0x000000f7a6e00000,0x000000f7a6f00000)]

Other Threads:
  0x000002ab35ee6840 VMThread "VM Thread" [stack: 0x000000f7a3e00000,0x000000f7a3f00000] [id=18956]
  0x000002ab19cfd680 WatcherThread [stack: 0x000000f7a4a00000,0x000000f7a4b00000] [id=21276]
  0x000002ab19d2a3b0 GCTaskThread "GC Thread#0" [stack: 0x000000f7a3900000,0x000000f7a3a00000] [id=27280]
  0x000002ab4f4e0310 GCTaskThread "GC Thread#1" [stack: 0x000000f7a4b00000,0x000000f7a4c00000] [id=28232]
  0x000002ab4f3b4ee0 GCTaskThread "GC Thread#2" [stack: 0x000000f7a4c00000,0x000000f7a4d00000] [id=9744]
  0x000002ab4f3b51a0 GCTaskThread "GC Thread#3" [stack: 0x000000f7a4d00000,0x000000f7a4e00000] [id=568]
  0x000002ab19d2f300 ConcurrentGCThread "G1 Main Marker" [stack: 0x000000f7a3a00000,0x000000f7a3b00000] [id=14772]
  0x000002ab19d2fd20 ConcurrentGCThread "G1 Conc#0" [stack: 0x000000f7a3b00000,0x000000f7a3c00000] [id=23736]
  0x000002ab19dae7e0 ConcurrentGCThread "G1 Refine#0" [stack: 0x000000f7a3c00000,0x000000f7a3d00000] [id=23984]
  0x000002ab5174aef0 ConcurrentGCThread "G1 Refine#1" [stack: 0x000000f7a6b00000,0x000000f7a6c00000] [id=12880]
  0x000002ab5174b7c0 ConcurrentGCThread "G1 Refine#2" [stack: 0x000000f7a6c00000,0x000000f7a6d00000] [id=4364]
  0x000002ab35dac370 ConcurrentGCThread "G1 Service" [stack: 0x000000f7a3d00000,0x000000f7a3e00000] [id=28032]

Threads with active compile tasks:
C2 CompilerThread0    73466 5565       4       org.codehaus.groovy.runtime.metaclass.MetaMethodIndex::addMethodToList (128 bytes)

VM state: not at safepoint (normal execution)

VM Mutex/Monitor currently owned by a thread: None

Heap address: 0x00000000e0000000, size: 512 MB, Compressed Oops mode: 32-bit

CDS archive(s) mapped at: [0x000002ab36000000-0x000002ab36ba0000-0x000002ab36ba0000), size 12189696, SharedBaseAddress: 0x000002ab36000000, ArchiveRelocationMode: 1.
Compressed class space mapped at: 0x000002ab37000000-0x000002ab4b000000, reserved size: 335544320
Narrow klass base: 0x000002ab36000000, Narrow klass shift: 0, Narrow klass range: 0x100000000

GC Precious Log:
 CPUs: 4 total, 4 available
 Memory: 3929M
 Large Page Support: Disabled
 NUMA Support: Disabled
 Compressed Oops: Enabled (32-bit)
 Heap Region Size: 1M
 Heap Min Capacity: 256M
 Heap Initial Capacity: 256M
 Heap Max Capacity: 512M
 Pre-touch: Disabled
 Parallel Workers: 4
 Concurrent Workers: 1
 Concurrent Refinement Workers: 4
 Periodic GC: Disabled

Heap:
 garbage-first heap   total 262144K, used 60564K [0x00000000e0000000, 0x0000000100000000)
  region size 1024K, 30 young (30720K), 5 survivors (5120K)
 Metaspace       used 46268K, committed 46784K, reserved 393216K
  class space    used 6539K, committed 6784K, reserved 327680K

Heap Regions: E=young(eden), S=young(survivor), O=old, HS=humongous(starts), HC=humongous(continues), CS=collection set, F=free, OA=open archive, CA=closed archive, TAMS=top-at-mark-start (previous, next)
|   0|0x00000000e0000000, 0x00000000e0100000, 0x00000000e0100000|100%| O|  |TAMS 0x00000000e0100000, 0x00000000e0000000| Untracked 
|   1|0x00000000e0100000, 0x00000000e0200000, 0x00000000e0200000|100%| O|  |TAMS 0x00000000e0200000, 0x00000000e0100000| Untracked 
|   2|0x00000000e0200000, 0x00000000e0300000, 0x00000000e0300000|100%|HS|  |TAMS 0x00000000e0300000, 0x00000000e0200000| Complete 
|   3|0x00000000e0300000, 0x00000000e0400000, 0x00000000e0400000|100%|HC|  |TAMS 0x00000000e0400000, 0x00000000e0300000| Complete 
|   4|0x00000000e0400000, 0x00000000e0500000, 0x00000000e0500000|100%|HC|  |TAMS 0x00000000e0500000, 0x00000000e0400000| Complete 
|   5|0x00000000e0500000, 0x00000000e0600000, 0x00000000e0600000|100%|HC|  |TAMS 0x00000000e0600000, 0x00000000e0500000| Complete 
|   6|0x00000000e0600000, 0x00000000e0700000, 0x00000000e0700000|100%| O|  |TAMS 0x00000000e0700000, 0x00000000e0600000| Untracked 
|   7|0x00000000e0700000, 0x00000000e0700000, 0x00000000e0800000|  0%| F|  |TAMS 0x00000000e0700000, 0x00000000e0700000| Untracked 
|   8|0x00000000e0800000, 0x00000000e0900000, 0x00000000e0900000|100%| O|  |TAMS 0x00000000e0900000, 0x00000000e0800000| Untracked 
|   9|0x00000000e0900000, 0x00000000e0a00000, 0x00000000e0a00000|100%| O|  |TAMS 0x00000000e0a00000, 0x00000000e0900000| Untracked 
|  10|0x00000000e0a00000, 0x00000000e0b00000, 0x00000000e0b00000|100%| O|  |TAMS 0x00000000e0b00000, 0x00000000e0a00000| Untracked 
|  11|0x00000000e0b00000, 0x00000000e0c00000, 0x00000000e0c00000|100%| O|  |TAMS 0x00000000e0c00000, 0x00000000e0b00000| Untracked 
|  12|0x00000000e0c00000, 0x00000000e0d00000, 0x00000000e0d00000|100%| O|  |TAMS 0x00000000e0d00000, 0x00000000e0c00000| Untracked 
|  13|0x00000000e0d00000, 0x00000000e0e00000, 0x00000000e0e00000|100%| O|  |TAMS 0x00000000e0e00000, 0x00000000e0d00000| Untracked 
|  14|0x00000000e0e00000, 0x00000000e0f00000, 0x00000000e0f00000|100%| O|  |TAMS 0x00000000e0f00000, 0x00000000e0e00000| Untracked 
|  15|0x00000000e0f00000, 0x00000000e1000000, 0x00000000e1000000|100%| O|  |TAMS 0x00000000e1000000, 0x00000000e0f00000| Untracked 
|  16|0x00000000e1000000, 0x00000000e1100000, 0x00000000e1100000|100%| O|  |TAMS 0x00000000e1100000, 0x00000000e1000000| Untracked 
|  17|0x00000000e1100000, 0x00000000e1200000, 0x00000000e1200000|100%| O|  |TAMS 0x00000000e1200000, 0x00000000e1100000| Untracked 
|  18|0x00000000e1200000, 0x00000000e1300000, 0x00000000e1300000|100%| O|  |TAMS 0x00000000e1300000, 0x00000000e1200000| Untracked 
|  19|0x00000000e1300000, 0x00000000e1400000, 0x00000000e1400000|100%| O|  |TAMS 0x00000000e1400000, 0x00000000e1300000| Untracked 
|  20|0x00000000e1400000, 0x00000000e1500000, 0x00000000e1500000|100%| O|  |TAMS 0x00000000e1500000, 0x00000000e1400000| Untracked 
|  21|0x00000000e1500000, 0x00000000e1600000, 0x00000000e1600000|100%| O|  |TAMS 0x00000000e1600000, 0x00000000e1500000| Untracked 
|  22|0x00000000e1600000, 0x00000000e1700000, 0x00000000e1700000|100%| O|  |TAMS 0x00000000e1700000, 0x00000000e1600000| Untracked 
|  23|0x00000000e1700000, 0x00000000e1800000, 0x00000000e1800000|100%| O|  |TAMS 0x00000000e1800000, 0x00000000e1700000| Untracked 
|  24|0x00000000e1800000, 0x00000000e1900000, 0x00000000e1900000|100%| O|  |TAMS 0x00000000e1900000, 0x00000000e1800000| Untracked 
|  25|0x00000000e1900000, 0x00000000e1a00000, 0x00000000e1a00000|100%| O|  |TAMS 0x00000000e1a00000, 0x00000000e1900000| Untracked 
|  26|0x00000000e1a00000, 0x00000000e1b00000, 0x00000000e1b00000|100%| O|  |TAMS 0x00000000e1b00000, 0x00000000e1a00000| Untracked 
|  27|0x00000000e1b00000, 0x00000000e1c00000, 0x00000000e1c00000|100%| O|  |TAMS 0x00000000e1c00000, 0x00000000e1b00000| Untracked 
|  28|0x00000000e1c00000, 0x00000000e1d00000, 0x00000000e1d00000|100%| O|  |TAMS 0x00000000e1d00000, 0x00000000e1c00000| Untracked 
|  29|0x00000000e1d00000, 0x00000000e1e00000, 0x00000000e1e00000|100%| O|  |TAMS 0x00000000e1e00000, 0x00000000e1d00000| Untracked 
|  30|0x00000000e1e00000, 0x00000000e1f00000, 0x00000000e1f00000|100%| O|  |TAMS 0x00000000e1f00000, 0x00000000e1e00000| Untracked 
|  31|0x00000000e1f00000, 0x00000000e1f91c00, 0x00000000e2000000| 56%| O|  |TAMS 0x00000000e1f91c00, 0x00000000e1f00000| Untracked 
|  32|0x00000000e2000000, 0x00000000e2000000, 0x00000000e2100000|  0%| F|  |TAMS 0x00000000e2000000, 0x00000000e2000000| Untracked 
|  33|0x00000000e2100000, 0x00000000e2100000, 0x00000000e2200000|  0%| F|  |TAMS 0x00000000e2100000, 0x00000000e2100000| Untracked 
|  34|0x00000000e2200000, 0x00000000e2200000, 0x00000000e2300000|  0%| F|  |TAMS 0x00000000e2200000, 0x00000000e2200000| Untracked 
|  35|0x00000000e2300000, 0x00000000e2300000, 0x00000000e2400000|  0%| F|  |TAMS 0x00000000e2300000, 0x00000000e2300000| Untracked 
|  36|0x00000000e2400000, 0x00000000e2400000, 0x00000000e2500000|  0%| F|  |TAMS 0x00000000e2400000, 0x00000000e2400000| Untracked 
|  37|0x00000000e2500000, 0x00000000e2500000, 0x00000000e2600000|  0%| F|  |TAMS 0x00000000e2500000, 0x00000000e2500000| Untracked 
|  38|0x00000000e2600000, 0x00000000e2600000, 0x00000000e2700000|  0%| F|  |TAMS 0x00000000e2600000, 0x00000000e2600000| Untracked 
|  39|0x00000000e2700000, 0x00000000e2700000, 0x00000000e2800000|  0%| F|  |TAMS 0x00000000e2700000, 0x00000000e2700000| Untracked 
|  40|0x00000000e2800000, 0x00000000e2800000, 0x00000000e2900000|  0%| F|  |TAMS 0x00000000e2800000, 0x00000000e2800000| Untracked 
|  41|0x00000000e2900000, 0x00000000e2900000, 0x00000000e2a00000|  0%| F|  |TAMS 0x00000000e2900000, 0x00000000e2900000| Untracked 
|  42|0x00000000e2a00000, 0x00000000e2a00000, 0x00000000e2b00000|  0%| F|  |TAMS 0x00000000e2a00000, 0x00000000e2a00000| Untracked 
|  43|0x00000000e2b00000, 0x00000000e2b00000, 0x00000000e2c00000|  0%| F|  |TAMS 0x00000000e2b00000, 0x00000000e2b00000| Untracked 
|  44|0x00000000e2c00000, 0x00000000e2c00000, 0x00000000e2d00000|  0%| F|  |TAMS 0x00000000e2c00000, 0x00000000e2c00000| Untracked 
|  45|0x00000000e2d00000, 0x00000000e2d00000, 0x00000000e2e00000|  0%| F|  |TAMS 0x00000000e2d00000, 0x00000000e2d00000| Untracked 
|  46|0x00000000e2e00000, 0x00000000e2e00000, 0x00000000e2f00000|  0%| F|  |TAMS 0x00000000e2e00000, 0x00000000e2e00000| Untracked 
|  47|0x00000000e2f00000, 0x00000000e2f00000, 0x00000000e3000000|  0%| F|  |TAMS 0x00000000e2f00000, 0x00000000e2f00000| Untracked 
|  48|0x00000000e3000000, 0x00000000e3000000, 0x00000000e3100000|  0%| F|  |TAMS 0x00000000e3000000, 0x00000000e3000000| Untracked 
|  49|0x00000000e3100000, 0x00000000e3100000, 0x00000000e3200000|  0%| F|  |TAMS 0x00000000e3100000, 0x00000000e3100000| Untracked 
|  50|0x00000000e3200000, 0x00000000e3200000, 0x00000000e3300000|  0%| F|  |TAMS 0x00000000e3200000, 0x00000000e3200000| Untracked 
|  51|0x00000000e3300000, 0x00000000e3300000, 0x00000000e3400000|  0%| F|  |TAMS 0x00000000e3300000, 0x00000000e3300000| Untracked 
|  52|0x00000000e3400000, 0x00000000e3400000, 0x00000000e3500000|  0%| F|  |TAMS 0x00000000e3400000, 0x00000000e3400000| Untracked 
|  53|0x00000000e3500000, 0x00000000e3500000, 0x00000000e3600000|  0%| F|  |TAMS 0x00000000e3500000, 0x00000000e3500000| Untracked 
|  54|0x00000000e3600000, 0x00000000e3600000, 0x00000000e3700000|  0%| F|  |TAMS 0x00000000e3600000, 0x00000000e3600000| Untracked 
|  55|0x00000000e3700000, 0x00000000e3700000, 0x00000000e3800000|  0%| F|  |TAMS 0x00000000e3700000, 0x00000000e3700000| Untracked 
|  56|0x00000000e3800000, 0x00000000e3800000, 0x00000000e3900000|  0%| F|  |TAMS 0x00000000e3800000, 0x00000000e3800000| Untracked 
|  57|0x00000000e3900000, 0x00000000e3900000, 0x00000000e3a00000|  0%| F|  |TAMS 0x00000000e3900000, 0x00000000e3900000| Untracked 
|  58|0x00000000e3a00000, 0x00000000e3a00000, 0x00000000e3b00000|  0%| F|  |TAMS 0x00000000e3a00000, 0x00000000e3a00000| Untracked 
|  59|0x00000000e3b00000, 0x00000000e3b00000, 0x00000000e3c00000|  0%| F|  |TAMS 0x00000000e3b00000, 0x00000000e3b00000| Untracked 
|  60|0x00000000e3c00000, 0x00000000e3c00000, 0x00000000e3d00000|  0%| F|  |TAMS 0x00000000e3c00000, 0x00000000e3c00000| Untracked 
|  61|0x00000000e3d00000, 0x00000000e3d00000, 0x00000000e3e00000|  0%| F|  |TAMS 0x00000000e3d00000, 0x00000000e3d00000| Untracked 
|  62|0x00000000e3e00000, 0x00000000e3e00000, 0x00000000e3f00000|  0%| F|  |TAMS 0x00000000e3e00000, 0x00000000e3e00000| Untracked 
|  63|0x00000000e3f00000, 0x00000000e3f00000, 0x00000000e4000000|  0%| F|  |TAMS 0x00000000e3f00000, 0x00000000e3f00000| Untracked 
|  64|0x00000000e4000000, 0x00000000e4000000, 0x00000000e4100000|  0%| F|  |TAMS 0x00000000e4000000, 0x00000000e4000000| Untracked 
|  65|0x00000000e4100000, 0x00000000e4100000, 0x00000000e4200000|  0%| F|  |TAMS 0x00000000e4100000, 0x00000000e4100000| Untracked 
|  66|0x00000000e4200000, 0x00000000e4200000, 0x00000000e4300000|  0%| F|  |TAMS 0x00000000e4200000, 0x00000000e4200000| Untracked 
|  67|0x00000000e4300000, 0x00000000e4300000, 0x00000000e4400000|  0%| F|  |TAMS 0x00000000e4300000, 0x00000000e4300000| Untracked 
|  68|0x00000000e4400000, 0x00000000e4400000, 0x00000000e4500000|  0%| F|  |TAMS 0x00000000e4400000, 0x00000000e4400000| Untracked 
|  69|0x00000000e4500000, 0x00000000e4500000, 0x00000000e4600000|  0%| F|  |TAMS 0x00000000e4500000, 0x00000000e4500000| Untracked 
|  70|0x00000000e4600000, 0x00000000e4600000, 0x00000000e4700000|  0%| F|  |TAMS 0x00000000e4600000, 0x00000000e4600000| Untracked 
|  71|0x00000000e4700000, 0x00000000e4700000, 0x00000000e4800000|  0%| F|  |TAMS 0x00000000e4700000, 0x00000000e4700000| Untracked 
|  72|0x00000000e4800000, 0x00000000e4800000, 0x00000000e4900000|  0%| F|  |TAMS 0x00000000e4800000, 0x00000000e4800000| Untracked 
|  73|0x00000000e4900000, 0x00000000e4900000, 0x00000000e4a00000|  0%| F|  |TAMS 0x00000000e4900000, 0x00000000e4900000| Untracked 
|  74|0x00000000e4a00000, 0x00000000e4a00000, 0x00000000e4b00000|  0%| F|  |TAMS 0x00000000e4a00000, 0x00000000e4a00000| Untracked 
|  75|0x00000000e4b00000, 0x00000000e4b00000, 0x00000000e4c00000|  0%| F|  |TAMS 0x00000000e4b00000, 0x00000000e4b00000| Untracked 
|  76|0x00000000e4c00000, 0x00000000e4c00000, 0x00000000e4d00000|  0%| F|  |TAMS 0x00000000e4c00000, 0x00000000e4c00000| Untracked 
|  77|0x00000000e4d00000, 0x00000000e4d00000, 0x00000000e4e00000|  0%| F|  |TAMS 0x00000000e4d00000, 0x00000000e4d00000| Untracked 
|  78|0x00000000e4e00000, 0x00000000e4e00000, 0x00000000e4f00000|  0%| F|  |TAMS 0x00000000e4e00000, 0x00000000e4e00000| Untracked 
|  79|0x00000000e4f00000, 0x00000000e4f00000, 0x00000000e5000000|  0%| F|  |TAMS 0x00000000e4f00000, 0x00000000e4f00000| Untracked 
|  80|0x00000000e5000000, 0x00000000e5000000, 0x00000000e5100000|  0%| F|  |TAMS 0x00000000e5000000, 0x00000000e5000000| Untracked 
|  81|0x00000000e5100000, 0x00000000e5100000, 0x00000000e5200000|  0%| F|  |TAMS 0x00000000e5100000, 0x00000000e5100000| Untracked 
|  82|0x00000000e5200000, 0x00000000e5200000, 0x00000000e5300000|  0%| F|  |TAMS 0x00000000e5200000, 0x00000000e5200000| Untracked 
|  83|0x00000000e5300000, 0x00000000e5300000, 0x00000000e5400000|  0%| F|  |TAMS 0x00000000e5300000, 0x00000000e5300000| Untracked 
|  84|0x00000000e5400000, 0x00000000e5400000, 0x00000000e5500000|  0%| F|  |TAMS 0x00000000e5400000, 0x00000000e5400000| Untracked 
|  85|0x00000000e5500000, 0x00000000e5500000, 0x00000000e5600000|  0%| F|  |TAMS 0x00000000e5500000, 0x00000000e5500000| Untracked 
|  86|0x00000000e5600000, 0x00000000e5600000, 0x00000000e5700000|  0%| F|  |TAMS 0x00000000e5600000, 0x00000000e5600000| Untracked 
|  87|0x00000000e5700000, 0x00000000e5700000, 0x00000000e5800000|  0%| F|  |TAMS 0x00000000e5700000, 0x00000000e5700000| Untracked 
|  88|0x00000000e5800000, 0x00000000e5800000, 0x00000000e5900000|  0%| F|  |TAMS 0x00000000e5800000, 0x00000000e5800000| Untracked 
|  89|0x00000000e5900000, 0x00000000e5900000, 0x00000000e5a00000|  0%| F|  |TAMS 0x00000000e5900000, 0x00000000e5900000| Untracked 
|  90|0x00000000e5a00000, 0x00000000e5a00000, 0x00000000e5b00000|  0%| F|  |TAMS 0x00000000e5a00000, 0x00000000e5a00000| Untracked 
|  91|0x00000000e5b00000, 0x00000000e5b00000, 0x00000000e5c00000|  0%| F|  |TAMS 0x00000000e5b00000, 0x00000000e5b00000| Untracked 
|  92|0x00000000e5c00000, 0x00000000e5c00000, 0x00000000e5d00000|  0%| F|  |TAMS 0x00000000e5c00000, 0x00000000e5c00000| Untracked 
|  93|0x00000000e5d00000, 0x00000000e5d00000, 0x00000000e5e00000|  0%| F|  |TAMS 0x00000000e5d00000, 0x00000000e5d00000| Untracked 
|  94|0x00000000e5e00000, 0x00000000e5e00000, 0x00000000e5f00000|  0%| F|  |TAMS 0x00000000e5e00000, 0x00000000e5e00000| Untracked 
|  95|0x00000000e5f00000, 0x00000000e5f00000, 0x00000000e6000000|  0%| F|  |TAMS 0x00000000e5f00000, 0x00000000e5f00000| Untracked 
|  96|0x00000000e6000000, 0x00000000e6000000, 0x00000000e6100000|  0%| F|  |TAMS 0x00000000e6000000, 0x00000000e6000000| Untracked 
|  97|0x00000000e6100000, 0x00000000e6100000, 0x00000000e6200000|  0%| F|  |TAMS 0x00000000e6100000, 0x00000000e6100000| Untracked 
|  98|0x00000000e6200000, 0x00000000e6200000, 0x00000000e6300000|  0%| F|  |TAMS 0x00000000e6200000, 0x00000000e6200000| Untracked 
|  99|0x00000000e6300000, 0x00000000e6300000, 0x00000000e6400000|  0%| F|  |TAMS 0x00000000e6300000, 0x00000000e6300000| Untracked 
| 100|0x00000000e6400000, 0x00000000e6400000, 0x00000000e6500000|  0%| F|  |TAMS 0x00000000e6400000, 0x00000000e6400000| Untracked 
| 101|0x00000000e6500000, 0x00000000e6500000, 0x00000000e6600000|  0%| F|  |TAMS 0x00000000e6500000, 0x00000000e6500000| Untracked 
| 102|0x00000000e6600000, 0x00000000e6600000, 0x00000000e6700000|  0%| F|  |TAMS 0x00000000e6600000, 0x00000000e6600000| Untracked 
| 103|0x00000000e6700000, 0x00000000e6700000, 0x00000000e6800000|  0%| F|  |TAMS 0x00000000e6700000, 0x00000000e6700000| Untracked 
| 104|0x00000000e6800000, 0x00000000e6800000, 0x00000000e6900000|  0%| F|  |TAMS 0x00000000e6800000, 0x00000000e6800000| Untracked 
| 105|0x00000000e6900000, 0x00000000e6900000, 0x00000000e6a00000|  0%| F|  |TAMS 0x00000000e6900000, 0x00000000e6900000| Untracked 
| 106|0x00000000e6a00000, 0x00000000e6a00000, 0x00000000e6b00000|  0%| F|  |TAMS 0x00000000e6a00000, 0x00000000e6a00000| Untracked 
| 107|0x00000000e6b00000, 0x00000000e6b00000, 0x00000000e6c00000|  0%| F|  |TAMS 0x00000000e6b00000, 0x00000000e6b00000| Untracked 
| 108|0x00000000e6c00000, 0x00000000e6c00000, 0x00000000e6d00000|  0%| F|  |TAMS 0x00000000e6c00000, 0x00000000e6c00000| Untracked 
| 109|0x00000000e6d00000, 0x00000000e6d00000, 0x00000000e6e00000|  0%| F|  |TAMS 0x00000000e6d00000, 0x00000000e6d00000| Untracked 
| 110|0x00000000e6e00000, 0x00000000e6e00000, 0x00000000e6f00000|  0%| F|  |TAMS 0x00000000e6e00000, 0x00000000e6e00000| Untracked 
| 111|0x00000000e6f00000, 0x00000000e6f00000, 0x00000000e7000000|  0%| F|  |TAMS 0x00000000e6f00000, 0x00000000e6f00000| Untracked 
| 112|0x00000000e7000000, 0x00000000e7000000, 0x00000000e7100000|  0%| F|  |TAMS 0x00000000e7000000, 0x00000000e7000000| Untracked 
| 113|0x00000000e7100000, 0x00000000e7100000, 0x00000000e7200000|  0%| F|  |TAMS 0x00000000e7100000, 0x00000000e7100000| Untracked 
| 114|0x00000000e7200000, 0x00000000e7200000, 0x00000000e7300000|  0%| F|  |TAMS 0x00000000e7200000, 0x00000000e7200000| Untracked 
| 115|0x00000000e7300000, 0x00000000e7300000, 0x00000000e7400000|  0%| F|  |TAMS 0x00000000e7300000, 0x00000000e7300000| Untracked 
| 116|0x00000000e7400000, 0x00000000e7400000, 0x00000000e7500000|  0%| F|  |TAMS 0x00000000e7400000, 0x00000000e7400000| Untracked 
| 117|0x00000000e7500000, 0x00000000e7500000, 0x00000000e7600000|  0%| F|  |TAMS 0x00000000e7500000, 0x00000000e7500000| Untracked 
| 118|0x00000000e7600000, 0x00000000e7600000, 0x00000000e7700000|  0%| F|  |TAMS 0x00000000e7600000, 0x00000000e7600000| Untracked 
| 119|0x00000000e7700000, 0x00000000e7700000, 0x00000000e7800000|  0%| F|  |TAMS 0x00000000e7700000, 0x00000000e7700000| Untracked 
| 120|0x00000000e7800000, 0x00000000e7800000, 0x00000000e7900000|  0%| F|  |TAMS 0x00000000e7800000, 0x00000000e7800000| Untracked 
| 121|0x00000000e7900000, 0x00000000e7900000, 0x00000000e7a00000|  0%| F|  |TAMS 0x00000000e7900000, 0x00000000e7900000| Untracked 
| 122|0x00000000e7a00000, 0x00000000e7a00000, 0x00000000e7b00000|  0%| F|  |TAMS 0x00000000e7a00000, 0x00000000e7a00000| Untracked 
| 123|0x00000000e7b00000, 0x00000000e7b00000, 0x00000000e7c00000|  0%| F|  |TAMS 0x00000000e7b00000, 0x00000000e7b00000| Untracked 
| 124|0x00000000e7c00000, 0x00000000e7c00000, 0x00000000e7d00000|  0%| F|  |TAMS 0x00000000e7c00000, 0x00000000e7c00000| Untracked 
| 125|0x00000000e7d00000, 0x00000000e7d00000, 0x00000000e7e00000|  0%| F|  |TAMS 0x00000000e7d00000, 0x00000000e7d00000| Untracked 
| 126|0x00000000e7e00000, 0x00000000e7e00000, 0x00000000e7f00000|  0%| F|  |TAMS 0x00000000e7e00000, 0x00000000e7e00000| Untracked 
| 127|0x00000000e7f00000, 0x00000000e7f00000, 0x00000000e8000000|  0%| F|  |TAMS 0x00000000e7f00000, 0x00000000e7f00000| Untracked 
| 128|0x00000000e8000000, 0x00000000e8000000, 0x00000000e8100000|  0%| F|  |TAMS 0x00000000e8000000, 0x00000000e8000000| Untracked 
| 129|0x00000000e8100000, 0x00000000e8100000, 0x00000000e8200000|  0%| F|  |TAMS 0x00000000e8100000, 0x00000000e8100000| Untracked 
| 130|0x00000000e8200000, 0x00000000e8200000, 0x00000000e8300000|  0%| F|  |TAMS 0x00000000e8200000, 0x00000000e8200000| Untracked 
| 131|0x00000000e8300000, 0x00000000e8300000, 0x00000000e8400000|  0%| F|  |TAMS 0x00000000e8300000, 0x00000000e8300000| Untracked 
| 132|0x00000000e8400000, 0x00000000e8400000, 0x00000000e8500000|  0%| F|  |TAMS 0x00000000e8400000, 0x00000000e8400000| Untracked 
| 133|0x00000000e8500000, 0x00000000e8500000, 0x00000000e8600000|  0%| F|  |TAMS 0x00000000e8500000, 0x00000000e8500000| Untracked 
| 134|0x00000000e8600000, 0x00000000e8600000, 0x00000000e8700000|  0%| F|  |TAMS 0x00000000e8600000, 0x00000000e8600000| Untracked 
| 135|0x00000000e8700000, 0x00000000e8700000, 0x00000000e8800000|  0%| F|  |TAMS 0x00000000e8700000, 0x00000000e8700000| Untracked 
| 136|0x00000000e8800000, 0x00000000e8800000, 0x00000000e8900000|  0%| F|  |TAMS 0x00000000e8800000, 0x00000000e8800000| Untracked 
| 137|0x00000000e8900000, 0x00000000e8900000, 0x00000000e8a00000|  0%| F|  |TAMS 0x00000000e8900000, 0x00000000e8900000| Untracked 
| 138|0x00000000e8a00000, 0x00000000e8a00000, 0x00000000e8b00000|  0%| F|  |TAMS 0x00000000e8a00000, 0x00000000e8a00000| Untracked 
| 139|0x00000000e8b00000, 0x00000000e8b00000, 0x00000000e8c00000|  0%| F|  |TAMS 0x00000000e8b00000, 0x00000000e8b00000| Untracked 
| 140|0x00000000e8c00000, 0x00000000e8c00000, 0x00000000e8d00000|  0%| F|  |TAMS 0x00000000e8c00000, 0x00000000e8c00000| Untracked 
| 141|0x00000000e8d00000, 0x00000000e8d00000, 0x00000000e8e00000|  0%| F|  |TAMS 0x00000000e8d00000, 0x00000000e8d00000| Untracked 
| 142|0x00000000e8e00000, 0x00000000e8e00000, 0x00000000e8f00000|  0%| F|  |TAMS 0x00000000e8e00000, 0x00000000e8e00000| Untracked 
| 143|0x00000000e8f00000, 0x00000000e8f00000, 0x00000000e9000000|  0%| F|  |TAMS 0x00000000e8f00000, 0x00000000e8f00000| Untracked 
| 144|0x00000000e9000000, 0x00000000e9000000, 0x00000000e9100000|  0%| F|  |TAMS 0x00000000e9000000, 0x00000000e9000000| Untracked 
| 145|0x00000000e9100000, 0x00000000e9100000, 0x00000000e9200000|  0%| F|  |TAMS 0x00000000e9100000, 0x00000000e9100000| Untracked 
| 146|0x00000000e9200000, 0x00000000e9200000, 0x00000000e9300000|  0%| F|  |TAMS 0x00000000e9200000, 0x00000000e9200000| Untracked 
| 147|0x00000000e9300000, 0x00000000e9300000, 0x00000000e9400000|  0%| F|  |TAMS 0x00000000e9300000, 0x00000000e9300000| Untracked 
| 148|0x00000000e9400000, 0x00000000e9400000, 0x00000000e9500000|  0%| F|  |TAMS 0x00000000e9400000, 0x00000000e9400000| Untracked 
| 149|0x00000000e9500000, 0x00000000e9500000, 0x00000000e9600000|  0%| F|  |TAMS 0x00000000e9500000, 0x00000000e9500000| Untracked 
| 150|0x00000000e9600000, 0x00000000e9600000, 0x00000000e9700000|  0%| F|  |TAMS 0x00000000e9600000, 0x00000000e9600000| Untracked 
| 151|0x00000000e9700000, 0x00000000e9700000, 0x00000000e9800000|  0%| F|  |TAMS 0x00000000e9700000, 0x00000000e9700000| Untracked 
| 152|0x00000000e9800000, 0x00000000e9800000, 0x00000000e9900000|  0%| F|  |TAMS 0x00000000e9800000, 0x00000000e9800000| Untracked 
| 153|0x00000000e9900000, 0x00000000e9900000, 0x00000000e9a00000|  0%| F|  |TAMS 0x00000000e9900000, 0x00000000e9900000| Untracked 
| 154|0x00000000e9a00000, 0x00000000e9a00000, 0x00000000e9b00000|  0%| F|  |TAMS 0x00000000e9a00000, 0x00000000e9a00000| Untracked 
| 155|0x00000000e9b00000, 0x00000000e9b00000, 0x00000000e9c00000|  0%| F|  |TAMS 0x00000000e9b00000, 0x00000000e9b00000| Untracked 
| 156|0x00000000e9c00000, 0x00000000e9c00000, 0x00000000e9d00000|  0%| F|  |TAMS 0x00000000e9c00000, 0x00000000e9c00000| Untracked 
| 157|0x00000000e9d00000, 0x00000000e9d00000, 0x00000000e9e00000|  0%| F|  |TAMS 0x00000000e9d00000, 0x00000000e9d00000| Untracked 
| 158|0x00000000e9e00000, 0x00000000e9e00000, 0x00000000e9f00000|  0%| F|  |TAMS 0x00000000e9e00000, 0x00000000e9e00000| Untracked 
| 159|0x00000000e9f00000, 0x00000000e9f00000, 0x00000000ea000000|  0%| F|  |TAMS 0x00000000e9f00000, 0x00000000e9f00000| Untracked 
| 160|0x00000000ea000000, 0x00000000ea0936c0, 0x00000000ea100000| 57%| S|CS|TAMS 0x00000000ea000000, 0x00000000ea000000| Complete 
| 161|0x00000000ea100000, 0x00000000ea200000, 0x00000000ea200000|100%| S|CS|TAMS 0x00000000ea100000, 0x00000000ea100000| Complete 
| 162|0x00000000ea200000, 0x00000000ea300000, 0x00000000ea300000|100%| S|CS|TAMS 0x00000000ea200000, 0x00000000ea200000| Complete 
| 163|0x00000000ea300000, 0x00000000ea400000, 0x00000000ea400000|100%| S|CS|TAMS 0x00000000ea300000, 0x00000000ea300000| Complete 
| 164|0x00000000ea400000, 0x00000000ea500000, 0x00000000ea500000|100%| S|CS|TAMS 0x00000000ea400000, 0x00000000ea400000| Complete 
| 165|0x00000000ea500000, 0x00000000ea500000, 0x00000000ea600000|  0%| F|  |TAMS 0x00000000ea500000, 0x00000000ea500000| Untracked 
| 166|0x00000000ea600000, 0x00000000ea600000, 0x00000000ea700000|  0%| F|  |TAMS 0x00000000ea600000, 0x00000000ea600000| Untracked 
| 167|0x00000000ea700000, 0x00000000ea700000, 0x00000000ea800000|  0%| F|  |TAMS 0x00000000ea700000, 0x00000000ea700000| Untracked 
| 168|0x00000000ea800000, 0x00000000ea800000, 0x00000000ea900000|  0%| F|  |TAMS 0x00000000ea800000, 0x00000000ea800000| Untracked 
| 169|0x00000000ea900000, 0x00000000ea900000, 0x00000000eaa00000|  0%| F|  |TAMS 0x00000000ea900000, 0x00000000ea900000| Untracked 
| 170|0x00000000eaa00000, 0x00000000eaa00000, 0x00000000eab00000|  0%| F|  |TAMS 0x00000000eaa00000, 0x00000000eaa00000| Untracked 
| 171|0x00000000eab00000, 0x00000000eab00000, 0x00000000eac00000|  0%| F|  |TAMS 0x00000000eab00000, 0x00000000eab00000| Untracked 
| 172|0x00000000eac00000, 0x00000000eac00000, 0x00000000ead00000|  0%| F|  |TAMS 0x00000000eac00000, 0x00000000eac00000| Untracked 
| 173|0x00000000ead00000, 0x00000000ead00000, 0x00000000eae00000|  0%| F|  |TAMS 0x00000000ead00000, 0x00000000ead00000| Untracked 
| 174|0x00000000eae00000, 0x00000000eae00000, 0x00000000eaf00000|  0%| F|  |TAMS 0x00000000eae00000, 0x00000000eae00000| Untracked 
| 175|0x00000000eaf00000, 0x00000000eaf00000, 0x00000000eb000000|  0%| F|  |TAMS 0x00000000eaf00000, 0x00000000eaf00000| Untracked 
| 176|0x00000000eb000000, 0x00000000eb000000, 0x00000000eb100000|  0%| F|  |TAMS 0x00000000eb000000, 0x00000000eb000000| Untracked 
| 177|0x00000000eb100000, 0x00000000eb100000, 0x00000000eb200000|  0%| F|  |TAMS 0x00000000eb100000, 0x00000000eb100000| Untracked 
| 178|0x00000000eb200000, 0x00000000eb200000, 0x00000000eb300000|  0%| F|  |TAMS 0x00000000eb200000, 0x00000000eb200000| Untracked 
| 179|0x00000000eb300000, 0x00000000eb300000, 0x00000000eb400000|  0%| F|  |TAMS 0x00000000eb300000, 0x00000000eb300000| Untracked 
| 180|0x00000000eb400000, 0x00000000eb400000, 0x00000000eb500000|  0%| F|  |TAMS 0x00000000eb400000, 0x00000000eb400000| Untracked 
| 181|0x00000000eb500000, 0x00000000eb500000, 0x00000000eb600000|  0%| F|  |TAMS 0x00000000eb500000, 0x00000000eb500000| Untracked 
| 182|0x00000000eb600000, 0x00000000eb600000, 0x00000000eb700000|  0%| F|  |TAMS 0x00000000eb600000, 0x00000000eb600000| Untracked 
| 183|0x00000000eb700000, 0x00000000eb700000, 0x00000000eb800000|  0%| F|  |TAMS 0x00000000eb700000, 0x00000000eb700000| Untracked 
| 184|0x00000000eb800000, 0x00000000eb800000, 0x00000000eb900000|  0%| F|  |TAMS 0x00000000eb800000, 0x00000000eb800000| Untracked 
| 185|0x00000000eb900000, 0x00000000eb900000, 0x00000000eba00000|  0%| F|  |TAMS 0x00000000eb900000, 0x00000000eb900000| Untracked 
| 186|0x00000000eba00000, 0x00000000eba00000, 0x00000000ebb00000|  0%| F|  |TAMS 0x00000000eba00000, 0x00000000eba00000| Untracked 
| 187|0x00000000ebb00000, 0x00000000ebb00000, 0x00000000ebc00000|  0%| F|  |TAMS 0x00000000ebb00000, 0x00000000ebb00000| Untracked 
| 188|0x00000000ebc00000, 0x00000000ebc00000, 0x00000000ebd00000|  0%| F|  |TAMS 0x00000000ebc00000, 0x00000000ebc00000| Untracked 
| 189|0x00000000ebd00000, 0x00000000ebd00000, 0x00000000ebe00000|  0%| F|  |TAMS 0x00000000ebd00000, 0x00000000ebd00000| Untracked 
| 190|0x00000000ebe00000, 0x00000000ebe00000, 0x00000000ebf00000|  0%| F|  |TAMS 0x00000000ebe00000, 0x00000000ebe00000| Untracked 
| 191|0x00000000ebf00000, 0x00000000ebf00000, 0x00000000ec000000|  0%| F|  |TAMS 0x00000000ebf00000, 0x00000000ebf00000| Untracked 
| 192|0x00000000ec000000, 0x00000000ec000000, 0x00000000ec100000|  0%| F|  |TAMS 0x00000000ec000000, 0x00000000ec000000| Untracked 
| 193|0x00000000ec100000, 0x00000000ec100000, 0x00000000ec200000|  0%| F|  |TAMS 0x00000000ec100000, 0x00000000ec100000| Untracked 
| 194|0x00000000ec200000, 0x00000000ec200000, 0x00000000ec300000|  0%| F|  |TAMS 0x00000000ec200000, 0x00000000ec200000| Untracked 
| 195|0x00000000ec300000, 0x00000000ec300000, 0x00000000ec400000|  0%| F|  |TAMS 0x00000000ec300000, 0x00000000ec300000| Untracked 
| 196|0x00000000ec400000, 0x00000000ec400000, 0x00000000ec500000|  0%| F|  |TAMS 0x00000000ec400000, 0x00000000ec400000| Untracked 
| 197|0x00000000ec500000, 0x00000000ec500000, 0x00000000ec600000|  0%| F|  |TAMS 0x00000000ec500000, 0x00000000ec500000| Untracked 
| 198|0x00000000ec600000, 0x00000000ec600000, 0x00000000ec700000|  0%| F|  |TAMS 0x00000000ec600000, 0x00000000ec600000| Untracked 
| 199|0x00000000ec700000, 0x00000000ec700000, 0x00000000ec800000|  0%| F|  |TAMS 0x00000000ec700000, 0x00000000ec700000| Untracked 
| 200|0x00000000ec800000, 0x00000000ec800000, 0x00000000ec900000|  0%| F|  |TAMS 0x00000000ec800000, 0x00000000ec800000| Untracked 
| 201|0x00000000ec900000, 0x00000000ec900000, 0x00000000eca00000|  0%| F|  |TAMS 0x00000000ec900000, 0x00000000ec900000| Untracked 
| 202|0x00000000eca00000, 0x00000000eca00000, 0x00000000ecb00000|  0%| F|  |TAMS 0x00000000eca00000, 0x00000000eca00000| Untracked 
| 203|0x00000000ecb00000, 0x00000000ecb00000, 0x00000000ecc00000|  0%| F|  |TAMS 0x00000000ecb00000, 0x00000000ecb00000| Untracked 
| 204|0x00000000ecc00000, 0x00000000ecc00000, 0x00000000ecd00000|  0%| F|  |TAMS 0x00000000ecc00000, 0x00000000ecc00000| Untracked 
| 205|0x00000000ecd00000, 0x00000000ecd00000, 0x00000000ece00000|  0%| F|  |TAMS 0x00000000ecd00000, 0x00000000ecd00000| Untracked 
| 206|0x00000000ece00000, 0x00000000ece00000, 0x00000000ecf00000|  0%| F|  |TAMS 0x00000000ece00000, 0x00000000ece00000| Untracked 
| 207|0x00000000ecf00000, 0x00000000ecf00000, 0x00000000ed000000|  0%| F|  |TAMS 0x00000000ecf00000, 0x00000000ecf00000| Untracked 
| 208|0x00000000ed000000, 0x00000000ed000000, 0x00000000ed100000|  0%| F|  |TAMS 0x00000000ed000000, 0x00000000ed000000| Untracked 
| 209|0x00000000ed100000, 0x00000000ed100000, 0x00000000ed200000|  0%| F|  |TAMS 0x00000000ed100000, 0x00000000ed100000| Untracked 
| 210|0x00000000ed200000, 0x00000000ed200000, 0x00000000ed300000|  0%| F|  |TAMS 0x00000000ed200000, 0x00000000ed200000| Untracked 
| 211|0x00000000ed300000, 0x00000000ed300000, 0x00000000ed400000|  0%| F|  |TAMS 0x00000000ed300000, 0x00000000ed300000| Untracked 
| 212|0x00000000ed400000, 0x00000000ed400000, 0x00000000ed500000|  0%| F|  |TAMS 0x00000000ed400000, 0x00000000ed400000| Untracked 
| 213|0x00000000ed500000, 0x00000000ed500000, 0x00000000ed600000|  0%| F|  |TAMS 0x00000000ed500000, 0x00000000ed500000| Untracked 
| 214|0x00000000ed600000, 0x00000000ed600000, 0x00000000ed700000|  0%| F|  |TAMS 0x00000000ed600000, 0x00000000ed600000| Untracked 
| 215|0x00000000ed700000, 0x00000000ed700000, 0x00000000ed800000|  0%| F|  |TAMS 0x00000000ed700000, 0x00000000ed700000| Untracked 
| 216|0x00000000ed800000, 0x00000000ed800000, 0x00000000ed900000|  0%| F|  |TAMS 0x00000000ed800000, 0x00000000ed800000| Untracked 
| 217|0x00000000ed900000, 0x00000000ed900000, 0x00000000eda00000|  0%| F|  |TAMS 0x00000000ed900000, 0x00000000ed900000| Untracked 
| 218|0x00000000eda00000, 0x00000000eda00000, 0x00000000edb00000|  0%| F|  |TAMS 0x00000000eda00000, 0x00000000eda00000| Untracked 
| 219|0x00000000edb00000, 0x00000000edb00000, 0x00000000edc00000|  0%| F|  |TAMS 0x00000000edb00000, 0x00000000edb00000| Untracked 
| 220|0x00000000edc00000, 0x00000000edc00000, 0x00000000edd00000|  0%| F|  |TAMS 0x00000000edc00000, 0x00000000edc00000| Untracked 
| 221|0x00000000edd00000, 0x00000000edd00000, 0x00000000ede00000|  0%| F|  |TAMS 0x00000000edd00000, 0x00000000edd00000| Untracked 
| 222|0x00000000ede00000, 0x00000000ede00000, 0x00000000edf00000|  0%| F|  |TAMS 0x00000000ede00000, 0x00000000ede00000| Untracked 
| 223|0x00000000edf00000, 0x00000000edf00000, 0x00000000ee000000|  0%| F|  |TAMS 0x00000000edf00000, 0x00000000edf00000| Untracked 
| 224|0x00000000ee000000, 0x00000000ee000000, 0x00000000ee100000|  0%| F|  |TAMS 0x00000000ee000000, 0x00000000ee000000| Untracked 
| 225|0x00000000ee100000, 0x00000000ee100000, 0x00000000ee200000|  0%| F|  |TAMS 0x00000000ee100000, 0x00000000ee100000| Untracked 
| 226|0x00000000ee200000, 0x00000000ee200000, 0x00000000ee300000|  0%| F|  |TAMS 0x00000000ee200000, 0x00000000ee200000| Untracked 
| 227|0x00000000ee300000, 0x00000000ee300000, 0x00000000ee400000|  0%| F|  |TAMS 0x00000000ee300000, 0x00000000ee300000| Untracked 
| 228|0x00000000ee400000, 0x00000000ee400000, 0x00000000ee500000|  0%| F|  |TAMS 0x00000000ee400000, 0x00000000ee400000| Untracked 
| 229|0x00000000ee500000, 0x00000000ee500000, 0x00000000ee600000|  0%| F|  |TAMS 0x00000000ee500000, 0x00000000ee500000| Untracked 
| 230|0x00000000ee600000, 0x00000000ee600000, 0x00000000ee700000|  0%| F|  |TAMS 0x00000000ee600000, 0x00000000ee600000| Untracked 
| 231|0x00000000ee700000, 0x00000000ee800000, 0x00000000ee800000|100%| E|  |TAMS 0x00000000ee700000, 0x00000000ee700000| Complete 
| 232|0x00000000ee800000, 0x00000000ee900000, 0x00000000ee900000|100%| E|CS|TAMS 0x00000000ee800000, 0x00000000ee800000| Complete 
| 233|0x00000000ee900000, 0x00000000eea00000, 0x00000000eea00000|100%| E|CS|TAMS 0x00000000ee900000, 0x00000000ee900000| Complete 
| 234|0x00000000eea00000, 0x00000000eeb00000, 0x00000000eeb00000|100%| E|CS|TAMS 0x00000000eea00000, 0x00000000eea00000| Complete 
| 235|0x00000000eeb00000, 0x00000000eec00000, 0x00000000eec00000|100%| E|CS|TAMS 0x00000000eeb00000, 0x00000000eeb00000| Complete 
| 236|0x00000000eec00000, 0x00000000eed00000, 0x00000000eed00000|100%| E|CS|TAMS 0x00000000eec00000, 0x00000000eec00000| Complete 
| 237|0x00000000eed00000, 0x00000000eee00000, 0x00000000eee00000|100%| E|CS|TAMS 0x00000000eed00000, 0x00000000eed00000| Complete 
| 238|0x00000000eee00000, 0x00000000eef00000, 0x00000000eef00000|100%| E|CS|TAMS 0x00000000eee00000, 0x00000000eee00000| Complete 
| 239|0x00000000eef00000, 0x00000000ef000000, 0x00000000ef000000|100%| E|CS|TAMS 0x00000000eef00000, 0x00000000eef00000| Complete 
| 240|0x00000000ef000000, 0x00000000ef100000, 0x00000000ef100000|100%| E|CS|TAMS 0x00000000ef000000, 0x00000000ef000000| Complete 
| 241|0x00000000ef100000, 0x00000000ef200000, 0x00000000ef200000|100%| E|CS|TAMS 0x00000000ef100000, 0x00000000ef100000| Complete 
| 242|0x00000000ef200000, 0x00000000ef300000, 0x00000000ef300000|100%| E|CS|TAMS 0x00000000ef200000, 0x00000000ef200000| Complete 
| 243|0x00000000ef300000, 0x00000000ef400000, 0x00000000ef400000|100%| E|CS|TAMS 0x00000000ef300000, 0x00000000ef300000| Complete 
| 244|0x00000000ef400000, 0x00000000ef500000, 0x00000000ef500000|100%| E|CS|TAMS 0x00000000ef400000, 0x00000000ef400000| Complete 
| 245|0x00000000ef500000, 0x00000000ef600000, 0x00000000ef600000|100%| E|CS|TAMS 0x00000000ef500000, 0x00000000ef500000| Complete 
| 246|0x00000000ef600000, 0x00000000ef700000, 0x00000000ef700000|100%| E|CS|TAMS 0x00000000ef600000, 0x00000000ef600000| Complete 
| 247|0x00000000ef700000, 0x00000000ef800000, 0x00000000ef800000|100%| E|CS|TAMS 0x00000000ef700000, 0x00000000ef700000| Complete 
| 248|0x00000000ef800000, 0x00000000ef900000, 0x00000000ef900000|100%| E|CS|TAMS 0x00000000ef800000, 0x00000000ef800000| Complete 
| 249|0x00000000ef900000, 0x00000000efa00000, 0x00000000efa00000|100%| E|CS|TAMS 0x00000000ef900000, 0x00000000ef900000| Complete 
| 250|0x00000000efa00000, 0x00000000efb00000, 0x00000000efb00000|100%| E|CS|TAMS 0x00000000efa00000, 0x00000000efa00000| Complete 
| 251|0x00000000efb00000, 0x00000000efc00000, 0x00000000efc00000|100%| E|CS|TAMS 0x00000000efb00000, 0x00000000efb00000| Complete 
| 252|0x00000000efc00000, 0x00000000efd00000, 0x00000000efd00000|100%| E|CS|TAMS 0x00000000efc00000, 0x00000000efc00000| Complete 
| 253|0x00000000efd00000, 0x00000000efe00000, 0x00000000efe00000|100%| E|CS|TAMS 0x00000000efd00000, 0x00000000efd00000| Complete 
| 254|0x00000000efe00000, 0x00000000eff00000, 0x00000000eff00000|100%| E|CS|TAMS 0x00000000efe00000, 0x00000000efe00000| Complete 
| 255|0x00000000eff00000, 0x00000000f0000000, 0x00000000f0000000|100%| E|CS|TAMS 0x00000000eff00000, 0x00000000eff00000| Complete 

Card table byte_map: [0x000002ab32700000,0x000002ab32800000] _byte_map_base: 0x000002ab32000000

Marking Bits (Prev, Next): (CMBitMap*) 0x000002ab19d2a9d0, (CMBitMap*) 0x000002ab19d2aa10
 Prev Bits: [0x000002ab32900000, 0x000002ab33100000)
 Next Bits: [0x000002ab33100000, 0x000002ab33900000)

Polling page: 0x000002ab19db0000

Metaspace:

Usage:
  Non-class:     38.80 MB used.
      Class:      6.39 MB used.
       Both:     45.18 MB used.

Virtual space:
  Non-class space:       64.00 MB reserved,      39.06 MB ( 61%) committed,  1 nodes.
      Class space:      320.00 MB reserved,       6.62 MB (  2%) committed,  1 nodes.
             Both:      384.00 MB reserved,      45.69 MB ( 12%) committed. 

Chunk freelists:
   Non-Class:  8.97 MB
       Class:  9.43 MB
        Both:  18.39 MB

MaxMetaspaceSize: 384.00 MB
CompressedClassSpaceSize: 320.00 MB
Initial GC threshold: 21.00 MB
Current GC threshold: 59.06 MB
CDS: on
MetaspaceReclaimPolicy: balanced
 - commit_granule_bytes: 65536.
 - commit_granule_words: 8192.
 - virtual_space_node_default_size: 8388608.
 - enlarge_chunks_in_place: 1.
 - new_chunks_are_fully_committed: 0.
 - uncommit_free_chunks: 1.
 - use_allocation_guard: 0.
 - handle_deallocations: 1.


Internal statistics:

num_allocs_failed_limit: 6.
num_arena_births: 506.
num_arena_deaths: 0.
num_vsnodes_births: 2.
num_vsnodes_deaths: 0.
num_space_committed: 731.
num_space_uncommitted: 0.
num_chunks_returned_to_freelist: 6.
num_chunks_taken_from_freelist: 2281.
num_chunk_merges: 6.
num_chunk_splits: 1535.
num_chunks_enlarged: 1053.
num_inconsistent_stats: 0.

CodeHeap 'non-profiled nmethods': size=120000Kb used=2759Kb max_used=3060Kb free=117240Kb
 bounds [0x000002ab2aab0000, 0x000002ab2adb0000, 0x000002ab31fe0000]
CodeHeap 'profiled nmethods': size=120000Kb used=9575Kb max_used=9979Kb free=110425Kb
 bounds [0x000002ab22fe0000, 0x000002ab239c0000, 0x000002ab2a510000]
CodeHeap 'non-nmethods': size=5760Kb used=2317Kb max_used=2396Kb free=3442Kb
 bounds [0x000002ab2a510000, 0x000002ab2a780000, 0x000002ab2aab0000]
 total_blobs=5646 nmethods=4813 adapters=745
 compilation: enabled
              stopped_count=0, restarted_count=0
 full_count=0

Compilation events (20 events):
Event: 73.122 Thread 0x000002ab35f0ed90 5571       3       java.util.LinkedList::addFirst (6 bytes)
Event: 73.122 Thread 0x000002ab35f0ed90 nmethod 5571 0x000002ab23016310 code [0x000002ab230164a0, 0x000002ab230165e8]
Event: 73.143 Thread 0x000002ab35f0ed90 5572       3       groovy.lang.MetaClassImpl$$Lambda$515/0x000002ab374275f0::apply (12 bytes)
Event: 73.144 Thread 0x000002ab35f0ed90 nmethod 5572 0x000002ab235e9d90 code [0x000002ab235e9fc0, 0x000002ab235ea698]
Event: 73.144 Thread 0x000002ab35f0ed90 5573       3       groovy.lang.MetaClassImpl::lambda$getPropName$5 (27 bytes)
Event: 73.145 Thread 0x000002ab35f0ed90 nmethod 5573 0x000002ab235e9390 code [0x000002ab235e95a0, 0x000002ab235e9af8]
Event: 73.148 Thread 0x000002ab35f0ed90 5574       3       jdk.internal.reflect.ClassFileAssembler::getLength (11 bytes)
Event: 73.148 Thread 0x000002ab35f0ed90 nmethod 5574 0x000002ab23015d90 code [0x000002ab23015f40, 0x000002ab23016118]
Event: 73.191 Thread 0x000002ab35f0ed90 5575 %     3       groovy.lang.MetaClassImpl::inheritInterfaceNewMetaMethods @ 100 (195 bytes)
Event: 73.194 Thread 0x000002ab35f0ed90 nmethod 5575% 0x000002ab235e7090 code [0x000002ab235e73a0, 0x000002ab235e89d8]
Event: 73.195 Thread 0x000002ab35f0ed90 5576       3       groovy.lang.MetaClassImpl::inheritInterfaceNewMetaMethods (195 bytes)
Event: 73.198 Thread 0x000002ab35f0e2e0 nmethod 5532 0x000002ab2acc7690 code [0x000002ab2acc7ae0, 0x000002ab2accc918]
Event: 73.199 Thread 0x000002ab35f0e2e0 5565       4       org.codehaus.groovy.runtime.metaclass.MetaMethodIndex::addMethodToList (128 bytes)
Event: 73.199 Thread 0x000002ab35f0ed90 nmethod 5576 0x000002ab232bd090 code [0x000002ab232bd380, 0x000002ab232be698]
Event: 73.214 Thread 0x000002ab35f0ed90 5577       3       com.google.common.collect.MapMakerInternalMap$StrongKeyWeakValueSegment::maybeDrainReferenceQueues (9 bytes)
Event: 73.214 Thread 0x000002ab35f0ed90 nmethod 5577 0x000002ab232bcc90 code [0x000002ab232bce20, 0x000002ab232bcfe8]
Event: 73.215 Thread 0x000002ab35f0ed90 5578       3       com.google.common.collect.MapMakerInternalMap$Segment::drainValueReferenceQueue (42 bytes)
Event: 73.215 Thread 0x000002ab35f0ed90 nmethod 5578 0x000002ab232bc290 code [0x000002ab232bc480, 0x000002ab232bca58]
Event: 73.215 Thread 0x000002ab35f0ed90 5579       3       com.google.common.collect.MapMakerInternalMap$StrongKeyWeakValueEntry$Helper::newEntry (16 bytes)
Event: 73.215 Thread 0x000002ab35f0ed90 nmethod 5579 0x000002ab232bbc90 code [0x000002ab232bbe40, 0x000002ab232bc168]

GC Heap History (16 events):
Event: 4.548 GC heap before
{Heap before GC invocations=0 (full 0):
 garbage-first heap   total 262144K, used 12288K [0x00000000e0000000, 0x0000000100000000)
  region size 1024K, 13 young (13312K), 0 survivors (0K)
 Metaspace       used 1054K, committed 1216K, reserved 393216K
  class space    used 80K, committed 128K, reserved 327680K
}
Event: 4.568 GC heap after
{Heap after GC invocations=1 (full 0):
 garbage-first heap   total 262144K, used 3793K [0x00000000e0000000, 0x0000000100000000)
  region size 1024K, 2 young (2048K), 2 survivors (2048K)
 Metaspace       used 1054K, committed 1216K, reserved 393216K
  class space    used 80K, committed 128K, reserved 327680K
}
Event: 8.291 GC heap before
{Heap before GC invocations=1 (full 0):
 garbage-first heap   total 262144K, used 23249K [0x00000000e0000000, 0x0000000100000000)
  region size 1024K, 17 young (17408K), 2 survivors (2048K)
 Metaspace       used 3855K, committed 4032K, reserved 393216K
  class space    used 483K, committed 576K, reserved 327680K
}
Event: 8.296 GC heap after
{Heap after GC invocations=2 (full 0):
 garbage-first heap   total 262144K, used 10936K [0x00000000e0000000, 0x0000000100000000)
  region size 1024K, 3 young (3072K), 3 survivors (3072K)
 Metaspace       used 3855K, committed 4032K, reserved 393216K
  class space    used 483K, committed 576K, reserved 327680K
}
Event: 10.576 GC heap before
{Heap before GC invocations=2 (full 0):
 garbage-first heap   total 262144K, used 33464K [0x00000000e0000000, 0x0000000100000000)
  region size 1024K, 25 young (25600K), 3 survivors (3072K)
 Metaspace       used 4081K, committed 4224K, reserved 393216K
  class space    used 497K, committed 576K, reserved 327680K
}
Event: 10.582 GC heap after
{Heap after GC invocations=3 (full 0):
 garbage-first heap   total 262144K, used 11541K [0x00000000e0000000, 0x0000000100000000)
  region size 1024K, 1 young (1024K), 1 survivors (1024K)
 Metaspace       used 4081K, committed 4224K, reserved 393216K
  class space    used 497K, committed 576K, reserved 327680K
}
Event: 30.243 GC heap before
{Heap before GC invocations=3 (full 0):
 garbage-first heap   total 262144K, used 128277K [0x00000000e0000000, 0x0000000100000000)
  region size 1024K, 115 young (117760K), 1 survivors (1024K)
 Metaspace       used 21237K, committed 21504K, reserved 393216K
  class space    used 3111K, committed 3264K, reserved 327680K
}
Event: 30.278 GC heap after
{Heap after GC invocations=4 (full 0):
 garbage-first heap   total 262144K, used 22752K [0x00000000e0000000, 0x0000000100000000)
  region size 1024K, 12 young (12288K), 12 survivors (12288K)
 Metaspace       used 21237K, committed 21504K, reserved 393216K
  class space    used 3111K, committed 3264K, reserved 327680K
}
Event: 51.071 GC heap before
{Heap before GC invocations=5 (full 0):
 garbage-first heap   total 262144K, used 138464K [0x00000000e0000000, 0x0000000100000000)
  region size 1024K, 121 young (123904K), 12 survivors (12288K)
 Metaspace       used 35250K, committed 35648K, reserved 393216K
  class space    used 4888K, committed 5056K, reserved 327680K
}
Event: 51.309 GC heap after
{Heap after GC invocations=6 (full 0):
 garbage-first heap   total 262144K, used 31965K [0x00000000e0000000, 0x0000000100000000)
  region size 1024K, 10 young (10240K), 10 survivors (10240K)
 Metaspace       used 35250K, committed 35648K, reserved 393216K
  class space    used 4888K, committed 5056K, reserved 327680K
}
Event: 51.931 GC heap before
{Heap before GC invocations=6 (full 0):
 garbage-first heap   total 262144K, used 34013K [0x00000000e0000000, 0x0000000100000000)
  region size 1024K, 12 young (12288K), 10 survivors (10240K)
 Metaspace       used 35394K, committed 35776K, reserved 393216K
  class space    used 4912K, committed 5120K, reserved 327680K
}
Event: 51.978 GC heap after
{Heap after GC invocations=7 (full 0):
 garbage-first heap   total 262144K, used 32725K [0x00000000e0000000, 0x0000000100000000)
  region size 1024K, 2 young (2048K), 2 survivors (2048K)
 Metaspace       used 35394K, committed 35776K, reserved 393216K
  class space    used 4912K, committed 5120K, reserved 327680K
}
Event: 52.635 GC heap before
{Heap before GC invocations=7 (full 0):
 garbage-first heap   total 262144K, used 33749K [0x00000000e0000000, 0x0000000100000000)
  region size 1024K, 4 young (4096K), 2 survivors (2048K)
 Metaspace       used 35549K, committed 35968K, reserved 393216K
  class space    used 4938K, committed 5120K, reserved 327680K
}
Event: 52.694 GC heap after
{Heap after GC invocations=8 (full 0):
 garbage-first heap   total 262144K, used 32091K [0x00000000e0000000, 0x0000000100000000)
  region size 1024K, 1 young (1024K), 1 survivors (1024K)
 Metaspace       used 35549K, committed 35968K, reserved 393216K
  class space    used 4938K, committed 5120K, reserved 327680K
}
Event: 71.703 GC heap before
{Heap before GC invocations=9 (full 0):
 garbage-first heap   total 262144K, used 125275K [0x00000000e0000000, 0x0000000100000000)
  region size 1024K, 91 young (93184K), 1 survivors (1024K)
 Metaspace       used 45561K, committed 46016K, reserved 393216K
  class space    used 6449K, committed 6656K, reserved 327680K
}
Event: 71.755 GC heap after
{Heap after GC invocations=10 (full 0):
 garbage-first heap   total 262144K, used 35988K [0x00000000e0000000, 0x0000000100000000)
  region size 1024K, 5 young (5120K), 5 survivors (5120K)
 Metaspace       used 45561K, committed 46016K, reserved 393216K
  class space    used 6449K, committed 6656K, reserved 327680K
}

Dll operation events (14 events):
Event: 0.361 Loaded shared library C:\Users\teady\.jdks\corretto-17.0.9\bin\java.dll
Event: 0.581 Loaded shared library C:\Users\teady\.jdks\corretto-17.0.9\bin\jsvml.dll
Event: 0.843 Loaded shared library C:\Users\teady\.jdks\corretto-17.0.9\bin\zip.dll
Event: 0.850 Loaded shared library C:\Users\teady\.jdks\corretto-17.0.9\bin\instrument.dll
Event: 0.865 Loaded shared library C:\Users\teady\.jdks\corretto-17.0.9\bin\net.dll
Event: 0.897 Loaded shared library C:\Users\teady\.jdks\corretto-17.0.9\bin\nio.dll
Event: 0.913 Loaded shared library C:\Users\teady\.jdks\corretto-17.0.9\bin\zip.dll
Event: 3.883 Loaded shared library C:\Users\teady\.jdks\corretto-17.0.9\bin\jimage.dll
Event: 4.696 Loaded shared library C:\Users\teady\.jdks\corretto-17.0.9\bin\verify.dll
Event: 6.686 Loaded shared library C:\Users\teady\.gradle\native\c067742578af261105cb4f569cf0c3c89f3d7b1fecec35dd04571415982c5e48\windows-amd64\native-platform.dll
Event: 6.710 Loaded shared library C:\Users\teady\.gradle\native\38dada09dfb8b06ba9b0570ebf7e218e3eb74d4ef43ca46872605cf95ebc2f47\windows-amd64\native-platform-file-events.dll
Event: 14.619 Loaded shared library C:\Users\teady\.jdks\corretto-17.0.9\bin\management.dll
Event: 14.686 Loaded shared library C:\Users\teady\.jdks\corretto-17.0.9\bin\management_ext.dll
Event: 19.359 Loaded shared library C:\Users\teady\.jdks\corretto-17.0.9\bin\sunmscapi.dll

Deoptimization events (20 events):
Event: 72.880 Thread 0x000002ab50744580 Uncommon trap: trap_request=0xffffffc6 fr.pc=0x000002ab2ad0a8a4 relative=0x00000000000027c4
Event: 72.880 Thread 0x000002ab50744580 Uncommon trap: reason=bimorphic_or_optimized_type_check action=maybe_recompile pc=0x000002ab2ad0a8a4 method=org.codehaus.groovy.runtime.metaclass.MetaMethodIndex.isOverridden(Lgroovy/lang/MetaMethod;Lgroovy/lang/MetaMethod;)Z @ 56 c2
Event: 72.880 Thread 0x000002ab50744580 DEOPT PACKING pc=0x000002ab2ad0a8a4 sp=0x000000f7a54f6e70
Event: 72.880 Thread 0x000002ab50744580 DEOPT UNPACKING pc=0x000002ab2a5669a3 sp=0x000000f7a54f6e28 mode 2
Event: 72.891 Thread 0x000002ab50744580 Uncommon trap: trap_request=0xffffffc6 fr.pc=0x000002ab2ad0a8a4 relative=0x00000000000027c4
Event: 72.891 Thread 0x000002ab50744580 Uncommon trap: reason=bimorphic_or_optimized_type_check action=maybe_recompile pc=0x000002ab2ad0a8a4 method=org.codehaus.groovy.runtime.metaclass.MetaMethodIndex.isOverridden(Lgroovy/lang/MetaMethod;Lgroovy/lang/MetaMethod;)Z @ 56 c2
Event: 72.891 Thread 0x000002ab50744580 DEOPT PACKING pc=0x000002ab2ad0a8a4 sp=0x000000f7a54f6f30
Event: 72.891 Thread 0x000002ab50744580 DEOPT UNPACKING pc=0x000002ab2a5669a3 sp=0x000000f7a54f6ee8 mode 2
Event: 72.895 Thread 0x000002ab50744580 Uncommon trap: trap_request=0xffffffc6 fr.pc=0x000002ab2ad0bea8 relative=0x0000000000003dc8
Event: 72.895 Thread 0x000002ab50744580 Uncommon trap: reason=bimorphic_or_optimized_type_check action=maybe_recompile pc=0x000002ab2ad0bea8 method=org.codehaus.groovy.runtime.metaclass.MetaMethodIndex.isOverridden(Lgroovy/lang/MetaMethod;Lgroovy/lang/MetaMethod;)Z @ 10 c2
Event: 72.895 Thread 0x000002ab50744580 DEOPT PACKING pc=0x000002ab2ad0bea8 sp=0x000000f7a54f6e90
Event: 72.895 Thread 0x000002ab50744580 DEOPT UNPACKING pc=0x000002ab2a5669a3 sp=0x000000f7a54f6e48 mode 2
Event: 72.946 Thread 0x000002ab50744580 Uncommon trap: trap_request=0xffffff45 fr.pc=0x000002ab2ac43638 relative=0x00000000000008f8
Event: 72.946 Thread 0x000002ab50744580 Uncommon trap: reason=unstable_if action=reinterpret pc=0x000002ab2ac43638 method=java.util.WeakHashMap.matchesKey(Ljava/util/WeakHashMap$Entry;Ljava/lang/Object;)Z @ 5 c2
Event: 72.946 Thread 0x000002ab50744580 DEOPT PACKING pc=0x000002ab2ac43638 sp=0x000000f7a54f6130
Event: 72.946 Thread 0x000002ab50744580 DEOPT UNPACKING pc=0x000002ab2a5669a3 sp=0x000000f7a54f6098 mode 2
Event: 73.052 Thread 0x000002ab50744580 Uncommon trap: trap_request=0xffffffc6 fr.pc=0x000002ab2ad0bea8 relative=0x0000000000003dc8
Event: 73.052 Thread 0x000002ab50744580 Uncommon trap: reason=bimorphic_or_optimized_type_check action=maybe_recompile pc=0x000002ab2ad0bea8 method=org.codehaus.groovy.runtime.metaclass.MetaMethodIndex.isOverridden(Lgroovy/lang/MetaMethod;Lgroovy/lang/MetaMethod;)Z @ 10 c2
Event: 73.052 Thread 0x000002ab50744580 DEOPT PACKING pc=0x000002ab2ad0bea8 sp=0x000000f7a54f5bc0
Event: 73.052 Thread 0x000002ab50744580 DEOPT UNPACKING pc=0x000002ab2a5669a3 sp=0x000000f7a54f5b78 mode 2

Classes unloaded (0 events):
No events

Classes redefined (0 events):
No events

Internal exceptions (20 events):
Event: 72.916 Thread 0x000002ab50744580 Exception <a 'java/lang/ClassNotFoundException'{0x00000000ef2d7d48}: org/gradle/api/internal/DefaultDomainObjectCollectionCustomizer> (0x00000000ef2d7d48) 
thrown [s\src\hotspot\share\classfile\systemDictionary.cpp, line 256]
Event: 72.923 Thread 0x000002ab50744580 Exception <a 'java/lang/ClassNotFoundException'{0x00000000ef10d5a0}: org/gradle/api/internal/DefaultNamedDomainObjectCollectionCustomizer> (0x00000000ef10d5a0) 
thrown [s\src\hotspot\share\classfile\systemDictionary.cpp, line 256]
Event: 72.946 Thread 0x000002ab50744580 Exception <a 'java/lang/ClassNotFoundException'{0x00000000ef148ee8}: org/gradle/api/internal/DefaultNamedDomainObjectSetCustomizer> (0x00000000ef148ee8) 
thrown [s\src\hotspot\share\classfile\systemDictionary.cpp, line 256]
Event: 72.951 Thread 0x000002ab50744580 Exception <a 'java/lang/ClassNotFoundException'{0x00000000ef175d40}: org/gradle/api/internal/AbstractNamedDomainObjectContainerCustomizer> (0x00000000ef175d40) 
thrown [s\src\hotspot\share\classfile\systemDictionary.cpp, line 256]
Event: 72.957 Thread 0x000002ab50744580 Exception <a 'java/lang/ClassNotFoundException'{0x00000000ef19d8e0}: org/gradle/api/internal/AbstractValidatingNamedDomainObjectContainerCustomizer> (0x00000000ef19d8e0) 
thrown [s\src\hotspot\share\classfile\systemDictionary.cpp, line 256]
Event: 72.960 Thread 0x000002ab50744580 Exception <a 'java/lang/ClassNotFoundException'{0x00000000ef1bfcb8}: org/gradle/api/internal/artifacts/configurations/DefaultConfigurationContainerCustomizer> (0x00000000ef1bfcb8) 
thrown [s\src\hotspot\share\classfile\systemDictionary.cpp, line 256]
Event: 72.965 Thread 0x000002ab50744580 Exception <a 'java/lang/ClassNotFoundException'{0x00000000ef005030}: org/gradle/api/internal/artifacts/configurations/DefaultConfigurationContainer_DecoratedCustomizer> (0x00000000ef005030) 
thrown [s\src\hotspot\share\classfile\systemDictionary.cpp, line 256]
Event: 73.056 Thread 0x000002ab50744580 Exception <a 'java/lang/ClassNotFoundException'{0x00000000eeec2aa0}: org/gradle/api/internal/artifacts/configurations/DefaultUnlockedConfiguration_DecoratedBeanInfo> (0x00000000eeec2aa0) 
thrown [s\src\hotspot\share\classfile\systemDictionary.cpp, line 256]
Event: 73.057 Thread 0x000002ab50744580 Exception <a 'java/lang/ClassNotFoundException'{0x00000000eeedbc10}: org/gradle/api/internal/artifacts/configurations/DefaultUnlockedConfigurationBeanInfo> (0x00000000eeedbc10) 
thrown [s\src\hotspot\share\classfile\systemDictionary.cpp, line 256]
Event: 73.059 Thread 0x000002ab50744580 Exception <a 'java/lang/ClassNotFoundException'{0x00000000eeef4b20}: org/gradle/api/internal/artifacts/configurations/DefaultConfigurationBeanInfo> (0x00000000eeef4b20) 
thrown [s\src\hotspot\share\classfile\systemDictionary.cpp, line 256]
Event: 73.061 Thread 0x000002ab50744580 Exception <a 'java/lang/ClassNotFoundException'{0x00000000eed0abc8}: org/gradle/api/internal/file/AbstractFileCollectionBeanInfo> (0x00000000eed0abc8) 
thrown [s\src\hotspot\share\classfile\systemDictionary.cpp, line 256]
Event: 73.063 Thread 0x000002ab50744580 Exception <a 'java/lang/ClassNotFoundException'{0x00000000eed20768}: org/gradle/api/internal/file/AbstractFileCollectionCustomizer> (0x00000000eed20768) 
thrown [s\src\hotspot\share\classfile\systemDictionary.cpp, line 256]
Event: 73.068 Thread 0x000002ab50744580 Exception <a 'java/lang/ClassNotFoundException'{0x00000000eed4ae78}: org/gradle/api/internal/artifacts/configurations/DefaultConfigurationCustomizer> (0x00000000eed4ae78) 
thrown [s\src\hotspot\share\classfile\systemDictionary.cpp, line 256]
Event: 73.074 Thread 0x000002ab50744580 Exception <a 'java/lang/ClassNotFoundException'{0x00000000eedbaa80}: org/gradle/api/internal/artifacts/configurations/DefaultUnlockedConfigurationCustomizer> (0x00000000eedbaa80) 
thrown [s\src\hotspot\share\classfile\systemDictionary.cpp, line 256]
Event: 73.079 Thread 0x000002ab50744580 Exception <a 'java/lang/ClassNotFoundException'{0x00000000eede21c8}: org/gradle/api/internal/artifacts/configurations/DefaultUnlockedConfiguration_DecoratedCustomizer> (0x00000000eede21c8) 
thrown [s\src\hotspot\share\classfile\systemDictionary.cpp, line 256]
Event: 73.215 Thread 0x000002ab50744580 Exception <a 'java/lang/ClassNotFoundException'{0x00000000ee835f48}: org/gradle/api/internal/artifacts/dsl/DefaultRepositoryHandler_DecoratedBeanInfo> (0x00000000ee835f48) 
thrown [s\src\hotspot\share\classfile\systemDictionary.cpp, line 256]
Event: 73.318 Thread 0x000002ab50744580 Exception <a 'java/lang/ClassNotFoundException'{0x00000000ee84c7b8}: org/gradle/api/internal/artifacts/dsl/DefaultRepositoryHandlerBeanInfo> (0x00000000ee84c7b8) 
thrown [s\src\hotspot\share\classfile\systemDictionary.cpp, line 256]
Event: 73.322 Thread 0x000002ab50744580 Exception <a 'java/lang/ClassNotFoundException'{0x00000000ee8631f0}: org/gradle/api/internal/artifacts/DefaultArtifactRepositoryContainerBeanInfo> (0x00000000ee8631f0) 
thrown [s\src\hotspot\share\classfile\systemDictionary.cpp, line 256]
Event: 73.330 Thread 0x000002ab50744580 Exception <a 'java/lang/ClassNotFoundException'{0x00000000ee877160}: org/gradle/api/internal/DefaultNamedDomainObjectListBeanInfo> (0x00000000ee877160) 
thrown [s\src\hotspot\share\classfile\systemDictionary.cpp, line 256]
Event: 73.348 Thread 0x000002ab50744580 Exception <a 'java/lang/ClassNotFoundException'{0x00000000ee88ae30}: org/gradle/api/internal/DefaultNamedDomainObjectListCustomizer> (0x00000000ee88ae30) 
thrown [s\src\hotspot\share\classfile\systemDictionary.cpp, line 256]

VM Operations (20 events):
Event: 63.819 Executing VM operation: HandshakeAllThreads
Event: 63.819 Executing VM operation: HandshakeAllThreads done
Event: 64.835 Executing VM operation: Cleanup
Event: 64.854 Executing VM operation: Cleanup done
Event: 65.867 Executing VM operation: Cleanup
Event: 65.887 Executing VM operation: Cleanup done
Event: 66.898 Executing VM operation: Cleanup
Event: 66.900 Executing VM operation: Cleanup done
Event: 67.908 Executing VM operation: Cleanup
Event: 67.908 Executing VM operation: Cleanup done
Event: 68.921 Executing VM operation: Cleanup
Event: 68.942 Executing VM operation: Cleanup done
Event: 69.943 Executing VM operation: Cleanup
Event: 69.964 Executing VM operation: Cleanup done
Event: 70.966 Executing VM operation: Cleanup
Event: 70.966 Executing VM operation: Cleanup done
Event: 71.702 Executing VM operation: G1CollectForAllocation
Event: 71.755 Executing VM operation: G1CollectForAllocation done
Event: 72.764 Executing VM operation: Cleanup
Event: 72.765 Executing VM operation: Cleanup done

Events (20 events):
Event: 67.002 loading class com/sun/org/apache/xerces/internal/utils/XMLSecurityPropertyManager$State done
Event: 67.002 loading class com/sun/org/apache/xerces/internal/utils/XMLSecurityPropertyManager$Property
Event: 67.002 loading class com/sun/org/apache/xerces/internal/utils/XMLSecurityPropertyManager$Property done
Event: 67.557 loading class java/util/regex/Pattern$SliceI
Event: 67.558 loading class java/util/regex/Pattern$SliceI done
Event: 67.775 Thread 0x000002ab50b63150 Thread added: 0x000002ab50b63150
Event: 67.813 loading class java/lang/Byte$ByteCache
Event: 67.813 loading class java/lang/Byte$ByteCache done
Event: 71.824 loading class sun/misc/SharedSecrets
Event: 71.824 loading class sun/misc/SharedSecrets done
Event: 72.911 loading class java/util/AbstractCollectionBeanInfo
Event: 72.911 loading class java/util/AbstractCollectionBeanInfo done
Event: 72.911 loading class java/util/AbstractCollectionBeanInfo
Event: 72.911 loading class java/util/AbstractCollectionBeanInfo done
Event: 72.911 loading class java/util/AbstractCollectionCustomizer
Event: 72.911 loading class java/util/AbstractCollectionCustomizer done
Event: 72.912 loading class java/util/AbstractCollectionCustomizer
Event: 72.912 loading class java/util/AbstractCollectionCustomizer done
Event: 72.913 loading class sun/reflect/generics/reflectiveObjects/GenericArrayTypeImpl
Event: 72.913 loading class sun/reflect/generics/reflectiveObjects/GenericArrayTypeImpl done


Dynamic libraries:
0x00007ff68fa40000 - 0x00007ff68fa4e000 	C:\Users\teady\.jdks\corretto-17.0.9\bin\java.exe
0x00007ffd4a610000 - 0x00007ffd4a827000 	C:\WINDOWS\SYSTEM32\ntdll.dll
0x00007ffd49a30000 - 0x00007ffd49af4000 	C:\WINDOWS\System32\KERNEL32.DLL
0x00007ffd47fb0000 - 0x00007ffd48356000 	C:\WINDOWS\System32\KERNELBASE.dll
0x00007ffd47ac0000 - 0x00007ffd47bd1000 	C:\WINDOWS\System32\ucrtbase.dll
0x00007ffd34ff0000 - 0x00007ffd35007000 	C:\Users\teady\.jdks\corretto-17.0.9\bin\jli.dll
0x00007ffd49640000 - 0x00007ffd497ee000 	C:\WINDOWS\System32\USER32.dll
0x00007ffd47f80000 - 0x00007ffd47fa6000 	C:\WINDOWS\System32\win32u.dll
0x00007ffd49b20000 - 0x00007ffd49b49000 	C:\WINDOWS\System32\GDI32.dll
0x00007ffd47c60000 - 0x00007ffd47d78000 	C:\WINDOWS\System32\gdi32full.dll
0x00007ffd47db0000 - 0x00007ffd47e4a000 	C:\WINDOWS\System32\msvcp_win.dll
0x00007ffd34ee0000 - 0x00007ffd34efb000 	C:\Users\teady\.jdks\corretto-17.0.9\bin\VCRUNTIME140.dll
0x00007ffd35870000 - 0x00007ffd35b03000 	C:\WINDOWS\WinSxS\amd64_microsoft.windows.common-controls_6595b64144ccf1df_6.0.22621.2506_none_270c5ae97388e100\COMCTL32.dll
0x00007ffd49e20000 - 0x00007ffd49ec7000 	C:\WINDOWS\System32\msvcrt.dll
0x00007ffd499f0000 - 0x00007ffd49a21000 	C:\WINDOWS\System32\IMM32.DLL
0x00007ffd3f820000 - 0x00007ffd3f82c000 	C:\Users\teady\.jdks\corretto-17.0.9\bin\vcruntime140_1.dll
0x00007ffd20500000 - 0x00007ffd2058d000 	C:\Users\teady\.jdks\corretto-17.0.9\bin\msvcp140.dll
0x00007ffcd7b30000 - 0x00007ffcd8791000 	C:\Users\teady\.jdks\corretto-17.0.9\bin\server\jvm.dll
0x00007ffd4a510000 - 0x00007ffd4a5c3000 	C:\WINDOWS\System32\ADVAPI32.dll
0x00007ffd48820000 - 0x00007ffd488c8000 	C:\WINDOWS\System32\sechost.dll
0x00007ffd47d80000 - 0x00007ffd47da8000 	C:\WINDOWS\System32\bcrypt.dll
0x00007ffd48500000 - 0x00007ffd48617000 	C:\WINDOWS\System32\RPCRT4.dll
0x00007ffd47820000 - 0x00007ffd4786d000 	C:\WINDOWS\SYSTEM32\POWRPROF.dll
0x00007ffd3eee0000 - 0x00007ffd3ef14000 	C:\WINDOWS\SYSTEM32\WINMM.dll
0x00007ffd310a0000 - 0x00007ffd310a9000 	C:\WINDOWS\SYSTEM32\WSOCK32.dll
0x00007ffd488e0000 - 0x00007ffd48951000 	C:\WINDOWS\System32\WS2_32.dll
0x00007ffd39890000 - 0x00007ffd3989a000 	C:\WINDOWS\SYSTEM32\VERSION.dll
0x00007ffd47800000 - 0x00007ffd47813000 	C:\WINDOWS\SYSTEM32\UMPDC.dll
0x00007ffd46980000 - 0x00007ffd46998000 	C:\WINDOWS\SYSTEM32\kernel.appcore.dll
0x00007ffd39730000 - 0x00007ffd3973a000 	C:\Users\teady\.jdks\corretto-17.0.9\bin\jimage.dll
0x00007ffd452e0000 - 0x00007ffd45513000 	C:\WINDOWS\SYSTEM32\DBGHELP.DLL
0x00007ffd49f40000 - 0x00007ffd4a2c9000 	C:\WINDOWS\System32\combase.dll
0x00007ffd49c40000 - 0x00007ffd49d17000 	C:\WINDOWS\System32\OLEAUT32.dll
0x00007ffd2cea0000 - 0x00007ffd2ced2000 	C:\WINDOWS\SYSTEM32\dbgcore.DLL
0x00007ffd47be0000 - 0x00007ffd47c5a000 	C:\WINDOWS\System32\bcryptPrimitives.dll
0x00007ffd395f0000 - 0x00007ffd395fe000 	C:\Users\teady\.jdks\corretto-17.0.9\bin\instrument.dll
0x00007ffd34530000 - 0x00007ffd34555000 	C:\Users\teady\.jdks\corretto-17.0.9\bin\java.dll
0x00007ffd10c80000 - 0x00007ffd10d57000 	C:\Users\teady\.jdks\corretto-17.0.9\bin\jsvml.dll
0x00007ffd48960000 - 0x00007ffd491ba000 	C:\WINDOWS\System32\SHELL32.dll
0x00007ffd458a0000 - 0x00007ffd46196000 	C:\WINDOWS\SYSTEM32\windows.storage.dll
0x00007ffd45760000 - 0x00007ffd4589e000 	C:\WINDOWS\SYSTEM32\wintypes.dll
0x00007ffd48400000 - 0x00007ffd484f3000 	C:\WINDOWS\System32\SHCORE.dll
0x00007ffd49b50000 - 0x00007ffd49bae000 	C:\WINDOWS\System32\shlwapi.dll
0x00007ffd47880000 - 0x00007ffd478a6000 	C:\WINDOWS\SYSTEM32\profapi.dll
0x00007ffd30b70000 - 0x00007ffd30b88000 	C:\Users\teady\.jdks\corretto-17.0.9\bin\zip.dll
0x00007ffd30b50000 - 0x00007ffd30b69000 	C:\Users\teady\.jdks\corretto-17.0.9\bin\net.dll
0x00007ffd41370000 - 0x00007ffd414a7000 	C:\WINDOWS\SYSTEM32\WINHTTP.dll
0x00007ffd46e00000 - 0x00007ffd46e69000 	C:\WINDOWS\system32\mswsock.dll
0x00007ffd30b30000 - 0x00007ffd30b46000 	C:\Users\teady\.jdks\corretto-17.0.9\bin\nio.dll
0x00007ffd36390000 - 0x00007ffd363a0000 	C:\Users\teady\.jdks\corretto-17.0.9\bin\verify.dll
0x00007ffd31ae0000 - 0x00007ffd31b07000 	C:\Users\teady\.gradle\native\c067742578af261105cb4f569cf0c3c89f3d7b1fecec35dd04571415982c5e48\windows-amd64\native-platform.dll
0x00007ffd10190000 - 0x00007ffd102d4000 	C:\Users\teady\.gradle\native\38dada09dfb8b06ba9b0570ebf7e218e3eb74d4ef43ca46872605cf95ebc2f47\windows-amd64\native-platform-file-events.dll
0x00007ffd34ed0000 - 0x00007ffd34ed9000 	C:\Users\teady\.jdks\corretto-17.0.9\bin\management.dll
0x00007ffd30b20000 - 0x00007ffd30b2b000 	C:\Users\teady\.jdks\corretto-17.0.9\bin\management_ext.dll
0x00007ffd483f0000 - 0x00007ffd483f8000 	C:\WINDOWS\System32\PSAPI.DLL
0x00007ffd47050000 - 0x00007ffd4706b000 	C:\WINDOWS\SYSTEM32\CRYPTSP.dll
0x00007ffd468e0000 - 0x00007ffd46915000 	C:\WINDOWS\system32\rsaenh.dll
0x00007ffd46ef0000 - 0x00007ffd46f1c000 	C:\WINDOWS\SYSTEM32\USERENV.dll
0x00007ffd47070000 - 0x00007ffd4707c000 	C:\WINDOWS\SYSTEM32\CRYPTBASE.dll
0x00007ffd46400000 - 0x00007ffd4642d000 	C:\WINDOWS\SYSTEM32\IPHLPAPI.DLL
0x00007ffd497f0000 - 0x00007ffd497f9000 	C:\WINDOWS\System32\NSI.dll
0x00007ffd3df70000 - 0x00007ffd3df89000 	C:\WINDOWS\SYSTEM32\dhcpcsvc6.DLL
0x00007ffd3df50000 - 0x00007ffd3df6f000 	C:\WINDOWS\SYSTEM32\dhcpcsvc.DLL
0x00007ffd46470000 - 0x00007ffd46569000 	C:\WINDOWS\SYSTEM32\DNSAPI.dll
0x00007ffd23bd0000 - 0x00007ffd23bde000 	C:\Users\teady\.jdks\corretto-17.0.9\bin\sunmscapi.dll
0x00007ffd47950000 - 0x00007ffd47ab6000 	C:\WINDOWS\System32\CRYPT32.dll
0x00007ffd47210000 - 0x00007ffd4723e000 	C:\WINDOWS\SYSTEM32\ncrypt.dll
0x00007ffd471d0000 - 0x00007ffd47207000 	C:\WINDOWS\SYSTEM32\NTASN1.dll
0x00007ffd35b90000 - 0x00007ffd35b98000 	C:\WINDOWS\system32\wshunix.dll

dbghelp: loaded successfully - version: 4.0.5 - missing functions: none
symbol engine: initialized successfully - sym options: 0x614 - pdb path: .;C:\Users\teady\.jdks\corretto-17.0.9\bin;C:\WINDOWS\SYSTEM32;C:\WINDOWS\WinSxS\amd64_microsoft.windows.common-controls_6595b64144ccf1df_6.0.22621.2506_none_270c5ae97388e100;C:\Users\teady\.jdks\corretto-17.0.9\bin\server;C:\Users\teady\.gradle\native\c067742578af261105cb4f569cf0c3c89f3d7b1fecec35dd04571415982c5e48\windows-amd64;C:\Users\teady\.gradle\native\38dada09dfb8b06ba9b0570ebf7e218e3eb74d4ef43ca46872605cf95ebc2f47\windows-amd64

VM Arguments:
jvm_args: --add-opens=java.base/java.util=ALL-UNNAMED --add-opens=java.base/java.lang=ALL-UNNAMED --add-opens=java.base/java.lang.invoke=ALL-UNNAMED --add-opens=java.prefs/java.util.prefs=ALL-UNNAMED --add-opens=java.base/java.nio.charset=ALL-UNNAMED --add-opens=java.base/java.net=ALL-UNNAMED --add-opens=java.base/java.util.concurrent.atomic=ALL-UNNAMED -XX:MaxMetaspaceSize=384m -XX:+HeapDumpOnOutOfMemoryError -Xms256m -Xmx512m -Dfile.encoding=x-windows-949 -Duser.country=KR -Duser.language=ko -Duser.variant -javaagent:C:\Users\teady\.gradle\wrapper\dists\gradle-8.5-bin\5t9huq95ubn472n8rpzujfbqh\gradle-8.5\lib\agents\gradle-instrumentation-agent-8.5.jar 
java_command: org.gradle.launcher.daemon.bootstrap.GradleDaemon 8.5
java_class_path (initial): C:\Users\teady\.gradle\wrapper\dists\gradle-8.5-bin\5t9huq95ubn472n8rpzujfbqh\gradle-8.5\lib\gradle-launcher-8.5.jar
Launcher Type: SUN_STANDARD

[Global flags]
     intx CICompilerCount                          = 3                                         {product} {ergonomic}
   size_t CompressedClassSpaceSize                 = 335544320                                 {product} {ergonomic}
     uint ConcGCThreads                            = 1                                         {product} {ergonomic}
     uint G1ConcRefinementThreads                  = 4                                         {product} {ergonomic}
   size_t G1HeapRegionSize                         = 1048576                                   {product} {ergonomic}
    uintx GCDrainStackTargetSize                   = 64                                        {product} {ergonomic}
     bool HeapDumpOnOutOfMemoryError               = true                                   {manageable} {command line}
   size_t InitialHeapSize                          = 268435456                                 {product} {command line}
   size_t MarkStackSize                            = 4194304                                   {product} {ergonomic}
   size_t MaxHeapSize                              = 536870912                                 {product} {command line}
   size_t MaxMetaspaceSize                         = 402653184                                 {product} {command line}
   size_t MaxNewSize                               = 321912832                                 {product} {ergonomic}
   size_t MinHeapDeltaBytes                        = 1048576                                   {product} {ergonomic}
   size_t MinHeapSize                              = 268435456                                 {product} {command line}
    uintx NonNMethodCodeHeapSize                   = 5832780                                {pd product} {ergonomic}
    uintx NonProfiledCodeHeapSize                  = 122912730                              {pd product} {ergonomic}
    uintx ProfiledCodeHeapSize                     = 122912730                              {pd product} {ergonomic}
    uintx ReservedCodeCacheSize                    = 251658240                              {pd product} {ergonomic}
     bool SegmentedCodeCache                       = true                                      {product} {ergonomic}
   size_t SoftMaxHeapSize                          = 536870912                              {manageable} {ergonomic}
     bool UseCompressedClassPointers               = true                           {product lp64_product} {ergonomic}
     bool UseCompressedOops                        = true                           {product lp64_product} {ergonomic}
     bool UseG1GC                                  = true                                      {product} {ergonomic}
     bool UseLargePagesIndividualAllocation        = false                                  {pd product} {ergonomic}

Logging:
Log output configuration:
 #0: stdout all=warning uptime,level,tags
 #1: stderr all=off uptime,level,tags

Environment Variables:
JAVA_HOME=C:\Program Files\Java\jdk-11
PATH=C:\Program Files\Java\jdk-11\bin;C:\Program Files\Java\scripts;C:\Program Files\Java\jdk-11;C:\Program Files\Java\jdk-17;C:\app\teady\product\11.2.0\dbhome_1\bin;C:\Program Files (x86)\Intel\iCLS Client\;C:\Program Files\Intel\iCLS Client\;C:\WINDOWS\system32;C:\WINDOWS;C:\WINDOWS\System32\Wbem;C:\WINDOWS\System32\WindowsPowerShell\v1.0\;C:\WINDOWS\System32\OpenSSH\;C:\Program Files (x86)\Intel\Intel(R) Management Engine Components\DAL;C:\Program Files\Intel\Intel(R) Management Engine Components\DAL;C:\Program Files (x86)\Intel\Intel(R) Management Engine Components\IPT;C:\Program Files\Intel\Intel(R) Management Engine Components\IPT;C:\Program Files\Git\cmd;C:\Program Files\nodejs\;C:\Users\teady\AppData\Local\Microsoft\WindowsApps;C:\Program Files\Bandizip\;;C:\Users\teady\AppData\Local\Programs\Microsoft VS Code\bin;C:\Users\teady\AppData\Roaming\npm;C:\Program Files\JetBrains\IntelliJ IDEA Community Edition 2023.3.1\bin;
USERNAME=teady
OS=Windows_NT
PROCESSOR_IDENTIFIER=Intel64 Family 6 Model 142 Stepping 10, GenuineIntel
TMP=C:\Users\teady\AppData\Local\Temp
TEMP=C:\Users\teady\AppData\Local\Temp



Periodic native trim disabled


---------------  S Y S T E M  ---------------

OS:
 Windows 11 , 64 bit Build 22621 (10.0.22621.2506)
OS uptime: 5 days 21:04 hours

CPU: total 4 (initial active 4) (2 cores per cpu, 2 threads per core) family 6 model 142 stepping 10 microcode 0xe0, cx8, cmov, fxsr, ht, mmx, 3dnowpref, sse, sse2, sse3, ssse3, sse4.1, sse4.2, popcnt, lzcnt, tsc, tscinvbit, avx, avx2, aes, erms, clmul, bmi1, bmi2, adx, fma, vzeroupper, clflush, clflushopt
Processor Information for all 4 processors :
  Max Mhz: 2208, Current Mhz: 2208, Mhz Limit: 2208

Memory: 4k page, system-wide physical 3929M (353M free)
TotalPageFile size 16217M (AvailPageFile size 465M)
current process WorkingSet (physical memory assigned to process): 217M, peak: 232M
current process commit charge ("private bytes"): 446M, peak: 451M

vm_info: OpenJDK 64-Bit Server VM (17.0.9+8-LTS) for windows-amd64 JRE (17.0.9+8-LTS), built on Oct 12 2023 16:15:33 by "Administrator" with MS VC++ 16.10 / 16.11 (VS2019)

END.
